Files already downloaded and verified
Files already downloaded and verified
Model Architecture:  ComplexConv(
  (conv1): Conv2d(3, 64, kernel_size=(3, 3), stride=(1, 1))
  (conv2): Conv2d(64, 128, kernel_size=(3, 3), stride=(1, 1))
  (conv3): Conv2d(128, 256, kernel_size=(3, 3), stride=(1, 1))
  (pool): MaxPool2d(kernel_size=2, stride=2, padding=0, dilation=1, ceil_mode=False)
  (fc1): Linear(in_features=1024, out_features=128, bias=True)
  (fc2): Linear(in_features=128, out_features=256, bias=True)
  (classifier): Linear(in_features=256, out_features=10, bias=False)
)
Using device:  cuda
Train Data Shape:  (50000, 32, 32, 3)
Train Epoch: 1 [0/50000 (0%)]	Loss: 2.307081	Temp: 1.000000
Train Epoch: 1 [1280/50000 (3%)]	Loss: 2.282025	Temp: 1.000000
Train Epoch: 1 [2560/50000 (5%)]	Loss: 2.249506	Temp: 1.000000
Train Epoch: 1 [3840/50000 (8%)]	Loss: 2.225306	Temp: 1.000000
Train Epoch: 1 [5120/50000 (10%)]	Loss: 2.153934	Temp: 1.000000
Train Epoch: 1 [6400/50000 (13%)]	Loss: 2.061427	Temp: 1.000000
Train Epoch: 1 [7680/50000 (15%)]	Loss: 2.089148	Temp: 1.000000
Train Epoch: 1 [8960/50000 (18%)]	Loss: 1.870155	Temp: 1.000000
Train Epoch: 1 [10240/50000 (20%)]	Loss: 2.066644	Temp: 1.000000
Train Epoch: 1 [11520/50000 (23%)]	Loss: 1.947122	Temp: 1.000000
Train Epoch: 1 [12800/50000 (26%)]	Loss: 2.023815	Temp: 1.000000
Train Epoch: 1 [14080/50000 (28%)]	Loss: 1.895885	Temp: 1.000000
Train Epoch: 1 [15360/50000 (31%)]	Loss: 1.820914	Temp: 1.000000
Train Epoch: 1 [16640/50000 (33%)]	Loss: 1.837033	Temp: 1.000000
Train Epoch: 1 [17920/50000 (36%)]	Loss: 1.914151	Temp: 1.000000
Train Epoch: 1 [19200/50000 (38%)]	Loss: 1.859794	Temp: 1.000000
Train Epoch: 1 [20480/50000 (41%)]	Loss: 1.849828	Temp: 1.000000
Train Epoch: 1 [21760/50000 (43%)]	Loss: 1.739263	Temp: 1.000000
Train Epoch: 1 [23040/50000 (46%)]	Loss: 1.680147	Temp: 1.000000
Train Epoch: 1 [24320/50000 (49%)]	Loss: 1.610225	Temp: 1.000000
Train Epoch: 1 [25600/50000 (51%)]	Loss: 1.696237	Temp: 1.000000
Train Epoch: 1 [26880/50000 (54%)]	Loss: 1.687469	Temp: 1.000000
Train Epoch: 1 [28160/50000 (56%)]	Loss: 1.625809	Temp: 1.000000
Train Epoch: 1 [29440/50000 (59%)]	Loss: 1.622982	Temp: 1.000000
Train Epoch: 1 [30720/50000 (61%)]	Loss: 1.709928	Temp: 1.000000
Train Epoch: 1 [32000/50000 (64%)]	Loss: 1.716930	Temp: 1.000000
Train Epoch: 1 [33280/50000 (66%)]	Loss: 1.614947	Temp: 1.000000
Train Epoch: 1 [34560/50000 (69%)]	Loss: 1.520794	Temp: 1.000000
Train Epoch: 1 [35840/50000 (72%)]	Loss: 1.629829	Temp: 1.000000
Train Epoch: 1 [37120/50000 (74%)]	Loss: 1.595616	Temp: 1.000000
Train Epoch: 1 [38400/50000 (77%)]	Loss: 1.542634	Temp: 1.000000
Train Epoch: 1 [39680/50000 (79%)]	Loss: 1.642931	Temp: 1.000000
Train Epoch: 1 [40960/50000 (82%)]	Loss: 1.699106	Temp: 1.000000
Train Epoch: 1 [42240/50000 (84%)]	Loss: 1.647120	Temp: 1.000000
Train Epoch: 1 [43520/50000 (87%)]	Loss: 1.570295	Temp: 1.000000
Train Epoch: 1 [44800/50000 (90%)]	Loss: 1.451648	Temp: 1.000000
Train Epoch: 1 [46080/50000 (92%)]	Loss: 1.550977	Temp: 1.000000
Train Epoch: 1 [47360/50000 (95%)]	Loss: 1.739790	Temp: 1.000000
Train Epoch: 1 [48640/50000 (97%)]	Loss: 1.593833	Temp: 1.000000
Train Epoch: 1 [31200/50000 (100%)]	Loss: 1.350077	Temp: 1.000000

Test set: Average loss: 0.0123, Accuracy: 4343/10000 (43.43%)

Confusion Matrix:
 [[503 105  39  14  11   6  18  39 196  69]
 [ 37 667   2  10   3   1  21  17 108 134]
 [ 94  42 268  79 122  41 181 116  21  36]
 [ 39  42 102 212  53 143 175 150  13  71]
 [ 48  44 135  40 290  36 220 141  15  31]
 [ 29  23 109 122  57 321  92 185  19  43]
 [  8  32  61  39  70  22 662  45   4  57]
 [ 34  44  56  43  78  62  57 525  19  82]
 [197 187  14  13   4   5  14  14 446 106]
 [ 34 299  11  11   5   1  39  44 107 449]]
Train Epoch: 2 [0/50000 (0%)]	Loss: 1.491085	Temp: 1.000000
Train Epoch: 2 [1280/50000 (3%)]	Loss: 1.556316	Temp: 1.000000
Train Epoch: 2 [2560/50000 (5%)]	Loss: 1.507433	Temp: 1.000000
Train Epoch: 2 [3840/50000 (8%)]	Loss: 1.465878	Temp: 1.000000
Train Epoch: 2 [5120/50000 (10%)]	Loss: 1.487426	Temp: 1.000000
Train Epoch: 2 [6400/50000 (13%)]	Loss: 1.543980	Temp: 1.000000
Train Epoch: 2 [7680/50000 (15%)]	Loss: 1.532642	Temp: 1.000000
Train Epoch: 2 [8960/50000 (18%)]	Loss: 1.508080	Temp: 1.000000
Train Epoch: 2 [10240/50000 (20%)]	Loss: 1.501285	Temp: 1.000000
Train Epoch: 2 [11520/50000 (23%)]	Loss: 1.547972	Temp: 1.000000
Train Epoch: 2 [12800/50000 (26%)]	Loss: 1.628268	Temp: 1.000000
Train Epoch: 2 [14080/50000 (28%)]	Loss: 1.525568	Temp: 0.999990
Train Epoch: 2 [15360/50000 (31%)]	Loss: 1.386545	Temp: 0.999990
Train Epoch: 2 [16640/50000 (33%)]	Loss: 1.356892	Temp: 0.999990
Train Epoch: 2 [17920/50000 (36%)]	Loss: 1.557841	Temp: 0.999990
Train Epoch: 2 [19200/50000 (38%)]	Loss: 1.382905	Temp: 0.999990
Train Epoch: 2 [20480/50000 (41%)]	Loss: 1.573464	Temp: 0.999990
Train Epoch: 2 [21760/50000 (43%)]	Loss: 1.441220	Temp: 0.999990
Train Epoch: 2 [23040/50000 (46%)]	Loss: 1.535997	Temp: 0.999990
Train Epoch: 2 [24320/50000 (49%)]	Loss: 1.506168	Temp: 0.999990
Train Epoch: 2 [25600/50000 (51%)]	Loss: 1.463834	Temp: 0.999990
Train Epoch: 2 [26880/50000 (54%)]	Loss: 1.467973	Temp: 0.999990
Train Epoch: 2 [28160/50000 (56%)]	Loss: 1.396360	Temp: 0.999990
Train Epoch: 2 [29440/50000 (59%)]	Loss: 1.585944	Temp: 0.999990
Train Epoch: 2 [30720/50000 (61%)]	Loss: 1.447331	Temp: 0.999990
Train Epoch: 2 [32000/50000 (64%)]	Loss: 1.474282	Temp: 0.999990
Train Epoch: 2 [33280/50000 (66%)]	Loss: 1.466327	Temp: 0.999990
Train Epoch: 2 [34560/50000 (69%)]	Loss: 1.556944	Temp: 0.999990
Train Epoch: 2 [35840/50000 (72%)]	Loss: 1.472134	Temp: 0.999990
Train Epoch: 2 [37120/50000 (74%)]	Loss: 1.331407	Temp: 0.999990
Train Epoch: 2 [38400/50000 (77%)]	Loss: 1.433032	Temp: 0.999990
Train Epoch: 2 [39680/50000 (79%)]	Loss: 1.539219	Temp: 0.999990
Train Epoch: 2 [40960/50000 (82%)]	Loss: 1.477858	Temp: 0.999990
Train Epoch: 2 [42240/50000 (84%)]	Loss: 1.538728	Temp: 0.999990
Train Epoch: 2 [43520/50000 (87%)]	Loss: 1.497328	Temp: 0.999990
Train Epoch: 2 [44800/50000 (90%)]	Loss: 1.542765	Temp: 0.999990
Train Epoch: 2 [46080/50000 (92%)]	Loss: 1.503381	Temp: 0.999990
Train Epoch: 2 [47360/50000 (95%)]	Loss: 1.370871	Temp: 0.999990
Train Epoch: 2 [48640/50000 (97%)]	Loss: 1.356532	Temp: 0.999990
Train Epoch: 2 [31200/50000 (100%)]	Loss: 1.395519	Temp: 0.999990

Test set: Average loss: 0.0114, Accuracy: 4847/10000 (48.47%)

Confusion Matrix:
 [[602  23  64  37  17  17  29  39 136  36]
 [104 404   8  31   7   9  31  41 141 224]
 [ 86   6 274 110 166 117 125  92  11  13]
 [ 27   7  65 343  67 239 117 105   6  24]
 [ 49   4 105  68 399  72 137 143  14   9]
 [ 11   1  73 159  59 509  38 129   9  12]
 [ 11   5  48  93 110  35 651  31   4  12]
 [ 27   0  22  81  62 120  28 628   9  23]
 [267  45  24  25  10  15  18  22 504  70]
 [ 67  69  17  49   8  22  46  69 120 533]]
Train Epoch: 3 [0/50000 (0%)]	Loss: 1.463265	Temp: 0.999990
Train Epoch: 3 [1280/50000 (3%)]	Loss: 1.385597	Temp: 0.999990
Train Epoch: 3 [2560/50000 (5%)]	Loss: 1.368513	Temp: 0.999990
Train Epoch: 3 [3840/50000 (8%)]	Loss: 1.563013	Temp: 0.999990
Train Epoch: 3 [5120/50000 (10%)]	Loss: 1.297605	Temp: 0.999990
Train Epoch: 3 [6400/50000 (13%)]	Loss: 1.332024	Temp: 0.999990
Train Epoch: 3 [7680/50000 (15%)]	Loss: 1.483215	Temp: 0.999990
Train Epoch: 3 [8960/50000 (18%)]	Loss: 1.445871	Temp: 0.999990
Train Epoch: 3 [10240/50000 (20%)]	Loss: 1.379006	Temp: 0.999990
Train Epoch: 3 [11520/50000 (23%)]	Loss: 1.480596	Temp: 0.999990
Train Epoch: 3 [12800/50000 (26%)]	Loss: 1.309827	Temp: 0.999990
Train Epoch: 3 [14080/50000 (28%)]	Loss: 1.419019	Temp: 0.999990
Train Epoch: 3 [15360/50000 (31%)]	Loss: 1.532814	Temp: 0.999990
Train Epoch: 3 [16640/50000 (33%)]	Loss: 1.409948	Temp: 0.999990
Train Epoch: 3 [17920/50000 (36%)]	Loss: 1.414197	Temp: 0.999990
Train Epoch: 3 [19200/50000 (38%)]	Loss: 1.314259	Temp: 0.999990
Train Epoch: 3 [20480/50000 (41%)]	Loss: 1.279439	Temp: 0.999990
Train Epoch: 3 [21760/50000 (43%)]	Loss: 1.384683	Temp: 0.999990
Train Epoch: 3 [23040/50000 (46%)]	Loss: 1.469604	Temp: 0.999990
Train Epoch: 3 [24320/50000 (49%)]	Loss: 1.290805	Temp: 0.999990
Train Epoch: 3 [25600/50000 (51%)]	Loss: 1.311996	Temp: 0.999990
Train Epoch: 3 [26880/50000 (54%)]	Loss: 1.273059	Temp: 0.999990
Train Epoch: 3 [28160/50000 (56%)]	Loss: 1.317217	Temp: 0.999980
Train Epoch: 3 [29440/50000 (59%)]	Loss: 1.418015	Temp: 0.999980
Train Epoch: 3 [30720/50000 (61%)]	Loss: 1.515479	Temp: 0.999980
Train Epoch: 3 [32000/50000 (64%)]	Loss: 1.392257	Temp: 0.999980
Train Epoch: 3 [33280/50000 (66%)]	Loss: 1.475387	Temp: 0.999980
Train Epoch: 3 [34560/50000 (69%)]	Loss: 1.372216	Temp: 0.999980
Train Epoch: 3 [35840/50000 (72%)]	Loss: 1.304582	Temp: 0.999980
Train Epoch: 3 [37120/50000 (74%)]	Loss: 1.240701	Temp: 0.999980
Train Epoch: 3 [38400/50000 (77%)]	Loss: 1.217790	Temp: 0.999980
Train Epoch: 3 [39680/50000 (79%)]	Loss: 1.437619	Temp: 0.999980
Train Epoch: 3 [40960/50000 (82%)]	Loss: 1.450435	Temp: 0.999980
Train Epoch: 3 [42240/50000 (84%)]	Loss: 1.337103	Temp: 0.999980
Train Epoch: 3 [43520/50000 (87%)]	Loss: 1.298012	Temp: 0.999980
Train Epoch: 3 [44800/50000 (90%)]	Loss: 1.358160	Temp: 0.999980
Train Epoch: 3 [46080/50000 (92%)]	Loss: 1.677551	Temp: 0.999980
Train Epoch: 3 [47360/50000 (95%)]	Loss: 1.273958	Temp: 0.999980
Train Epoch: 3 [48640/50000 (97%)]	Loss: 1.302415	Temp: 0.999980
Train Epoch: 3 [31200/50000 (100%)]	Loss: 1.357916	Temp: 0.999980

Test set: Average loss: 0.0105, Accuracy: 5212/10000 (52.12%)

Confusion Matrix:
 [[395  71  66  14  14  12  31  45 264  88]
 [  8 713   5   6   2   3  16  19  74 154]
 [ 56  33 380  50  85  82 152 101  33  28]
 [ 15  24  90 220  54 221 181 138  17  40]
 [ 29  24 156  37 306  52 185 173  23  15]
 [  5  11  80  93  43 440  80 210  15  23]
 [  4  19  59  35  47  19 749  25   9  34]
 [  7  15  25  32  43  74  34 704  13  53]
 [ 51 102  17  12   6  15  14  15 698  70]
 [ 13 201  11   9   1   7  28  44  79 607]]
Train Epoch: 4 [0/50000 (0%)]	Loss: 1.300923	Temp: 0.999980
Train Epoch: 4 [1280/50000 (3%)]	Loss: 1.337747	Temp: 0.999980
Train Epoch: 4 [2560/50000 (5%)]	Loss: 1.386700	Temp: 0.999980
Train Epoch: 4 [3840/50000 (8%)]	Loss: 1.334613	Temp: 0.999980
Train Epoch: 4 [5120/50000 (10%)]	Loss: 1.356454	Temp: 0.999980
Train Epoch: 4 [6400/50000 (13%)]	Loss: 1.317204	Temp: 0.999980
Train Epoch: 4 [7680/50000 (15%)]	Loss: 1.244656	Temp: 0.999980
Train Epoch: 4 [8960/50000 (18%)]	Loss: 1.246086	Temp: 0.999980
Train Epoch: 4 [10240/50000 (20%)]	Loss: 1.231400	Temp: 0.999980
Train Epoch: 4 [11520/50000 (23%)]	Loss: 1.361649	Temp: 0.999980
Train Epoch: 4 [12800/50000 (26%)]	Loss: 1.317004	Temp: 0.999980
Train Epoch: 4 [14080/50000 (28%)]	Loss: 1.396074	Temp: 0.999980
Train Epoch: 4 [15360/50000 (31%)]	Loss: 1.313609	Temp: 0.999980
Train Epoch: 4 [16640/50000 (33%)]	Loss: 1.141509	Temp: 0.999980
Train Epoch: 4 [17920/50000 (36%)]	Loss: 1.356732	Temp: 0.999980
Train Epoch: 4 [19200/50000 (38%)]	Loss: 0.972246	Temp: 0.999980
Train Epoch: 4 [20480/50000 (41%)]	Loss: 1.174857	Temp: 0.999980
Train Epoch: 4 [21760/50000 (43%)]	Loss: 1.265373	Temp: 0.999980
Train Epoch: 4 [23040/50000 (46%)]	Loss: 1.266098	Temp: 0.999980
Train Epoch: 4 [24320/50000 (49%)]	Loss: 1.173955	Temp: 0.999980
Train Epoch: 4 [25600/50000 (51%)]	Loss: 1.190336	Temp: 0.999980
Train Epoch: 4 [26880/50000 (54%)]	Loss: 1.310234	Temp: 0.999980
Train Epoch: 4 [28160/50000 (56%)]	Loss: 1.258610	Temp: 0.999980
Train Epoch: 4 [29440/50000 (59%)]	Loss: 1.329557	Temp: 0.999980
Train Epoch: 4 [30720/50000 (61%)]	Loss: 1.153787	Temp: 0.999980
Train Epoch: 4 [32000/50000 (64%)]	Loss: 1.415903	Temp: 0.999980
Train Epoch: 4 [33280/50000 (66%)]	Loss: 1.291759	Temp: 0.999980
Train Epoch: 4 [34560/50000 (69%)]	Loss: 1.303882	Temp: 0.999980
Train Epoch: 4 [35840/50000 (72%)]	Loss: 1.389279	Temp: 0.999980
Train Epoch: 4 [37120/50000 (74%)]	Loss: 1.094450	Temp: 0.999980
Train Epoch: 4 [38400/50000 (77%)]	Loss: 1.233705	Temp: 0.999980
Train Epoch: 4 [39680/50000 (79%)]	Loss: 1.320623	Temp: 0.999980
Train Epoch: 4 [40960/50000 (82%)]	Loss: 1.267658	Temp: 0.999980
Train Epoch: 4 [42240/50000 (84%)]	Loss: 1.061552	Temp: 0.999970
Train Epoch: 4 [43520/50000 (87%)]	Loss: 1.056249	Temp: 0.999970
Train Epoch: 4 [44800/50000 (90%)]	Loss: 1.268067	Temp: 0.999970
Train Epoch: 4 [46080/50000 (92%)]	Loss: 1.145684	Temp: 0.999970
Train Epoch: 4 [47360/50000 (95%)]	Loss: 1.228204	Temp: 0.999970
Train Epoch: 4 [48640/50000 (97%)]	Loss: 1.333954	Temp: 0.999970
Train Epoch: 4 [31200/50000 (100%)]	Loss: 1.229274	Temp: 0.999970

Test set: Average loss: 0.0098, Accuracy: 5600/10000 (56.00%)

Confusion Matrix:
 [[664  43  81  14  11  13  21  21  89  43]
 [ 61 685  12  11   4   6  15  16  51 139]
 [ 89  15 437  80  89  95 109  56  14  16]
 [ 32  13  88 350  50 253 113  64  15  22]
 [ 52  17 145  61 363 101 121 125  12   3]
 [ 20   5  83 148  45 553  39  85  11  11]
 [ 12  13  64  74  64  30 709  15   7  12]
 [ 33   5  28  44  51 125  15 658   8  33]
 [206  70  23  18   4  11  11   8 602  47]
 [ 66 156  14  18   1  21  30  53  62 579]]
Train Epoch: 5 [0/50000 (0%)]	Loss: 1.271534	Temp: 0.999970
Train Epoch: 5 [1280/50000 (3%)]	Loss: 1.113666	Temp: 0.999970
Train Epoch: 5 [2560/50000 (5%)]	Loss: 1.304935	Temp: 0.999970
Train Epoch: 5 [3840/50000 (8%)]	Loss: 1.301312	Temp: 0.999970
Train Epoch: 5 [5120/50000 (10%)]	Loss: 1.399085	Temp: 0.999970
Train Epoch: 5 [6400/50000 (13%)]	Loss: 1.191956	Temp: 0.999970
Train Epoch: 5 [7680/50000 (15%)]	Loss: 1.115830	Temp: 0.999970
Train Epoch: 5 [8960/50000 (18%)]	Loss: 1.304002	Temp: 0.999970
Train Epoch: 5 [10240/50000 (20%)]	Loss: 1.296037	Temp: 0.999970
Train Epoch: 5 [11520/50000 (23%)]	Loss: 1.158144	Temp: 0.999970
Train Epoch: 5 [12800/50000 (26%)]	Loss: 1.356239	Temp: 0.999970
Train Epoch: 5 [14080/50000 (28%)]	Loss: 1.169961	Temp: 0.999970
Train Epoch: 5 [15360/50000 (31%)]	Loss: 1.202146	Temp: 0.999970
Train Epoch: 5 [16640/50000 (33%)]	Loss: 1.215870	Temp: 0.999970
Train Epoch: 5 [17920/50000 (36%)]	Loss: 1.248262	Temp: 0.999970
Train Epoch: 5 [19200/50000 (38%)]	Loss: 1.252260	Temp: 0.999970
Train Epoch: 5 [20480/50000 (41%)]	Loss: 1.192516	Temp: 0.999970
Train Epoch: 5 [21760/50000 (43%)]	Loss: 1.092965	Temp: 0.999970
Train Epoch: 5 [23040/50000 (46%)]	Loss: 1.220740	Temp: 0.999970
Train Epoch: 5 [24320/50000 (49%)]	Loss: 1.121162	Temp: 0.999970
Train Epoch: 5 [25600/50000 (51%)]	Loss: 1.144549	Temp: 0.999970
Train Epoch: 5 [26880/50000 (54%)]	Loss: 1.240693	Temp: 0.999970
Train Epoch: 5 [28160/50000 (56%)]	Loss: 1.215196	Temp: 0.999970
Train Epoch: 5 [29440/50000 (59%)]	Loss: 1.374450	Temp: 0.999970
Train Epoch: 5 [30720/50000 (61%)]	Loss: 1.038638	Temp: 0.999970
Train Epoch: 5 [32000/50000 (64%)]	Loss: 1.121714	Temp: 0.999970
Train Epoch: 5 [33280/50000 (66%)]	Loss: 1.160671	Temp: 0.999970
Train Epoch: 5 [34560/50000 (69%)]	Loss: 1.273539	Temp: 0.999970
Train Epoch: 5 [35840/50000 (72%)]	Loss: 1.168347	Temp: 0.999970
Train Epoch: 5 [37120/50000 (74%)]	Loss: 1.171666	Temp: 0.999970
Train Epoch: 5 [38400/50000 (77%)]	Loss: 1.108880	Temp: 0.999970
Train Epoch: 5 [39680/50000 (79%)]	Loss: 1.195949	Temp: 0.999970
Train Epoch: 5 [40960/50000 (82%)]	Loss: 1.118953	Temp: 0.999970
Train Epoch: 5 [42240/50000 (84%)]	Loss: 1.090576	Temp: 0.999970
Train Epoch: 5 [43520/50000 (87%)]	Loss: 1.225356	Temp: 0.999970
Train Epoch: 5 [44800/50000 (90%)]	Loss: 1.285362	Temp: 0.999970
Train Epoch: 5 [46080/50000 (92%)]	Loss: 1.271874	Temp: 0.999970
Train Epoch: 5 [47360/50000 (95%)]	Loss: 1.207297	Temp: 0.999970
Train Epoch: 5 [48640/50000 (97%)]	Loss: 1.308432	Temp: 0.999970
Train Epoch: 5 [31200/50000 (100%)]	Loss: 1.161419	Temp: 0.999970

Test set: Average loss: 0.0097, Accuracy: 5559/10000 (55.59%)

Confusion Matrix:
 [[473  39  51  12  15   9  45   3 303  50]
 [ 13 673   5  12   2   6  22   4 116 147]
 [ 69  17 305  81 122  97 208  17  64  20]
 [ 17  12  40 334  55 231 231   9  49  22]
 [ 26  13  66  55 399  83 253  59  38   8]
 [  9   7  39 149  49 543 112  31  44  17]
 [  2  11  20  34  20  10 876   6  16   5]
 [ 17  13  13  57  95 145  66 499  26  69]
 [ 32  47   9  12   4   7  14   2 846  27]
 [ 19 158   7  15   4  15  40   8 123 611]]
Train Epoch: 6 [0/50000 (0%)]	Loss: 1.321716	Temp: 0.999970
Train Epoch: 6 [1280/50000 (3%)]	Loss: 1.175267	Temp: 0.999970
Train Epoch: 6 [2560/50000 (5%)]	Loss: 1.260682	Temp: 0.999970
Train Epoch: 6 [3840/50000 (8%)]	Loss: 1.214983	Temp: 0.999970
Train Epoch: 6 [5120/50000 (10%)]	Loss: 1.090473	Temp: 0.999970
Train Epoch: 6 [6400/50000 (13%)]	Loss: 1.171694	Temp: 0.999960
Train Epoch: 6 [7680/50000 (15%)]	Loss: 1.148308	Temp: 0.999960
Train Epoch: 6 [8960/50000 (18%)]	Loss: 1.134403	Temp: 0.999960
Train Epoch: 6 [10240/50000 (20%)]	Loss: 1.196672	Temp: 0.999960
Train Epoch: 6 [11520/50000 (23%)]	Loss: 1.123353	Temp: 0.999960
Train Epoch: 6 [12800/50000 (26%)]	Loss: 1.161731	Temp: 0.999960
Train Epoch: 6 [14080/50000 (28%)]	Loss: 1.003128	Temp: 0.999960
Train Epoch: 6 [15360/50000 (31%)]	Loss: 1.092531	Temp: 0.999960
Train Epoch: 6 [16640/50000 (33%)]	Loss: 1.250912	Temp: 0.999960
Train Epoch: 6 [17920/50000 (36%)]	Loss: 1.121992	Temp: 0.999960
Train Epoch: 6 [19200/50000 (38%)]	Loss: 1.135575	Temp: 0.999960
Train Epoch: 6 [20480/50000 (41%)]	Loss: 1.157186	Temp: 0.999960
Train Epoch: 6 [21760/50000 (43%)]	Loss: 1.202114	Temp: 0.999960
Train Epoch: 6 [23040/50000 (46%)]	Loss: 0.942376	Temp: 0.999960
Train Epoch: 6 [24320/50000 (49%)]	Loss: 1.277436	Temp: 0.999960
Train Epoch: 6 [25600/50000 (51%)]	Loss: 1.053515	Temp: 0.999960
Train Epoch: 6 [26880/50000 (54%)]	Loss: 1.211195	Temp: 0.999960
Train Epoch: 6 [28160/50000 (56%)]	Loss: 1.082075	Temp: 0.999960
Train Epoch: 6 [29440/50000 (59%)]	Loss: 1.032686	Temp: 0.999960
Train Epoch: 6 [30720/50000 (61%)]	Loss: 1.020503	Temp: 0.999960
Train Epoch: 6 [32000/50000 (64%)]	Loss: 1.201186	Temp: 0.999960
Train Epoch: 6 [33280/50000 (66%)]	Loss: 1.140250	Temp: 0.999960
Train Epoch: 6 [34560/50000 (69%)]	Loss: 1.074778	Temp: 0.999960
Train Epoch: 6 [35840/50000 (72%)]	Loss: 1.214405	Temp: 0.999960
Train Epoch: 6 [37120/50000 (74%)]	Loss: 1.176643	Temp: 0.999960
Train Epoch: 6 [38400/50000 (77%)]	Loss: 1.199270	Temp: 0.999960
Train Epoch: 6 [39680/50000 (79%)]	Loss: 1.133188	Temp: 0.999960
Train Epoch: 6 [40960/50000 (82%)]	Loss: 1.147688	Temp: 0.999960
Train Epoch: 6 [42240/50000 (84%)]	Loss: 0.996031	Temp: 0.999960
Train Epoch: 6 [43520/50000 (87%)]	Loss: 1.233789	Temp: 0.999960
Train Epoch: 6 [44800/50000 (90%)]	Loss: 1.277748	Temp: 0.999960
Train Epoch: 6 [46080/50000 (92%)]	Loss: 1.068185	Temp: 0.999960
Train Epoch: 6 [47360/50000 (95%)]	Loss: 1.290348	Temp: 0.999960
Train Epoch: 6 [48640/50000 (97%)]	Loss: 1.326453	Temp: 0.999960
Train Epoch: 6 [31200/50000 (100%)]	Loss: 1.328552	Temp: 0.999960

Test set: Average loss: 0.0091, Accuracy: 5899/10000 (58.99%)

Confusion Matrix:
 [[608  44  90   8  31  10  28   8 146  27]
 [ 29 766  28   8   5   6  16   8  63  71]
 [ 67  15 498  39 145  76 101  29  24   6]
 [ 18  12 121 247 119 264 150  35  25   9]
 [ 33  10 118  24 537  58 124  77  18   1]
 [ 11  10 108  77  94 566  56  59  16   3]
 [  5   7  65  29  60  19 796   7  10   2]
 [ 14  14  48  31 123  97  29 613  11  20]
 [ 92  55  27  13  10  12  13   6 757  15]
 [ 38 229  26  15  12  20  36  31  82 511]]
Train Epoch: 7 [0/50000 (0%)]	Loss: 1.029110	Temp: 0.999960
Train Epoch: 7 [1280/50000 (3%)]	Loss: 0.967569	Temp: 0.999960
Train Epoch: 7 [2560/50000 (5%)]	Loss: 1.142270	Temp: 0.999960
Train Epoch: 7 [3840/50000 (8%)]	Loss: 0.918058	Temp: 0.999960
Train Epoch: 7 [5120/50000 (10%)]	Loss: 1.232581	Temp: 0.999960
Train Epoch: 7 [6400/50000 (13%)]	Loss: 0.948557	Temp: 0.999960
Train Epoch: 7 [7680/50000 (15%)]	Loss: 1.115774	Temp: 0.999960
Train Epoch: 7 [8960/50000 (18%)]	Loss: 1.134577	Temp: 0.999960
Train Epoch: 7 [10240/50000 (20%)]	Loss: 1.196166	Temp: 0.999960
Train Epoch: 7 [11520/50000 (23%)]	Loss: 1.133978	Temp: 0.999960
Train Epoch: 7 [12800/50000 (26%)]	Loss: 1.042492	Temp: 0.999960
Train Epoch: 7 [14080/50000 (28%)]	Loss: 0.985519	Temp: 0.999960
Train Epoch: 7 [15360/50000 (31%)]	Loss: 1.145175	Temp: 0.999960
Train Epoch: 7 [16640/50000 (33%)]	Loss: 1.046502	Temp: 0.999960
Train Epoch: 7 [17920/50000 (36%)]	Loss: 1.205853	Temp: 0.999960
Train Epoch: 7 [19200/50000 (38%)]	Loss: 0.976242	Temp: 0.999960
Train Epoch: 7 [20480/50000 (41%)]	Loss: 1.197506	Temp: 0.999950
Train Epoch: 7 [21760/50000 (43%)]	Loss: 1.178422	Temp: 0.999950
Train Epoch: 7 [23040/50000 (46%)]	Loss: 1.096631	Temp: 0.999950
Train Epoch: 7 [24320/50000 (49%)]	Loss: 1.168477	Temp: 0.999950
Train Epoch: 7 [25600/50000 (51%)]	Loss: 1.026484	Temp: 0.999950
Train Epoch: 7 [26880/50000 (54%)]	Loss: 1.063363	Temp: 0.999950
Train Epoch: 7 [28160/50000 (56%)]	Loss: 1.288849	Temp: 0.999950
Train Epoch: 7 [29440/50000 (59%)]	Loss: 1.082137	Temp: 0.999950
Train Epoch: 7 [30720/50000 (61%)]	Loss: 1.201823	Temp: 0.999950
Train Epoch: 7 [32000/50000 (64%)]	Loss: 1.120545	Temp: 0.999950
Train Epoch: 7 [33280/50000 (66%)]	Loss: 1.092408	Temp: 0.999950
Train Epoch: 7 [34560/50000 (69%)]	Loss: 1.120557	Temp: 0.999950
Train Epoch: 7 [35840/50000 (72%)]	Loss: 1.185665	Temp: 0.999950
Train Epoch: 7 [37120/50000 (74%)]	Loss: 1.079965	Temp: 0.999950
Train Epoch: 7 [38400/50000 (77%)]	Loss: 1.120260	Temp: 0.999950
Train Epoch: 7 [39680/50000 (79%)]	Loss: 1.085588	Temp: 0.999950
Train Epoch: 7 [40960/50000 (82%)]	Loss: 1.080909	Temp: 0.999950
Train Epoch: 7 [42240/50000 (84%)]	Loss: 1.122312	Temp: 0.999950
Train Epoch: 7 [43520/50000 (87%)]	Loss: 1.021812	Temp: 0.999950
Train Epoch: 7 [44800/50000 (90%)]	Loss: 1.066198	Temp: 0.999950
Train Epoch: 7 [46080/50000 (92%)]	Loss: 1.221242	Temp: 0.999950
Train Epoch: 7 [47360/50000 (95%)]	Loss: 1.102239	Temp: 0.999950
Train Epoch: 7 [48640/50000 (97%)]	Loss: 1.062450	Temp: 0.999950
Train Epoch: 7 [31200/50000 (100%)]	Loss: 1.218330	Temp: 0.999950

Test set: Average loss: 0.0086, Accuracy: 6128/10000 (61.28%)

Confusion Matrix:
 [[668  32  54  16  17   1  17  12 119  64]
 [ 25 739   5   7   4   3   8   4  42 163]
 [ 89  22 449  88 130  43  79  51  24  25]
 [ 32  19  69 451  96 104  82  74  30  43]
 [ 42  15  95  58 526  22  80 125  20  17]
 [ 17  11  76 234  72 389  34 122  16  29]
 [ 14  15  42  75  75   6 717  14  10  32]
 [ 26  11  21  53  74  48   6 686  11  64]
 [ 92  50  12  15   7   2   5   8 762  47]
 [ 31 129   6  11   3   4  12  16  47 741]]
Train Epoch: 8 [0/50000 (0%)]	Loss: 1.235566	Temp: 0.999950
Train Epoch: 8 [1280/50000 (3%)]	Loss: 1.043585	Temp: 0.999950
Train Epoch: 8 [2560/50000 (5%)]	Loss: 1.057337	Temp: 0.999950
Train Epoch: 8 [3840/50000 (8%)]	Loss: 1.238547	Temp: 0.999950
Train Epoch: 8 [5120/50000 (10%)]	Loss: 1.144601	Temp: 0.999950
Train Epoch: 8 [6400/50000 (13%)]	Loss: 1.135524	Temp: 0.999950
Train Epoch: 8 [7680/50000 (15%)]	Loss: 1.060863	Temp: 0.999950
Train Epoch: 8 [8960/50000 (18%)]	Loss: 1.092611	Temp: 0.999950
Train Epoch: 8 [10240/50000 (20%)]	Loss: 0.930728	Temp: 0.999950
Train Epoch: 8 [11520/50000 (23%)]	Loss: 0.953449	Temp: 0.999950
Train Epoch: 8 [12800/50000 (26%)]	Loss: 1.104458	Temp: 0.999950
Train Epoch: 8 [14080/50000 (28%)]	Loss: 1.076122	Temp: 0.999950
Train Epoch: 8 [15360/50000 (31%)]	Loss: 1.156517	Temp: 0.999950
Train Epoch: 8 [16640/50000 (33%)]	Loss: 0.949491	Temp: 0.999950
Train Epoch: 8 [17920/50000 (36%)]	Loss: 1.090279	Temp: 0.999950
Train Epoch: 8 [19200/50000 (38%)]	Loss: 0.953218	Temp: 0.999950
Train Epoch: 8 [20480/50000 (41%)]	Loss: 0.901112	Temp: 0.999950
Train Epoch: 8 [21760/50000 (43%)]	Loss: 1.113972	Temp: 0.999950
Train Epoch: 8 [23040/50000 (46%)]	Loss: 0.934386	Temp: 0.999950
Train Epoch: 8 [24320/50000 (49%)]	Loss: 1.061747	Temp: 0.999950
Train Epoch: 8 [25600/50000 (51%)]	Loss: 1.076760	Temp: 0.999950
Train Epoch: 8 [26880/50000 (54%)]	Loss: 1.070125	Temp: 0.999950
Train Epoch: 8 [28160/50000 (56%)]	Loss: 0.993678	Temp: 0.999950
Train Epoch: 8 [29440/50000 (59%)]	Loss: 1.032681	Temp: 0.999950
Train Epoch: 8 [30720/50000 (61%)]	Loss: 0.951250	Temp: 0.999950
Train Epoch: 8 [32000/50000 (64%)]	Loss: 1.012055	Temp: 0.999950
Train Epoch: 8 [33280/50000 (66%)]	Loss: 1.225156	Temp: 0.999950
Train Epoch: 8 [34560/50000 (69%)]	Loss: 0.908738	Temp: 0.999940
Train Epoch: 8 [35840/50000 (72%)]	Loss: 1.101950	Temp: 0.999940
Train Epoch: 8 [37120/50000 (74%)]	Loss: 1.011761	Temp: 0.999940
Train Epoch: 8 [38400/50000 (77%)]	Loss: 0.933327	Temp: 0.999940
Train Epoch: 8 [39680/50000 (79%)]	Loss: 0.947861	Temp: 0.999940
Train Epoch: 8 [40960/50000 (82%)]	Loss: 1.047009	Temp: 0.999940
Train Epoch: 8 [42240/50000 (84%)]	Loss: 1.082833	Temp: 0.999940
Train Epoch: 8 [43520/50000 (87%)]	Loss: 1.123178	Temp: 0.999940
Train Epoch: 8 [44800/50000 (90%)]	Loss: 1.082024	Temp: 0.999940
Train Epoch: 8 [46080/50000 (92%)]	Loss: 1.009462	Temp: 0.999940
Train Epoch: 8 [47360/50000 (95%)]	Loss: 0.874034	Temp: 0.999940
Train Epoch: 8 [48640/50000 (97%)]	Loss: 1.126244	Temp: 0.999940
Train Epoch: 8 [31200/50000 (100%)]	Loss: 0.811354	Temp: 0.999940

Test set: Average loss: 0.0083, Accuracy: 6242/10000 (62.42%)

Confusion Matrix:
 [[703  31  86  13  21   4  24  21  72  25]
 [ 39 767  10  15   4   9  14  17  34  91]
 [ 64  12 508  49 100  77 108  64  10   8]
 [ 23  13  87 339  77 226 129  79  13  14]
 [ 30   3  99  35 500  51 116 149  15   2]
 [ 12   9  73 116  52 560  46 118   9   5]
 [ 10   6  51  48  49  20 784  18   7   7]
 [ 19   5  24  30  65  74  14 750   4  15]
 [131  56  23  21   8   8   8  10 711  24]
 [ 52 165  15  15   3  15  20  54  41 620]]
Train Epoch: 9 [0/50000 (0%)]	Loss: 0.907245	Temp: 0.999940
Train Epoch: 9 [1280/50000 (3%)]	Loss: 1.204668	Temp: 0.999940
Train Epoch: 9 [2560/50000 (5%)]	Loss: 0.982673	Temp: 0.999940
Train Epoch: 9 [3840/50000 (8%)]	Loss: 1.044327	Temp: 0.999940
Train Epoch: 9 [5120/50000 (10%)]	Loss: 0.976046	Temp: 0.999940
Train Epoch: 9 [6400/50000 (13%)]	Loss: 0.965154	Temp: 0.999940
Train Epoch: 9 [7680/50000 (15%)]	Loss: 0.933930	Temp: 0.999940
Train Epoch: 9 [8960/50000 (18%)]	Loss: 1.019711	Temp: 0.999940
Train Epoch: 9 [10240/50000 (20%)]	Loss: 0.923022	Temp: 0.999940
Train Epoch: 9 [11520/50000 (23%)]	Loss: 1.079590	Temp: 0.999940
Train Epoch: 9 [12800/50000 (26%)]	Loss: 0.883188	Temp: 0.999940
Train Epoch: 9 [14080/50000 (28%)]	Loss: 1.047452	Temp: 0.999940
Train Epoch: 9 [15360/50000 (31%)]	Loss: 0.883009	Temp: 0.999940
Train Epoch: 9 [16640/50000 (33%)]	Loss: 0.868026	Temp: 0.999940
Train Epoch: 9 [17920/50000 (36%)]	Loss: 0.962985	Temp: 0.999940
Train Epoch: 9 [19200/50000 (38%)]	Loss: 1.008534	Temp: 0.999940
Train Epoch: 9 [20480/50000 (41%)]	Loss: 1.055916	Temp: 0.999940
Train Epoch: 9 [21760/50000 (43%)]	Loss: 0.952581	Temp: 0.999940
Train Epoch: 9 [23040/50000 (46%)]	Loss: 1.002958	Temp: 0.999940
Train Epoch: 9 [24320/50000 (49%)]	Loss: 1.021150	Temp: 0.999940
Train Epoch: 9 [25600/50000 (51%)]	Loss: 0.912213	Temp: 0.999940
Train Epoch: 9 [26880/50000 (54%)]	Loss: 1.007496	Temp: 0.999940
Train Epoch: 9 [28160/50000 (56%)]	Loss: 1.103145	Temp: 0.999940
Train Epoch: 9 [29440/50000 (59%)]	Loss: 1.059191	Temp: 0.999940
Train Epoch: 9 [30720/50000 (61%)]	Loss: 0.884379	Temp: 0.999940
Train Epoch: 9 [32000/50000 (64%)]	Loss: 0.983293	Temp: 0.999940
Train Epoch: 9 [33280/50000 (66%)]	Loss: 0.980156	Temp: 0.999940
Train Epoch: 9 [34560/50000 (69%)]	Loss: 0.990657	Temp: 0.999940
Train Epoch: 9 [35840/50000 (72%)]	Loss: 1.137694	Temp: 0.999940
Train Epoch: 9 [37120/50000 (74%)]	Loss: 1.101279	Temp: 0.999940
Train Epoch: 9 [38400/50000 (77%)]	Loss: 1.073511	Temp: 0.999940
Train Epoch: 9 [39680/50000 (79%)]	Loss: 0.977842	Temp: 0.999940
Train Epoch: 9 [40960/50000 (82%)]	Loss: 0.992249	Temp: 0.999940
Train Epoch: 9 [42240/50000 (84%)]	Loss: 1.031723	Temp: 0.999940
Train Epoch: 9 [43520/50000 (87%)]	Loss: 1.139016	Temp: 0.999940
Train Epoch: 9 [44800/50000 (90%)]	Loss: 0.974532	Temp: 0.999940
Train Epoch: 9 [46080/50000 (92%)]	Loss: 0.911483	Temp: 0.999940
Train Epoch: 9 [47360/50000 (95%)]	Loss: 0.907992	Temp: 0.999940
Train Epoch: 9 [48640/50000 (97%)]	Loss: 0.997247	Temp: 0.999930
Train Epoch: 9 [31200/50000 (100%)]	Loss: 0.937060	Temp: 0.999930

Test set: Average loss: 0.0082, Accuracy: 6375/10000 (63.75%)

Confusion Matrix:
 [[634  59  50  14  51   9  20  35  70  58]
 [  8 811   6  12   7   9  11  17  14 105]
 [ 65  15 442  63 175  71  72  73  13  11]
 [ 13  14  56 407 144 179  79  83  11  14]
 [ 11   6  58  29 661  37  56 126  10   6]
 [  7   9  45 141 100 542  28 116   8   4]
 [  5   8  42  67 100  15 732  20   4   7]
 [  8   5  14  30  93  56   6 769   3  16]
 [ 95  81  15  24  16  11   7  15 680  56]
 [ 21 158   6  16   6  12  13  55  16 697]]
Train Epoch: 10 [0/50000 (0%)]	Loss: 0.875057	Temp: 0.999930
Train Epoch: 10 [1280/50000 (3%)]	Loss: 1.000816	Temp: 0.999930
Train Epoch: 10 [2560/50000 (5%)]	Loss: 0.956801	Temp: 0.999930
Train Epoch: 10 [3840/50000 (8%)]	Loss: 1.111518	Temp: 0.999930
Train Epoch: 10 [5120/50000 (10%)]	Loss: 1.128026	Temp: 0.999930
Train Epoch: 10 [6400/50000 (13%)]	Loss: 0.926133	Temp: 0.999930
Train Epoch: 10 [7680/50000 (15%)]	Loss: 0.957279	Temp: 0.999930
Train Epoch: 10 [8960/50000 (18%)]	Loss: 0.895350	Temp: 0.999930
Train Epoch: 10 [10240/50000 (20%)]	Loss: 0.986864	Temp: 0.999930
Train Epoch: 10 [11520/50000 (23%)]	Loss: 0.832270	Temp: 0.999930
Train Epoch: 10 [12800/50000 (26%)]	Loss: 1.006703	Temp: 0.999930
Train Epoch: 10 [14080/50000 (28%)]	Loss: 0.821198	Temp: 0.999930
Train Epoch: 10 [15360/50000 (31%)]	Loss: 1.005570	Temp: 0.999930
Train Epoch: 10 [16640/50000 (33%)]	Loss: 0.988946	Temp: 0.999930
Train Epoch: 10 [17920/50000 (36%)]	Loss: 0.946108	Temp: 0.999930
Train Epoch: 10 [19200/50000 (38%)]	Loss: 1.141042	Temp: 0.999930
Train Epoch: 10 [20480/50000 (41%)]	Loss: 0.975670	Temp: 0.999930
Train Epoch: 10 [21760/50000 (43%)]	Loss: 0.828730	Temp: 0.999930
Train Epoch: 10 [23040/50000 (46%)]	Loss: 0.943846	Temp: 0.999930
Train Epoch: 10 [24320/50000 (49%)]	Loss: 0.953414	Temp: 0.999930
Train Epoch: 10 [25600/50000 (51%)]	Loss: 1.088675	Temp: 0.999930
Train Epoch: 10 [26880/50000 (54%)]	Loss: 0.947012	Temp: 0.999930
Train Epoch: 10 [28160/50000 (56%)]	Loss: 1.003239	Temp: 0.999930
Train Epoch: 10 [29440/50000 (59%)]	Loss: 1.038072	Temp: 0.999930
Train Epoch: 10 [30720/50000 (61%)]	Loss: 0.921687	Temp: 0.999930
Train Epoch: 10 [32000/50000 (64%)]	Loss: 0.886741	Temp: 0.999930
Train Epoch: 10 [33280/50000 (66%)]	Loss: 0.890885	Temp: 0.999930
Train Epoch: 10 [34560/50000 (69%)]	Loss: 1.057231	Temp: 0.999930
Train Epoch: 10 [35840/50000 (72%)]	Loss: 1.003557	Temp: 0.999930
Train Epoch: 10 [37120/50000 (74%)]	Loss: 0.812067	Temp: 0.999930
Train Epoch: 10 [38400/50000 (77%)]	Loss: 1.012097	Temp: 0.999930
Train Epoch: 10 [39680/50000 (79%)]	Loss: 0.883144	Temp: 0.999930
Train Epoch: 10 [40960/50000 (82%)]	Loss: 1.092277	Temp: 0.999930
Train Epoch: 10 [42240/50000 (84%)]	Loss: 0.951969	Temp: 0.999930
Train Epoch: 10 [43520/50000 (87%)]	Loss: 0.896915	Temp: 0.999930
Train Epoch: 10 [44800/50000 (90%)]	Loss: 0.981837	Temp: 0.999930
Train Epoch: 10 [46080/50000 (92%)]	Loss: 0.987295	Temp: 0.999930
Train Epoch: 10 [47360/50000 (95%)]	Loss: 1.020249	Temp: 0.999930
Train Epoch: 10 [48640/50000 (97%)]	Loss: 0.980263	Temp: 0.999930
Train Epoch: 10 [31200/50000 (100%)]	Loss: 0.902071	Temp: 0.999930

Test set: Average loss: 0.0081, Accuracy: 6428/10000 (64.28%)

Confusion Matrix:
 [[598  17 127  22  31  10  24  14 125  32]
 [ 32 648  26  16   6  15  23  16  80 138]
 [ 40   3 559  65  84  79 106  42  15   7]
 [ 14   4  88 476  63 195 106  33  14   7]
 [ 11   1 105  65 539  55 116  85  19   4]
 [  3   4  75 174  51 579  45  60   6   3]
 [  3   2  44  61  35  17 816  12   7   3]
 [  9   1  33  51  89  92  16 691   7  11]
 [ 61  21  21  27  10  13   8   7 811  21]
 [ 26  65  23  29   6  18  23  33  66 711]]
Train Epoch: 11 [0/50000 (0%)]	Loss: 0.726777	Temp: 0.999930
Train Epoch: 11 [1280/50000 (3%)]	Loss: 0.876863	Temp: 0.999930
Train Epoch: 11 [2560/50000 (5%)]	Loss: 1.036897	Temp: 0.999930
Train Epoch: 11 [3840/50000 (8%)]	Loss: 0.852781	Temp: 0.999930
Train Epoch: 11 [5120/50000 (10%)]	Loss: 0.848941	Temp: 0.999930
Train Epoch: 11 [6400/50000 (13%)]	Loss: 0.973775	Temp: 0.999930
Train Epoch: 11 [7680/50000 (15%)]	Loss: 0.875512	Temp: 0.999930
Train Epoch: 11 [8960/50000 (18%)]	Loss: 0.835828	Temp: 0.999930
Train Epoch: 11 [10240/50000 (20%)]	Loss: 0.955729	Temp: 0.999930
Train Epoch: 11 [11520/50000 (23%)]	Loss: 0.991129	Temp: 0.999920
Train Epoch: 11 [12800/50000 (26%)]	Loss: 0.968399	Temp: 0.999920
Train Epoch: 11 [14080/50000 (28%)]	Loss: 0.816849	Temp: 0.999920
Train Epoch: 11 [15360/50000 (31%)]	Loss: 1.001192	Temp: 0.999920
Train Epoch: 11 [16640/50000 (33%)]	Loss: 0.976369	Temp: 0.999920
Train Epoch: 11 [17920/50000 (36%)]	Loss: 1.087980	Temp: 0.999920
Train Epoch: 11 [19200/50000 (38%)]	Loss: 1.028714	Temp: 0.999920
Train Epoch: 11 [20480/50000 (41%)]	Loss: 0.843687	Temp: 0.999920
Train Epoch: 11 [21760/50000 (43%)]	Loss: 0.867136	Temp: 0.999920
Train Epoch: 11 [23040/50000 (46%)]	Loss: 0.845085	Temp: 0.999920
Train Epoch: 11 [24320/50000 (49%)]	Loss: 1.078967	Temp: 0.999920
Train Epoch: 11 [25600/50000 (51%)]	Loss: 0.973871	Temp: 0.999920
Train Epoch: 11 [26880/50000 (54%)]	Loss: 1.018107	Temp: 0.999920
Train Epoch: 11 [28160/50000 (56%)]	Loss: 1.107067	Temp: 0.999920
Train Epoch: 11 [29440/50000 (59%)]	Loss: 0.876052	Temp: 0.999920
Train Epoch: 11 [30720/50000 (61%)]	Loss: 0.862119	Temp: 0.999920
Train Epoch: 11 [32000/50000 (64%)]	Loss: 0.859121	Temp: 0.999920
Train Epoch: 11 [33280/50000 (66%)]	Loss: 0.804572	Temp: 0.999920
Train Epoch: 11 [34560/50000 (69%)]	Loss: 0.948022	Temp: 0.999920
Train Epoch: 11 [35840/50000 (72%)]	Loss: 0.800449	Temp: 0.999920
Train Epoch: 11 [37120/50000 (74%)]	Loss: 0.921308	Temp: 0.999920
Train Epoch: 11 [38400/50000 (77%)]	Loss: 1.323981	Temp: 0.999920
Train Epoch: 11 [39680/50000 (79%)]	Loss: 1.003158	Temp: 0.999920
Train Epoch: 11 [40960/50000 (82%)]	Loss: 1.049999	Temp: 0.999920
Train Epoch: 11 [42240/50000 (84%)]	Loss: 0.942818	Temp: 0.999920
Train Epoch: 11 [43520/50000 (87%)]	Loss: 1.011633	Temp: 0.999920
Train Epoch: 11 [44800/50000 (90%)]	Loss: 0.881593	Temp: 0.999920
Train Epoch: 11 [46080/50000 (92%)]	Loss: 0.838699	Temp: 0.999920
Train Epoch: 11 [47360/50000 (95%)]	Loss: 0.878572	Temp: 0.999920
Train Epoch: 11 [48640/50000 (97%)]	Loss: 1.040870	Temp: 0.999920
Train Epoch: 11 [31200/50000 (100%)]	Loss: 0.723917	Temp: 0.999920

Test set: Average loss: 0.0078, Accuracy: 6486/10000 (64.86%)

Confusion Matrix:
 [[636  41  39  32  17   9  25   5 140  56]
 [ 11 768   3  16   0  10  13   2  34 143]
 [ 71  16 413 110  79 113 121  31  26  20]
 [ 20  16  29 526  41 203  98  24  19  24]
 [ 27   8  54 102 494  80 117  83  28   7]
 [ 11  10  28 202  39 612  40  32  14  12]
 [  6   8  23  74  24  23 814   8  10  10]
 [ 16   9  13  82  58 117  19 632   8  46]
 [ 44  54  10  25   3   6   7   1 807  43]
 [ 13  99   6  27   2  12  13   5  39 784]]
Train Epoch: 12 [0/50000 (0%)]	Loss: 0.906633	Temp: 0.999920
Train Epoch: 12 [1280/50000 (3%)]	Loss: 0.763249	Temp: 0.999920
Train Epoch: 12 [2560/50000 (5%)]	Loss: 0.945800	Temp: 0.999920
Train Epoch: 12 [3840/50000 (8%)]	Loss: 0.921600	Temp: 0.999920
Train Epoch: 12 [5120/50000 (10%)]	Loss: 1.135040	Temp: 0.999920
Train Epoch: 12 [6400/50000 (13%)]	Loss: 0.877496	Temp: 0.999920
Train Epoch: 12 [7680/50000 (15%)]	Loss: 0.784468	Temp: 0.999920
Train Epoch: 12 [8960/50000 (18%)]	Loss: 0.900178	Temp: 0.999920
Train Epoch: 12 [10240/50000 (20%)]	Loss: 0.960134	Temp: 0.999920
Train Epoch: 12 [11520/50000 (23%)]	Loss: 0.903756	Temp: 0.999920
Train Epoch: 12 [12800/50000 (26%)]	Loss: 0.987613	Temp: 0.999920
Train Epoch: 12 [14080/50000 (28%)]	Loss: 1.010617	Temp: 0.999920
Train Epoch: 12 [15360/50000 (31%)]	Loss: 0.838995	Temp: 0.999920
Train Epoch: 12 [16640/50000 (33%)]	Loss: 0.952909	Temp: 0.999920
Train Epoch: 12 [17920/50000 (36%)]	Loss: 0.907772	Temp: 0.999920
Train Epoch: 12 [19200/50000 (38%)]	Loss: 0.852474	Temp: 0.999920
Train Epoch: 12 [20480/50000 (41%)]	Loss: 0.868583	Temp: 0.999920
Train Epoch: 12 [21760/50000 (43%)]	Loss: 0.759732	Temp: 0.999920
Train Epoch: 12 [23040/50000 (46%)]	Loss: 0.781359	Temp: 0.999920
Train Epoch: 12 [24320/50000 (49%)]	Loss: 0.862906	Temp: 0.999920
Train Epoch: 12 [25600/50000 (51%)]	Loss: 0.995781	Temp: 0.999910
Train Epoch: 12 [26880/50000 (54%)]	Loss: 0.959076	Temp: 0.999910
Train Epoch: 12 [28160/50000 (56%)]	Loss: 0.852336	Temp: 0.999910
Train Epoch: 12 [29440/50000 (59%)]	Loss: 1.031806	Temp: 0.999910
Train Epoch: 12 [30720/50000 (61%)]	Loss: 0.878889	Temp: 0.999910
Train Epoch: 12 [32000/50000 (64%)]	Loss: 0.812703	Temp: 0.999910
Train Epoch: 12 [33280/50000 (66%)]	Loss: 0.892478	Temp: 0.999910
Train Epoch: 12 [34560/50000 (69%)]	Loss: 0.886168	Temp: 0.999910
Train Epoch: 12 [35840/50000 (72%)]	Loss: 0.921613	Temp: 0.999910
Train Epoch: 12 [37120/50000 (74%)]	Loss: 0.743311	Temp: 0.999910
Train Epoch: 12 [38400/50000 (77%)]	Loss: 0.889773	Temp: 0.999910
Train Epoch: 12 [39680/50000 (79%)]	Loss: 0.997012	Temp: 0.999910
Train Epoch: 12 [40960/50000 (82%)]	Loss: 0.795812	Temp: 0.999910
Train Epoch: 12 [42240/50000 (84%)]	Loss: 0.857440	Temp: 0.999910
Train Epoch: 12 [43520/50000 (87%)]	Loss: 0.905870	Temp: 0.999910
Train Epoch: 12 [44800/50000 (90%)]	Loss: 0.921742	Temp: 0.999910
Train Epoch: 12 [46080/50000 (92%)]	Loss: 0.992262	Temp: 0.999910
Train Epoch: 12 [47360/50000 (95%)]	Loss: 0.859811	Temp: 0.999910
Train Epoch: 12 [48640/50000 (97%)]	Loss: 0.838425	Temp: 0.999910
Train Epoch: 12 [31200/50000 (100%)]	Loss: 0.848096	Temp: 0.999910

Test set: Average loss: 0.0078, Accuracy: 6609/10000 (66.09%)

Confusion Matrix:
 [[662  26  64  24  39   1  20  24  90  50]
 [ 19 707   8  21   7   5  15  12  34 172]
 [ 54   8 497  81 120  33 100  78  13  16]
 [ 16  10  52 531  85  74 109  95   9  19]
 [ 11   2  51  47 608  14  91 154  18   4]
 [  6   6  52 273  66 399  45 136   5  12]
 [  2   4  31  58  45   8 821  19   3   9]
 [  6   2  16  40  70  28  14 801   4  19]
 [ 58  35  13  35  12   3   8  13 777  46]
 [ 14  50   5  22   7   4  14  44  34 806]]
Train Epoch: 13 [0/50000 (0%)]	Loss: 0.886196	Temp: 0.999910
Train Epoch: 13 [1280/50000 (3%)]	Loss: 0.847406	Temp: 0.999910
Train Epoch: 13 [2560/50000 (5%)]	Loss: 0.848275	Temp: 0.999910
Train Epoch: 13 [3840/50000 (8%)]	Loss: 0.983433	Temp: 0.999910
Train Epoch: 13 [5120/50000 (10%)]	Loss: 0.765602	Temp: 0.999910
Train Epoch: 13 [6400/50000 (13%)]	Loss: 0.873563	Temp: 0.999910
Train Epoch: 13 [7680/50000 (15%)]	Loss: 0.860032	Temp: 0.999910
Train Epoch: 13 [8960/50000 (18%)]	Loss: 1.122420	Temp: 0.999910
Train Epoch: 13 [10240/50000 (20%)]	Loss: 0.853626	Temp: 0.999910
Train Epoch: 13 [11520/50000 (23%)]	Loss: 0.831303	Temp: 0.999910
Train Epoch: 13 [12800/50000 (26%)]	Loss: 0.906708	Temp: 0.999910
Train Epoch: 13 [14080/50000 (28%)]	Loss: 0.786517	Temp: 0.999910
Train Epoch: 13 [15360/50000 (31%)]	Loss: 0.915509	Temp: 0.999910
Train Epoch: 13 [16640/50000 (33%)]	Loss: 0.838868	Temp: 0.999910
Train Epoch: 13 [17920/50000 (36%)]	Loss: 0.729717	Temp: 0.999910
Train Epoch: 13 [19200/50000 (38%)]	Loss: 0.943266	Temp: 0.999910
Train Epoch: 13 [20480/50000 (41%)]	Loss: 0.987386	Temp: 0.999910
Train Epoch: 13 [21760/50000 (43%)]	Loss: 0.945840	Temp: 0.999910
Train Epoch: 13 [23040/50000 (46%)]	Loss: 0.883381	Temp: 0.999910
Train Epoch: 13 [24320/50000 (49%)]	Loss: 0.932042	Temp: 0.999910
Train Epoch: 13 [25600/50000 (51%)]	Loss: 0.907129	Temp: 0.999910
Train Epoch: 13 [26880/50000 (54%)]	Loss: 0.957195	Temp: 0.999910
Train Epoch: 13 [28160/50000 (56%)]	Loss: 0.818095	Temp: 0.999910
Train Epoch: 13 [29440/50000 (59%)]	Loss: 0.836141	Temp: 0.999910
Train Epoch: 13 [30720/50000 (61%)]	Loss: 0.727428	Temp: 0.999910
Train Epoch: 13 [32000/50000 (64%)]	Loss: 1.076382	Temp: 0.999910
Train Epoch: 13 [33280/50000 (66%)]	Loss: 0.907952	Temp: 0.999910
Train Epoch: 13 [34560/50000 (69%)]	Loss: 0.678501	Temp: 0.999910
Train Epoch: 13 [35840/50000 (72%)]	Loss: 0.954666	Temp: 0.999910
Train Epoch: 13 [37120/50000 (74%)]	Loss: 0.926321	Temp: 0.999910
Train Epoch: 13 [38400/50000 (77%)]	Loss: 0.851567	Temp: 0.999910
Train Epoch: 13 [39680/50000 (79%)]	Loss: 0.835366	Temp: 0.999900
Train Epoch: 13 [40960/50000 (82%)]	Loss: 0.997016	Temp: 0.999900
Train Epoch: 13 [42240/50000 (84%)]	Loss: 0.831090	Temp: 0.999900
Train Epoch: 13 [43520/50000 (87%)]	Loss: 1.124237	Temp: 0.999900
Train Epoch: 13 [44800/50000 (90%)]	Loss: 0.823698	Temp: 0.999900
Train Epoch: 13 [46080/50000 (92%)]	Loss: 0.829487	Temp: 0.999900
Train Epoch: 13 [47360/50000 (95%)]	Loss: 0.958544	Temp: 0.999900
Train Epoch: 13 [48640/50000 (97%)]	Loss: 0.864674	Temp: 0.999900
Train Epoch: 13 [31200/50000 (100%)]	Loss: 0.874841	Temp: 0.999900

Test set: Average loss: 0.0076, Accuracy: 6659/10000 (66.59%)

Confusion Matrix:
 [[652  23 132  16  37   4  27   8  70  31]
 [ 22 760  23   8   7   9  24   6  23 118]
 [ 35   8 638  41  88  52  91  34   8   5]
 [ 14   8 134 425  86 152 115  44  12  10]
 [  9   2 131  38 616  28  88  72  14   2]
 [  6   3 112 138  69 556  47  60   6   3]
 [  2   4  62  36  36  12 833   9   3   3]
 [  8   3  58  35  92  67  17 705   5  10]
 [ 77  48  31  24  19   6  17   6 743  29]
 [ 28  81  22  22  12  14  24  27  39 731]]
Train Epoch: 14 [0/50000 (0%)]	Loss: 0.862799	Temp: 0.999900
Train Epoch: 14 [1280/50000 (3%)]	Loss: 0.810311	Temp: 0.999900
Train Epoch: 14 [2560/50000 (5%)]	Loss: 0.885482	Temp: 0.999900
Train Epoch: 14 [3840/50000 (8%)]	Loss: 0.946660	Temp: 0.999900
Train Epoch: 14 [5120/50000 (10%)]	Loss: 0.822009	Temp: 0.999900
Train Epoch: 14 [6400/50000 (13%)]	Loss: 1.016582	Temp: 0.999900
Train Epoch: 14 [7680/50000 (15%)]	Loss: 0.921319	Temp: 0.999900
Train Epoch: 14 [8960/50000 (18%)]	Loss: 0.925735	Temp: 0.999900
Train Epoch: 14 [10240/50000 (20%)]	Loss: 0.964521	Temp: 0.999900
Train Epoch: 14 [11520/50000 (23%)]	Loss: 0.776055	Temp: 0.999900
Train Epoch: 14 [12800/50000 (26%)]	Loss: 0.821163	Temp: 0.999900
Train Epoch: 14 [14080/50000 (28%)]	Loss: 0.793481	Temp: 0.999900
Train Epoch: 14 [15360/50000 (31%)]	Loss: 0.954184	Temp: 0.999900
Train Epoch: 14 [16640/50000 (33%)]	Loss: 0.935129	Temp: 0.999900
Train Epoch: 14 [17920/50000 (36%)]	Loss: 0.821942	Temp: 0.999900
Train Epoch: 14 [19200/50000 (38%)]	Loss: 0.854453	Temp: 0.999900
Train Epoch: 14 [20480/50000 (41%)]	Loss: 0.846666	Temp: 0.999900
Train Epoch: 14 [21760/50000 (43%)]	Loss: 0.810590	Temp: 0.999900
Train Epoch: 14 [23040/50000 (46%)]	Loss: 0.838356	Temp: 0.999900
Train Epoch: 14 [24320/50000 (49%)]	Loss: 0.913496	Temp: 0.999900
Train Epoch: 14 [25600/50000 (51%)]	Loss: 0.862350	Temp: 0.999900
Train Epoch: 14 [26880/50000 (54%)]	Loss: 0.854115	Temp: 0.999900
Train Epoch: 14 [28160/50000 (56%)]	Loss: 0.945575	Temp: 0.999900
Train Epoch: 14 [29440/50000 (59%)]	Loss: 0.758109	Temp: 0.999900
Train Epoch: 14 [30720/50000 (61%)]	Loss: 0.878321	Temp: 0.999900
Train Epoch: 14 [32000/50000 (64%)]	Loss: 0.791965	Temp: 0.999900
Train Epoch: 14 [33280/50000 (66%)]	Loss: 0.849940	Temp: 0.999900
Train Epoch: 14 [34560/50000 (69%)]	Loss: 0.722397	Temp: 0.999900
Train Epoch: 14 [35840/50000 (72%)]	Loss: 0.912669	Temp: 0.999900
Train Epoch: 14 [37120/50000 (74%)]	Loss: 0.806103	Temp: 0.999900
Train Epoch: 14 [38400/50000 (77%)]	Loss: 0.822160	Temp: 0.999900
Train Epoch: 14 [39680/50000 (79%)]	Loss: 0.926732	Temp: 0.999900
Train Epoch: 14 [40960/50000 (82%)]	Loss: 0.793926	Temp: 0.999900
Train Epoch: 14 [42240/50000 (84%)]	Loss: 0.868887	Temp: 0.999900
Train Epoch: 14 [43520/50000 (87%)]	Loss: 0.879040	Temp: 0.999900
Train Epoch: 14 [44800/50000 (90%)]	Loss: 0.794632	Temp: 0.999900
Train Epoch: 14 [46080/50000 (92%)]	Loss: 0.658801	Temp: 0.999900
Train Epoch: 14 [47360/50000 (95%)]	Loss: 0.884952	Temp: 0.999900
Train Epoch: 14 [48640/50000 (97%)]	Loss: 0.865921	Temp: 0.999900
Train Epoch: 14 [31200/50000 (100%)]	Loss: 0.995988	Temp: 0.999900

Test set: Average loss: 0.0072, Accuracy: 6810/10000 (68.10%)

Confusion Matrix:
 [[720  35  73  21  14   4  12   7  73  41]
 [ 19 818   9   9   1   7  10   4  21 102]
 [ 54  12 626  57  52  76  75  27  10  11]
 [ 21  16  99 483  44 184  82  35  13  23]
 [ 27   8 128  62 503  64  90  92  21   5]
 [ 15   8  76 156  36 606  33  49   7  14]
 [  6   8  60  54  19  22 806   9   6  10]
 [ 22   6  50  44  52  76  12 703   4  31]
 [ 84  53  20  20   4   7   6   2 765  39]
 [ 23 109  11  17   3   7  11  12  27 780]]
Train Epoch: 15 [0/50000 (0%)]	Loss: 0.905857	Temp: 0.999900
Train Epoch: 15 [1280/50000 (3%)]	Loss: 0.844967	Temp: 0.999900
Train Epoch: 15 [2560/50000 (5%)]	Loss: 0.811464	Temp: 0.999900
Train Epoch: 15 [3840/50000 (8%)]	Loss: 0.790953	Temp: 0.999890
Train Epoch: 15 [5120/50000 (10%)]	Loss: 1.000920	Temp: 0.999890
Train Epoch: 15 [6400/50000 (13%)]	Loss: 0.850358	Temp: 0.999890
Train Epoch: 15 [7680/50000 (15%)]	Loss: 0.777473	Temp: 0.999890
Train Epoch: 15 [8960/50000 (18%)]	Loss: 0.834142	Temp: 0.999890
Train Epoch: 15 [10240/50000 (20%)]	Loss: 0.800347	Temp: 0.999890
Train Epoch: 15 [11520/50000 (23%)]	Loss: 0.893623	Temp: 0.999890
Train Epoch: 15 [12800/50000 (26%)]	Loss: 0.859795	Temp: 0.999890
Train Epoch: 15 [14080/50000 (28%)]	Loss: 0.792405	Temp: 0.999890
Train Epoch: 15 [15360/50000 (31%)]	Loss: 0.778975	Temp: 0.999890
Train Epoch: 15 [16640/50000 (33%)]	Loss: 0.858828	Temp: 0.999890
Train Epoch: 15 [17920/50000 (36%)]	Loss: 0.876982	Temp: 0.999890
Train Epoch: 15 [19200/50000 (38%)]	Loss: 0.707033	Temp: 0.999890
Train Epoch: 15 [20480/50000 (41%)]	Loss: 0.734393	Temp: 0.999890
Train Epoch: 15 [21760/50000 (43%)]	Loss: 0.757113	Temp: 0.999890
Train Epoch: 15 [23040/50000 (46%)]	Loss: 0.948468	Temp: 0.999890
Train Epoch: 15 [24320/50000 (49%)]	Loss: 0.633939	Temp: 0.999890
Train Epoch: 15 [25600/50000 (51%)]	Loss: 0.888458	Temp: 0.999890
Train Epoch: 15 [26880/50000 (54%)]	Loss: 0.793162	Temp: 0.999890
Train Epoch: 15 [28160/50000 (56%)]	Loss: 0.752418	Temp: 0.999890
Train Epoch: 15 [29440/50000 (59%)]	Loss: 0.801903	Temp: 0.999890
Train Epoch: 15 [30720/50000 (61%)]	Loss: 0.880394	Temp: 0.999890
Train Epoch: 15 [32000/50000 (64%)]	Loss: 0.843496	Temp: 0.999890
Train Epoch: 15 [33280/50000 (66%)]	Loss: 0.694688	Temp: 0.999890
Train Epoch: 15 [34560/50000 (69%)]	Loss: 0.984906	Temp: 0.999890
Train Epoch: 15 [35840/50000 (72%)]	Loss: 0.835769	Temp: 0.999890
Train Epoch: 15 [37120/50000 (74%)]	Loss: 0.701413	Temp: 0.999890
Train Epoch: 15 [38400/50000 (77%)]	Loss: 0.994376	Temp: 0.999890
Train Epoch: 15 [39680/50000 (79%)]	Loss: 0.618022	Temp: 0.999890
Train Epoch: 15 [40960/50000 (82%)]	Loss: 0.948643	Temp: 0.999890
Train Epoch: 15 [42240/50000 (84%)]	Loss: 0.786173	Temp: 0.999890
Train Epoch: 15 [43520/50000 (87%)]	Loss: 0.762912	Temp: 0.999890
Train Epoch: 15 [44800/50000 (90%)]	Loss: 0.858824	Temp: 0.999890
Train Epoch: 15 [46080/50000 (92%)]	Loss: 0.802147	Temp: 0.999890
Train Epoch: 15 [47360/50000 (95%)]	Loss: 0.740967	Temp: 0.999890
Train Epoch: 15 [48640/50000 (97%)]	Loss: 0.849290	Temp: 0.999890
Train Epoch: 15 [31200/50000 (100%)]	Loss: 0.787618	Temp: 0.999890

Test set: Average loss: 0.0072, Accuracy: 6877/10000 (68.77%)

Confusion Matrix:
 [[723  35  36  27  30   7  11  13  54  64]
 [ 14 785   4  11   3   6  13   7  11 146]
 [ 75  15 450  86 116  92  82  52  13  19]
 [ 18  17  30 553  73 147  77  48  11  26]
 [ 12   4  43  58 663  38  71  87  17   7]
 [  6   6  26 198  59 586  34  66   4  15]
 [  5   6  22  73  45  15 803  12   5  14]
 [ 10   5   9  51  77  61  12 740   3  32]
 [ 78  58   9  28  12   6   4   7 734  64]
 [ 14  67   7  19   6   3  10  18  16 840]]
Train Epoch: 16 [0/50000 (0%)]	Loss: 0.874484	Temp: 0.999890
Train Epoch: 16 [1280/50000 (3%)]	Loss: 0.733335	Temp: 0.999890
Train Epoch: 16 [2560/50000 (5%)]	Loss: 0.816876	Temp: 0.999890
Train Epoch: 16 [3840/50000 (8%)]	Loss: 0.612363	Temp: 0.999890
Train Epoch: 16 [5120/50000 (10%)]	Loss: 0.742622	Temp: 0.999890
Train Epoch: 16 [6400/50000 (13%)]	Loss: 0.748771	Temp: 0.999890
Train Epoch: 16 [7680/50000 (15%)]	Loss: 0.848784	Temp: 0.999890
Train Epoch: 16 [8960/50000 (18%)]	Loss: 0.769864	Temp: 0.999890
Train Epoch: 16 [10240/50000 (20%)]	Loss: 0.883402	Temp: 0.999890
Train Epoch: 16 [11520/50000 (23%)]	Loss: 0.857453	Temp: 0.999890
Train Epoch: 16 [12800/50000 (26%)]	Loss: 0.787499	Temp: 0.999890
Train Epoch: 16 [14080/50000 (28%)]	Loss: 0.757161	Temp: 0.999890
Train Epoch: 16 [15360/50000 (31%)]	Loss: 0.883217	Temp: 0.999890
Train Epoch: 16 [16640/50000 (33%)]	Loss: 0.749134	Temp: 0.999890
Train Epoch: 16 [17920/50000 (36%)]	Loss: 0.769274	Temp: 0.999880
Train Epoch: 16 [19200/50000 (38%)]	Loss: 0.714631	Temp: 0.999880
Train Epoch: 16 [20480/50000 (41%)]	Loss: 0.888890	Temp: 0.999880
Train Epoch: 16 [21760/50000 (43%)]	Loss: 0.958813	Temp: 0.999880
Train Epoch: 16 [23040/50000 (46%)]	Loss: 0.659657	Temp: 0.999880
Train Epoch: 16 [24320/50000 (49%)]	Loss: 0.833808	Temp: 0.999880
Train Epoch: 16 [25600/50000 (51%)]	Loss: 0.705451	Temp: 0.999880
Train Epoch: 16 [26880/50000 (54%)]	Loss: 0.795193	Temp: 0.999880
Train Epoch: 16 [28160/50000 (56%)]	Loss: 0.811661	Temp: 0.999880
Train Epoch: 16 [29440/50000 (59%)]	Loss: 0.782392	Temp: 0.999880
Train Epoch: 16 [30720/50000 (61%)]	Loss: 0.756267	Temp: 0.999880
Train Epoch: 16 [32000/50000 (64%)]	Loss: 0.794653	Temp: 0.999880
Train Epoch: 16 [33280/50000 (66%)]	Loss: 0.973900	Temp: 0.999880
Train Epoch: 16 [34560/50000 (69%)]	Loss: 0.780249	Temp: 0.999880
Train Epoch: 16 [35840/50000 (72%)]	Loss: 0.882569	Temp: 0.999880
Train Epoch: 16 [37120/50000 (74%)]	Loss: 0.895453	Temp: 0.999880
Train Epoch: 16 [38400/50000 (77%)]	Loss: 0.580556	Temp: 0.999880
Train Epoch: 16 [39680/50000 (79%)]	Loss: 0.831270	Temp: 0.999880
Train Epoch: 16 [40960/50000 (82%)]	Loss: 0.926874	Temp: 0.999880
Train Epoch: 16 [42240/50000 (84%)]	Loss: 1.005869	Temp: 0.999880
Train Epoch: 16 [43520/50000 (87%)]	Loss: 0.757445	Temp: 0.999880
Train Epoch: 16 [44800/50000 (90%)]	Loss: 0.708655	Temp: 0.999880
Train Epoch: 16 [46080/50000 (92%)]	Loss: 0.736972	Temp: 0.999880
Train Epoch: 16 [47360/50000 (95%)]	Loss: 1.005138	Temp: 0.999880
Train Epoch: 16 [48640/50000 (97%)]	Loss: 0.734764	Temp: 0.999880
Train Epoch: 16 [31200/50000 (100%)]	Loss: 0.883958	Temp: 0.999880

Test set: Average loss: 0.0071, Accuracy: 6862/10000 (68.62%)

Confusion Matrix:
 [[710  24  73  14  23   3  18   7 102  26]
 [ 24 820  12   9   2   4  16   5  49  59]
 [ 52  10 636  45  67  51  80  36  16   7]
 [ 21  15 123 446  60 143 108  47  26  11]
 [ 13   3 137  37 587  28  84  86  22   3]
 [ 13  10 101 151  46 553  52  62   7   5]
 [  5   6  63  34  24   8 838   8   8   6]
 [ 21   5  58  34  65  51  17 731   7  11]
 [ 53  30  21   9   5   5   9   7 845  16]
 [ 33 123  16  17   6   5  13  21  70 696]]
Train Epoch: 17 [0/50000 (0%)]	Loss: 0.846085	Temp: 0.999880
Train Epoch: 17 [1280/50000 (3%)]	Loss: 0.716094	Temp: 0.999880
Train Epoch: 17 [2560/50000 (5%)]	Loss: 0.657781	Temp: 0.999880
Train Epoch: 17 [3840/50000 (8%)]	Loss: 0.846800	Temp: 0.999880
Train Epoch: 17 [5120/50000 (10%)]	Loss: 0.819533	Temp: 0.999880
Train Epoch: 17 [6400/50000 (13%)]	Loss: 0.606897	Temp: 0.999880
Train Epoch: 17 [7680/50000 (15%)]	Loss: 0.730064	Temp: 0.999880
Train Epoch: 17 [8960/50000 (18%)]	Loss: 0.717250	Temp: 0.999880
Train Epoch: 17 [10240/50000 (20%)]	Loss: 0.713360	Temp: 0.999880
Train Epoch: 17 [11520/50000 (23%)]	Loss: 0.692266	Temp: 0.999880
Train Epoch: 17 [12800/50000 (26%)]	Loss: 0.664484	Temp: 0.999880
Train Epoch: 17 [14080/50000 (28%)]	Loss: 0.528307	Temp: 0.999880
Train Epoch: 17 [15360/50000 (31%)]	Loss: 0.782320	Temp: 0.999880
Train Epoch: 17 [16640/50000 (33%)]	Loss: 0.868696	Temp: 0.999880
Train Epoch: 17 [17920/50000 (36%)]	Loss: 0.831387	Temp: 0.999880
Train Epoch: 17 [19200/50000 (38%)]	Loss: 0.689430	Temp: 0.999880
Train Epoch: 17 [20480/50000 (41%)]	Loss: 0.756171	Temp: 0.999880
Train Epoch: 17 [21760/50000 (43%)]	Loss: 0.834593	Temp: 0.999880
Train Epoch: 17 [23040/50000 (46%)]	Loss: 0.628895	Temp: 0.999880
Train Epoch: 17 [24320/50000 (49%)]	Loss: 0.704331	Temp: 0.999880
Train Epoch: 17 [25600/50000 (51%)]	Loss: 0.802444	Temp: 0.999880
Train Epoch: 17 [26880/50000 (54%)]	Loss: 0.849668	Temp: 0.999880
Train Epoch: 17 [28160/50000 (56%)]	Loss: 0.979379	Temp: 0.999880
Train Epoch: 17 [29440/50000 (59%)]	Loss: 0.761984	Temp: 0.999880
Train Epoch: 17 [30720/50000 (61%)]	Loss: 0.855699	Temp: 0.999880
Train Epoch: 17 [32000/50000 (64%)]	Loss: 0.794274	Temp: 0.999870
Train Epoch: 17 [33280/50000 (66%)]	Loss: 0.675391	Temp: 0.999870
Train Epoch: 17 [34560/50000 (69%)]	Loss: 0.756743	Temp: 0.999870
Train Epoch: 17 [35840/50000 (72%)]	Loss: 0.845316	Temp: 0.999870
Train Epoch: 17 [37120/50000 (74%)]	Loss: 0.657354	Temp: 0.999870
Train Epoch: 17 [38400/50000 (77%)]	Loss: 0.886020	Temp: 0.999870
Train Epoch: 17 [39680/50000 (79%)]	Loss: 0.864934	Temp: 0.999870
Train Epoch: 17 [40960/50000 (82%)]	Loss: 0.656882	Temp: 0.999870
Train Epoch: 17 [42240/50000 (84%)]	Loss: 0.683589	Temp: 0.999870
Train Epoch: 17 [43520/50000 (87%)]	Loss: 0.653246	Temp: 0.999870
Train Epoch: 17 [44800/50000 (90%)]	Loss: 0.752726	Temp: 0.999870
Train Epoch: 17 [46080/50000 (92%)]	Loss: 0.751083	Temp: 0.999870
Train Epoch: 17 [47360/50000 (95%)]	Loss: 0.695581	Temp: 0.999870
Train Epoch: 17 [48640/50000 (97%)]	Loss: 0.774945	Temp: 0.999870
Train Epoch: 17 [31200/50000 (100%)]	Loss: 0.648436	Temp: 0.999870

Test set: Average loss: 0.0070, Accuracy: 6942/10000 (69.42%)

Confusion Matrix:
 [[701  21  58  16  14   4  10   4 123  49]
 [ 18 756   7   8   2   4  13   2  56 134]
 [ 59   9 590  59  77  59  77  34  23  13]
 [ 19  11  76 522  48 141  85  34  40  24]
 [ 25   5  90  57 571  51  92  77  29   3]
 [ 10   7  64 178  40 588  43  42  15  13]
 [  5   5  42  54  19  16 827  10  13   9]
 [ 21   3  42  46  63  67  15 704  11  28]
 [ 43  24   9  12   4   5   4   2 868  29]
 [ 16  58  11  17   3   3  11  11  55 815]]
Train Epoch: 18 [0/50000 (0%)]	Loss: 0.681686	Temp: 0.999870
Train Epoch: 18 [1280/50000 (3%)]	Loss: 0.632548	Temp: 0.999870
Train Epoch: 18 [2560/50000 (5%)]	Loss: 0.629900	Temp: 0.999870
Train Epoch: 18 [3840/50000 (8%)]	Loss: 0.778547	Temp: 0.999870
Train Epoch: 18 [5120/50000 (10%)]	Loss: 0.774287	Temp: 0.999870
Train Epoch: 18 [6400/50000 (13%)]	Loss: 0.614931	Temp: 0.999870
Train Epoch: 18 [7680/50000 (15%)]	Loss: 0.848530	Temp: 0.999870
Train Epoch: 18 [8960/50000 (18%)]	Loss: 0.626963	Temp: 0.999870
Train Epoch: 18 [10240/50000 (20%)]	Loss: 0.644130	Temp: 0.999870
Train Epoch: 18 [11520/50000 (23%)]	Loss: 0.740463	Temp: 0.999870
Train Epoch: 18 [12800/50000 (26%)]	Loss: 0.887161	Temp: 0.999870
Train Epoch: 18 [14080/50000 (28%)]	Loss: 0.824786	Temp: 0.999870
Train Epoch: 18 [15360/50000 (31%)]	Loss: 0.795982	Temp: 0.999870
Train Epoch: 18 [16640/50000 (33%)]	Loss: 0.734842	Temp: 0.999870
Train Epoch: 18 [17920/50000 (36%)]	Loss: 0.806320	Temp: 0.999870
Train Epoch: 18 [19200/50000 (38%)]	Loss: 0.809017	Temp: 0.999870
Train Epoch: 18 [20480/50000 (41%)]	Loss: 0.841477	Temp: 0.999870
Train Epoch: 18 [21760/50000 (43%)]	Loss: 0.635467	Temp: 0.999870
Train Epoch: 18 [23040/50000 (46%)]	Loss: 0.824447	Temp: 0.999870
Train Epoch: 18 [24320/50000 (49%)]	Loss: 0.699894	Temp: 0.999870
Train Epoch: 18 [25600/50000 (51%)]	Loss: 0.681853	Temp: 0.999870
Train Epoch: 18 [26880/50000 (54%)]	Loss: 0.761878	Temp: 0.999870
Train Epoch: 18 [28160/50000 (56%)]	Loss: 0.724652	Temp: 0.999870
Train Epoch: 18 [29440/50000 (59%)]	Loss: 0.633308	Temp: 0.999870
Train Epoch: 18 [30720/50000 (61%)]	Loss: 0.781710	Temp: 0.999870
Train Epoch: 18 [32000/50000 (64%)]	Loss: 0.711224	Temp: 0.999870
Train Epoch: 18 [33280/50000 (66%)]	Loss: 0.623266	Temp: 0.999870
Train Epoch: 18 [34560/50000 (69%)]	Loss: 0.514509	Temp: 0.999870
Train Epoch: 18 [35840/50000 (72%)]	Loss: 0.645894	Temp: 0.999870
Train Epoch: 18 [37120/50000 (74%)]	Loss: 0.717204	Temp: 0.999870
Train Epoch: 18 [38400/50000 (77%)]	Loss: 0.768241	Temp: 0.999870
Train Epoch: 18 [39680/50000 (79%)]	Loss: 0.791554	Temp: 0.999870
Train Epoch: 18 [40960/50000 (82%)]	Loss: 0.733122	Temp: 0.999870
Train Epoch: 18 [42240/50000 (84%)]	Loss: 0.816527	Temp: 0.999870
Train Epoch: 18 [43520/50000 (87%)]	Loss: 0.818412	Temp: 0.999870
Train Epoch: 18 [44800/50000 (90%)]	Loss: 0.670349	Temp: 0.999870
Train Epoch: 18 [46080/50000 (92%)]	Loss: 0.758072	Temp: 0.999860
Train Epoch: 18 [47360/50000 (95%)]	Loss: 0.701340	Temp: 0.999860
Train Epoch: 18 [48640/50000 (97%)]	Loss: 0.760591	Temp: 0.999860
Train Epoch: 18 [31200/50000 (100%)]	Loss: 0.806899	Temp: 0.999860

Test set: Average loss: 0.0069, Accuracy: 7047/10000 (70.47%)

Confusion Matrix:
 [[718  30  39  15  31   3  14   9 102  39]
 [ 19 822   4   7   3   4  14   3  33  91]
 [ 68  10 528  41 121  62  90  50  22   8]
 [ 23  16  48 440  99 148 120  57  28  21]
 [ 17   4  53  29 711  23  69  71  22   1]
 [ 14   9  41 127  74 595  53  67  11   9]
 [  7   8  27  33  42  12 846   8   8   9]
 [ 18   3  20  22  90  53  15 752   9  18]
 [ 44  38   9   6   6   4   6   3 854  30]
 [ 19  93  10  14   8   6  12  18  39 781]]
Train Epoch: 19 [0/50000 (0%)]	Loss: 0.752778	Temp: 0.999860
Train Epoch: 19 [1280/50000 (3%)]	Loss: 0.749083	Temp: 0.999860
Train Epoch: 19 [2560/50000 (5%)]	Loss: 0.720073	Temp: 0.999860
Train Epoch: 19 [3840/50000 (8%)]	Loss: 0.739293	Temp: 0.999860
Train Epoch: 19 [5120/50000 (10%)]	Loss: 0.768782	Temp: 0.999860
Train Epoch: 19 [6400/50000 (13%)]	Loss: 0.775599	Temp: 0.999860
Train Epoch: 19 [7680/50000 (15%)]	Loss: 0.811904	Temp: 0.999860
Train Epoch: 19 [8960/50000 (18%)]	Loss: 0.659078	Temp: 0.999860
Train Epoch: 19 [10240/50000 (20%)]	Loss: 0.762357	Temp: 0.999860
Train Epoch: 19 [11520/50000 (23%)]	Loss: 0.586215	Temp: 0.999860
Train Epoch: 19 [12800/50000 (26%)]	Loss: 0.755226	Temp: 0.999860
Train Epoch: 19 [14080/50000 (28%)]	Loss: 0.711341	Temp: 0.999860
Train Epoch: 19 [15360/50000 (31%)]	Loss: 0.727611	Temp: 0.999860
Train Epoch: 19 [16640/50000 (33%)]	Loss: 0.694777	Temp: 0.999860
Train Epoch: 19 [17920/50000 (36%)]	Loss: 0.776674	Temp: 0.999860
Train Epoch: 19 [19200/50000 (38%)]	Loss: 0.786629	Temp: 0.999860
Train Epoch: 19 [20480/50000 (41%)]	Loss: 0.770705	Temp: 0.999860
Train Epoch: 19 [21760/50000 (43%)]	Loss: 0.782417	Temp: 0.999860
Train Epoch: 19 [23040/50000 (46%)]	Loss: 0.568712	Temp: 0.999860
Train Epoch: 19 [24320/50000 (49%)]	Loss: 0.781653	Temp: 0.999860
Train Epoch: 19 [25600/50000 (51%)]	Loss: 0.793720	Temp: 0.999860
Train Epoch: 19 [26880/50000 (54%)]	Loss: 0.720855	Temp: 0.999860
Train Epoch: 19 [28160/50000 (56%)]	Loss: 0.704413	Temp: 0.999860
Train Epoch: 19 [29440/50000 (59%)]	Loss: 0.858990	Temp: 0.999860
Train Epoch: 19 [30720/50000 (61%)]	Loss: 0.706204	Temp: 0.999860
Train Epoch: 19 [32000/50000 (64%)]	Loss: 0.800497	Temp: 0.999860
Train Epoch: 19 [33280/50000 (66%)]	Loss: 0.610809	Temp: 0.999860
Train Epoch: 19 [34560/50000 (69%)]	Loss: 0.709725	Temp: 0.999860
Train Epoch: 19 [35840/50000 (72%)]	Loss: 0.889795	Temp: 0.999860
Train Epoch: 19 [37120/50000 (74%)]	Loss: 0.649554	Temp: 0.999860
Train Epoch: 19 [38400/50000 (77%)]	Loss: 0.546410	Temp: 0.999860
Train Epoch: 19 [39680/50000 (79%)]	Loss: 0.804351	Temp: 0.999860
Train Epoch: 19 [40960/50000 (82%)]	Loss: 0.783309	Temp: 0.999860
Train Epoch: 19 [42240/50000 (84%)]	Loss: 0.799622	Temp: 0.999860
Train Epoch: 19 [43520/50000 (87%)]	Loss: 0.655061	Temp: 0.999860
Train Epoch: 19 [44800/50000 (90%)]	Loss: 0.654874	Temp: 0.999860
Train Epoch: 19 [46080/50000 (92%)]	Loss: 0.718906	Temp: 0.999860
Train Epoch: 19 [47360/50000 (95%)]	Loss: 0.720190	Temp: 0.999860
Train Epoch: 19 [48640/50000 (97%)]	Loss: 0.859374	Temp: 0.999860
Train Epoch: 19 [31200/50000 (100%)]	Loss: 0.699242	Temp: 0.999860

Test set: Average loss: 0.0070, Accuracy: 6952/10000 (69.52%)

Confusion Matrix:
 [[622  14 101  14  53   5  20  18 119  34]
 [ 19 723  20  11  15   6  20  11  51 124]
 [ 32   4 620  31 117  60  76  45  11   4]
 [ 10   6  86 411 124 162 104  56  26  15]
 [  8   0  74  23 723  20  63  69  19   1]
 [  6   3  69 103  91 602  39  78   6   3]
 [  3   2  49  31  45  10 841  10   6   3]
 [  8   1  44  24 101  43  11 758   3   7]
 [ 27  23  18   9  15   5   6   8 861  28]
 [ 18  47  16  16  13   6  18  32  43 791]]
Train Epoch: 20 [0/50000 (0%)]	Loss: 0.841670	Temp: 0.999860
Train Epoch: 20 [1280/50000 (3%)]	Loss: 0.847594	Temp: 0.999860
Train Epoch: 20 [2560/50000 (5%)]	Loss: 0.655542	Temp: 0.999860
Train Epoch: 20 [3840/50000 (8%)]	Loss: 0.697460	Temp: 0.999860
Train Epoch: 20 [5120/50000 (10%)]	Loss: 0.617697	Temp: 0.999860
Train Epoch: 20 [6400/50000 (13%)]	Loss: 0.719831	Temp: 0.999860
Train Epoch: 20 [7680/50000 (15%)]	Loss: 0.699818	Temp: 0.999860
Train Epoch: 20 [8960/50000 (18%)]	Loss: 0.710187	Temp: 0.999850
Train Epoch: 20 [10240/50000 (20%)]	Loss: 0.785069	Temp: 0.999850
Train Epoch: 20 [11520/50000 (23%)]	Loss: 0.782626	Temp: 0.999850
Train Epoch: 20 [12800/50000 (26%)]	Loss: 0.854348	Temp: 0.999850
Train Epoch: 20 [14080/50000 (28%)]	Loss: 0.667129	Temp: 0.999850
Train Epoch: 20 [15360/50000 (31%)]	Loss: 0.721694	Temp: 0.999850
Train Epoch: 20 [16640/50000 (33%)]	Loss: 0.685874	Temp: 0.999850
Train Epoch: 20 [17920/50000 (36%)]	Loss: 0.731787	Temp: 0.999850
Train Epoch: 20 [19200/50000 (38%)]	Loss: 0.657859	Temp: 0.999850
Train Epoch: 20 [20480/50000 (41%)]	Loss: 0.745397	Temp: 0.999850
Train Epoch: 20 [21760/50000 (43%)]	Loss: 0.863106	Temp: 0.999850
Train Epoch: 20 [23040/50000 (46%)]	Loss: 0.747108	Temp: 0.999850
Train Epoch: 20 [24320/50000 (49%)]	Loss: 0.798029	Temp: 0.999850
Train Epoch: 20 [25600/50000 (51%)]	Loss: 0.694544	Temp: 0.999850
Train Epoch: 20 [26880/50000 (54%)]	Loss: 0.852470	Temp: 0.999850
Train Epoch: 20 [28160/50000 (56%)]	Loss: 0.805909	Temp: 0.999850
Train Epoch: 20 [29440/50000 (59%)]	Loss: 0.634026	Temp: 0.999850
Train Epoch: 20 [30720/50000 (61%)]	Loss: 0.777057	Temp: 0.999850
Train Epoch: 20 [32000/50000 (64%)]	Loss: 0.778260	Temp: 0.999850
Train Epoch: 20 [33280/50000 (66%)]	Loss: 0.738174	Temp: 0.999850
Train Epoch: 20 [34560/50000 (69%)]	Loss: 0.702613	Temp: 0.999850
Train Epoch: 20 [35840/50000 (72%)]	Loss: 0.819514	Temp: 0.999850
Train Epoch: 20 [37120/50000 (74%)]	Loss: 0.658210	Temp: 0.999850
Train Epoch: 20 [38400/50000 (77%)]	Loss: 0.635128	Temp: 0.999850
Train Epoch: 20 [39680/50000 (79%)]	Loss: 0.572748	Temp: 0.999850
Train Epoch: 20 [40960/50000 (82%)]	Loss: 0.754873	Temp: 0.999850
Train Epoch: 20 [42240/50000 (84%)]	Loss: 0.698639	Temp: 0.999850
Train Epoch: 20 [43520/50000 (87%)]	Loss: 0.780071	Temp: 0.999850
Train Epoch: 20 [44800/50000 (90%)]	Loss: 0.706268	Temp: 0.999850
Train Epoch: 20 [46080/50000 (92%)]	Loss: 0.657479	Temp: 0.999850
Train Epoch: 20 [47360/50000 (95%)]	Loss: 0.721898	Temp: 0.999850
Train Epoch: 20 [48640/50000 (97%)]	Loss: 0.788471	Temp: 0.999850
Train Epoch: 20 [31200/50000 (100%)]	Loss: 0.645818	Temp: 0.999850

Test set: Average loss: 0.0071, Accuracy: 6934/10000 (69.34%)

Confusion Matrix:
 [[759  15  35  17  36   4  19   4  48  63]
 [ 31 643   5   7  11   4  20   3  19 257]
 [ 68   5 497  57 150  69 101  27   8  18]
 [ 21   4  40 512 100 135 110  24  20  34]
 [ 10   1  37  42 773  21  59  36  13   8]
 [ 13   5  32 178  87 586  44  33   5  17]
 [  7   2  12  43  53  13 848   7   3  12]
 [ 16   1  21  40 136  71  15 659   2  39]
 [ 88  15   9  14  18   3  10   1 764  78]
 [ 17  18   5  15   9   3  12   9  19 893]]
