Files already downloaded and verified
Files already downloaded and verified
Model Architecture:  ComplexConv(
  (conv1): Conv2dLayer(
    (conv): Conv2d(3, 64, kernel_size=(3, 3), stride=(1, 1))
    (batchnorm): BatchNorm2d(64, eps=1e-05, momentum=0.1, affine=True, track_running_stats=True)
  )
  (conv2): Conv2dLayer(
    (conv): Conv2d(64, 128, kernel_size=(3, 3), stride=(1, 1))
    (batchnorm): BatchNorm2d(128, eps=1e-05, momentum=0.1, affine=True, track_running_stats=True)
  )
  (conv3): Conv2dLayer(
    (conv): Conv2d(128, 256, kernel_size=(3, 3), stride=(1, 1))
    (batchnorm): BatchNorm2d(256, eps=1e-05, momentum=0.1, affine=True, track_running_stats=True)
  )
  (pool): AvgPool2d(kernel_size=2, stride=2, padding=0)
  (fc1): GumbelLayer(
    (lin): Linear(in_features=1024, out_features=128, bias=False)
    (batchnorm): BatchNorm1d(128, eps=1e-05, momentum=0.1, affine=True, track_running_stats=True)
  )
  (fc2): GumbelLayer(
    (lin): Linear(in_features=128, out_features=256, bias=False)
    (batchnorm): BatchNorm1d(256, eps=1e-05, momentum=0.1, affine=True, track_running_stats=True)
  )
  (classifier): Linear(in_features=256, out_features=10, bias=False)
)
Using device:  cuda
Train Data Shape:  (50000, 32, 32, 3)
Normalize layer outputs?:  True
Train Epoch: 1 [0/50000 (0%)]	Loss: 2.582777	Temp: 1.000000
Train Epoch: 1 [1280/50000 (3%)]	Loss: 2.233148	Temp: 1.000000
Train Epoch: 1 [2560/50000 (5%)]	Loss: 2.224737	Temp: 1.000000
Train Epoch: 1 [3840/50000 (8%)]	Loss: 2.141012	Temp: 1.000000
Train Epoch: 1 [5120/50000 (10%)]	Loss: 2.159707	Temp: 1.000000
Train Epoch: 1 [6400/50000 (13%)]	Loss: 2.150110	Temp: 1.000000
Train Epoch: 1 [7680/50000 (15%)]	Loss: 2.040477	Temp: 1.000000
Train Epoch: 1 [8960/50000 (18%)]	Loss: 1.982594	Temp: 1.000000
Train Epoch: 1 [10240/50000 (20%)]	Loss: 2.073868	Temp: 1.000000
Train Epoch: 1 [11520/50000 (23%)]	Loss: 1.964782	Temp: 1.000000
Train Epoch: 1 [12800/50000 (26%)]	Loss: 1.898595	Temp: 1.000000
Train Epoch: 1 [14080/50000 (28%)]	Loss: 1.962654	Temp: 1.000000
Train Epoch: 1 [15360/50000 (31%)]	Loss: 1.852144	Temp: 1.000000
Train Epoch: 1 [16640/50000 (33%)]	Loss: 1.743777	Temp: 1.000000
Train Epoch: 1 [17920/50000 (36%)]	Loss: 1.908134	Temp: 1.000000
Train Epoch: 1 [19200/50000 (38%)]	Loss: 1.833118	Temp: 1.000000
Train Epoch: 1 [20480/50000 (41%)]	Loss: 1.806144	Temp: 1.000000
Train Epoch: 1 [21760/50000 (43%)]	Loss: 1.672192	Temp: 1.000000
Train Epoch: 1 [23040/50000 (46%)]	Loss: 1.822398	Temp: 1.000000
Train Epoch: 1 [24320/50000 (49%)]	Loss: 1.817788	Temp: 1.000000
Train Epoch: 1 [25600/50000 (51%)]	Loss: 1.806275	Temp: 1.000000
Train Epoch: 1 [26880/50000 (54%)]	Loss: 1.762229	Temp: 1.000000
Train Epoch: 1 [28160/50000 (56%)]	Loss: 1.747627	Temp: 1.000000
Train Epoch: 1 [29440/50000 (59%)]	Loss: 1.832481	Temp: 1.000000
Train Epoch: 1 [30720/50000 (61%)]	Loss: 1.655075	Temp: 1.000000
Train Epoch: 1 [32000/50000 (64%)]	Loss: 1.750819	Temp: 1.000000
Train Epoch: 1 [33280/50000 (66%)]	Loss: 1.687316	Temp: 1.000000
Train Epoch: 1 [34560/50000 (69%)]	Loss: 1.674203	Temp: 1.000000
Train Epoch: 1 [35840/50000 (72%)]	Loss: 1.706866	Temp: 1.000000
Train Epoch: 1 [37120/50000 (74%)]	Loss: 1.650267	Temp: 1.000000
Train Epoch: 1 [38400/50000 (77%)]	Loss: 1.548927	Temp: 1.000000
Train Epoch: 1 [39680/50000 (79%)]	Loss: 1.511624	Temp: 1.000000
Train Epoch: 1 [40960/50000 (82%)]	Loss: 1.544226	Temp: 1.000000
Train Epoch: 1 [42240/50000 (84%)]	Loss: 1.603305	Temp: 1.000000
Train Epoch: 1 [43520/50000 (87%)]	Loss: 1.671582	Temp: 1.000000
Train Epoch: 1 [44800/50000 (90%)]	Loss: 1.415328	Temp: 1.000000
Train Epoch: 1 [46080/50000 (92%)]	Loss: 1.527142	Temp: 1.000000
Train Epoch: 1 [47360/50000 (95%)]	Loss: 1.521633	Temp: 1.000000
Train Epoch: 1 [48640/50000 (97%)]	Loss: 1.625757	Temp: 1.000000
Train Epoch: 1 [31200/50000 (100%)]	Loss: 1.583791	Temp: 1.000000

Test set: Average loss: 0.0123, Accuracy: 4422/10000 (44.22%)

Confusion Matrix:
 [[516  45  43  30  17   8  34   6 255  46]
 [ 65 603   6  13   9   3  22   8 118 153]
 [ 90  36 240 100 138  69 207  48  50  22]
 [ 35  24  87 266  50 161 258  26  39  54]
 [ 54  14 118  76 263  48 311  68  32  16]
 [ 18  22  90 225  37 338 150  60  26  34]
 [  9  24  32  56  73  33 695  22  23  33]
 [ 36  24  34 113  73  86 112 438  24  60]
 [210  54  14  22  10   7  18   4 610  51]
 [ 69 191   9  28   8  13  59  16 154 453]]
Train Epoch: 2 [0/50000 (0%)]	Loss: 1.528300	Temp: 1.000000
Train Epoch: 2 [1280/50000 (3%)]	Loss: 1.419373	Temp: 1.000000
Train Epoch: 2 [2560/50000 (5%)]	Loss: 1.474915	Temp: 1.000000
Train Epoch: 2 [3840/50000 (8%)]	Loss: 1.478490	Temp: 1.000000
Train Epoch: 2 [5120/50000 (10%)]	Loss: 1.482854	Temp: 1.000000
Train Epoch: 2 [6400/50000 (13%)]	Loss: 1.617261	Temp: 1.000000
Train Epoch: 2 [7680/50000 (15%)]	Loss: 1.538344	Temp: 1.000000
Train Epoch: 2 [8960/50000 (18%)]	Loss: 1.503414	Temp: 1.000000
Train Epoch: 2 [10240/50000 (20%)]	Loss: 1.655406	Temp: 1.000000
Train Epoch: 2 [11520/50000 (23%)]	Loss: 1.563631	Temp: 1.000000
Train Epoch: 2 [12800/50000 (26%)]	Loss: 1.495003	Temp: 1.000000
Train Epoch: 2 [14080/50000 (28%)]	Loss: 1.352048	Temp: 0.999990
Train Epoch: 2 [15360/50000 (31%)]	Loss: 1.551973	Temp: 0.999990
Train Epoch: 2 [16640/50000 (33%)]	Loss: 1.400063	Temp: 0.999990
Train Epoch: 2 [17920/50000 (36%)]	Loss: 1.540608	Temp: 0.999990
Train Epoch: 2 [19200/50000 (38%)]	Loss: 1.513841	Temp: 0.999990
Train Epoch: 2 [20480/50000 (41%)]	Loss: 1.438231	Temp: 0.999990
Train Epoch: 2 [21760/50000 (43%)]	Loss: 1.354921	Temp: 0.999990
Train Epoch: 2 [23040/50000 (46%)]	Loss: 1.460960	Temp: 0.999990
Train Epoch: 2 [24320/50000 (49%)]	Loss: 1.506687	Temp: 0.999990
Train Epoch: 2 [25600/50000 (51%)]	Loss: 1.485521	Temp: 0.999990
Train Epoch: 2 [26880/50000 (54%)]	Loss: 1.392684	Temp: 0.999990
Train Epoch: 2 [28160/50000 (56%)]	Loss: 1.432725	Temp: 0.999990
Train Epoch: 2 [29440/50000 (59%)]	Loss: 1.285444	Temp: 0.999990
Train Epoch: 2 [30720/50000 (61%)]	Loss: 1.517965	Temp: 0.999990
Train Epoch: 2 [32000/50000 (64%)]	Loss: 1.382682	Temp: 0.999990
Train Epoch: 2 [33280/50000 (66%)]	Loss: 1.380435	Temp: 0.999990
Train Epoch: 2 [34560/50000 (69%)]	Loss: 1.465329	Temp: 0.999990
Train Epoch: 2 [35840/50000 (72%)]	Loss: 1.498177	Temp: 0.999990
Train Epoch: 2 [37120/50000 (74%)]	Loss: 1.359708	Temp: 0.999990
Train Epoch: 2 [38400/50000 (77%)]	Loss: 1.287247	Temp: 0.999990
Train Epoch: 2 [39680/50000 (79%)]	Loss: 1.428086	Temp: 0.999990
Train Epoch: 2 [40960/50000 (82%)]	Loss: 1.341075	Temp: 0.999990
Train Epoch: 2 [42240/50000 (84%)]	Loss: 1.481543	Temp: 0.999990
Train Epoch: 2 [43520/50000 (87%)]	Loss: 1.528126	Temp: 0.999990
Train Epoch: 2 [44800/50000 (90%)]	Loss: 1.507153	Temp: 0.999990
Train Epoch: 2 [46080/50000 (92%)]	Loss: 1.505373	Temp: 0.999990
Train Epoch: 2 [47360/50000 (95%)]	Loss: 1.264525	Temp: 0.999990
Train Epoch: 2 [48640/50000 (97%)]	Loss: 1.382849	Temp: 0.999990
Train Epoch: 2 [31200/50000 (100%)]	Loss: 1.491821	Temp: 0.999990

Test set: Average loss: 0.0113, Accuracy: 4873/10000 (48.73%)

Confusion Matrix:
 [[551  32 107  56  30  15  21   7 157  24]
 [ 88 556  24  32  10  16  33  17  92 132]
 [ 67   8 308 126 178  91 147  39  20  16]
 [ 27   4  74 404  81 172 170  35  16  17]
 [ 27   5 146 111 409  44 158  75  20   5]
 [ 13   2  75 315  68 363  82  64  11   7]
 [ 11   4  42  83  76  30 702  32  11   9]
 [ 17   2  41 137  99 102  47 514  13  28]
 [217  44  36  53  12  18  10   7 574  29]
 [ 70 119  29  55  17  18  35  39 126 492]]
Train Epoch: 3 [0/50000 (0%)]	Loss: 1.494370	Temp: 0.999990
Train Epoch: 3 [1280/50000 (3%)]	Loss: 1.429787	Temp: 0.999990
Train Epoch: 3 [2560/50000 (5%)]	Loss: 1.514665	Temp: 0.999990
Train Epoch: 3 [3840/50000 (8%)]	Loss: 1.188111	Temp: 0.999990
Train Epoch: 3 [5120/50000 (10%)]	Loss: 1.419464	Temp: 0.999990
Train Epoch: 3 [6400/50000 (13%)]	Loss: 1.430403	Temp: 0.999990
Train Epoch: 3 [7680/50000 (15%)]	Loss: 1.293109	Temp: 0.999990
Train Epoch: 3 [8960/50000 (18%)]	Loss: 1.285598	Temp: 0.999990
Train Epoch: 3 [10240/50000 (20%)]	Loss: 1.316215	Temp: 0.999990
Train Epoch: 3 [11520/50000 (23%)]	Loss: 1.341226	Temp: 0.999990
Train Epoch: 3 [12800/50000 (26%)]	Loss: 1.361632	Temp: 0.999990
Train Epoch: 3 [14080/50000 (28%)]	Loss: 1.358797	Temp: 0.999990
Train Epoch: 3 [15360/50000 (31%)]	Loss: 1.257611	Temp: 0.999990
Train Epoch: 3 [16640/50000 (33%)]	Loss: 1.267498	Temp: 0.999990
Train Epoch: 3 [17920/50000 (36%)]	Loss: 1.405235	Temp: 0.999990
Train Epoch: 3 [19200/50000 (38%)]	Loss: 1.312426	Temp: 0.999990
Train Epoch: 3 [20480/50000 (41%)]	Loss: 1.467206	Temp: 0.999990
Train Epoch: 3 [21760/50000 (43%)]	Loss: 1.537727	Temp: 0.999990
Train Epoch: 3 [23040/50000 (46%)]	Loss: 1.359066	Temp: 0.999990
Train Epoch: 3 [24320/50000 (49%)]	Loss: 1.316192	Temp: 0.999990
Train Epoch: 3 [25600/50000 (51%)]	Loss: 1.434207	Temp: 0.999990
Train Epoch: 3 [26880/50000 (54%)]	Loss: 1.463207	Temp: 0.999990
Train Epoch: 3 [28160/50000 (56%)]	Loss: 1.255685	Temp: 0.999980
Train Epoch: 3 [29440/50000 (59%)]	Loss: 1.416650	Temp: 0.999980
Train Epoch: 3 [30720/50000 (61%)]	Loss: 1.408125	Temp: 0.999980
Train Epoch: 3 [32000/50000 (64%)]	Loss: 1.283924	Temp: 0.999980
Train Epoch: 3 [33280/50000 (66%)]	Loss: 1.475220	Temp: 0.999980
Train Epoch: 3 [34560/50000 (69%)]	Loss: 1.264343	Temp: 0.999980
Train Epoch: 3 [35840/50000 (72%)]	Loss: 1.335589	Temp: 0.999980
Train Epoch: 3 [37120/50000 (74%)]	Loss: 1.347901	Temp: 0.999980
Train Epoch: 3 [38400/50000 (77%)]	Loss: 1.176411	Temp: 0.999980
Train Epoch: 3 [39680/50000 (79%)]	Loss: 1.301006	Temp: 0.999980
Train Epoch: 3 [40960/50000 (82%)]	Loss: 1.244246	Temp: 0.999980
Train Epoch: 3 [42240/50000 (84%)]	Loss: 1.266896	Temp: 0.999980
Train Epoch: 3 [43520/50000 (87%)]	Loss: 1.414057	Temp: 0.999980
Train Epoch: 3 [44800/50000 (90%)]	Loss: 1.229914	Temp: 0.999980
Train Epoch: 3 [46080/50000 (92%)]	Loss: 1.393456	Temp: 0.999980
Train Epoch: 3 [47360/50000 (95%)]	Loss: 1.126523	Temp: 0.999980
Train Epoch: 3 [48640/50000 (97%)]	Loss: 1.213906	Temp: 0.999980
Train Epoch: 3 [31200/50000 (100%)]	Loss: 1.462760	Temp: 0.999980

Test set: Average loss: 0.0105, Accuracy: 5434/10000 (54.34%)

Confusion Matrix:
 [[619  32  91  37   6   8  12   8 162  25]
 [ 62 707  16  38   2  20   8   5  66  76]
 [ 92  19 509 124  46  89  54  40  20   7]
 [ 34   7 117 484  22 229  60  23  15   9]
 [ 52   8 318 129 230  73  71  99  19   1]
 [ 26   5 120 236  14 509  25  44  14   7]
 [ 12  16  87 189  45  49 573  16   7   6]
 [ 45   7  86 106  21 154  13 537   8  23]
 [116  52  39  30   3  10   6   7 721  16]
 [ 58 135  32  78   4  30  21  22  75 545]]
Train Epoch: 4 [0/50000 (0%)]	Loss: 1.345867	Temp: 0.999980
Train Epoch: 4 [1280/50000 (3%)]	Loss: 1.245078	Temp: 0.999980
Train Epoch: 4 [2560/50000 (5%)]	Loss: 1.251704	Temp: 0.999980
Train Epoch: 4 [3840/50000 (8%)]	Loss: 1.326164	Temp: 0.999980
Train Epoch: 4 [5120/50000 (10%)]	Loss: 1.193895	Temp: 0.999980
Train Epoch: 4 [6400/50000 (13%)]	Loss: 1.299577	Temp: 0.999980
Train Epoch: 4 [7680/50000 (15%)]	Loss: 1.132141	Temp: 0.999980
Train Epoch: 4 [8960/50000 (18%)]	Loss: 1.134453	Temp: 0.999980
Train Epoch: 4 [10240/50000 (20%)]	Loss: 1.251280	Temp: 0.999980
Train Epoch: 4 [11520/50000 (23%)]	Loss: 1.307892	Temp: 0.999980
Train Epoch: 4 [12800/50000 (26%)]	Loss: 1.160650	Temp: 0.999980
Train Epoch: 4 [14080/50000 (28%)]	Loss: 1.298481	Temp: 0.999980
Train Epoch: 4 [15360/50000 (31%)]	Loss: 1.262149	Temp: 0.999980
Train Epoch: 4 [16640/50000 (33%)]	Loss: 1.020257	Temp: 0.999980
Train Epoch: 4 [17920/50000 (36%)]	Loss: 1.283184	Temp: 0.999980
Train Epoch: 4 [19200/50000 (38%)]	Loss: 1.205096	Temp: 0.999980
Train Epoch: 4 [20480/50000 (41%)]	Loss: 1.187031	Temp: 0.999980
Train Epoch: 4 [21760/50000 (43%)]	Loss: 1.216926	Temp: 0.999980
Train Epoch: 4 [23040/50000 (46%)]	Loss: 1.315823	Temp: 0.999980
Train Epoch: 4 [24320/50000 (49%)]	Loss: 1.229213	Temp: 0.999980
Train Epoch: 4 [25600/50000 (51%)]	Loss: 1.151541	Temp: 0.999980
Train Epoch: 4 [26880/50000 (54%)]	Loss: 1.391305	Temp: 0.999980
Train Epoch: 4 [28160/50000 (56%)]	Loss: 1.282053	Temp: 0.999980
Train Epoch: 4 [29440/50000 (59%)]	Loss: 1.210931	Temp: 0.999980
Train Epoch: 4 [30720/50000 (61%)]	Loss: 1.319160	Temp: 0.999980
Train Epoch: 4 [32000/50000 (64%)]	Loss: 1.070834	Temp: 0.999980
Train Epoch: 4 [33280/50000 (66%)]	Loss: 1.132142	Temp: 0.999980
Train Epoch: 4 [34560/50000 (69%)]	Loss: 1.056222	Temp: 0.999980
Train Epoch: 4 [35840/50000 (72%)]	Loss: 1.175592	Temp: 0.999980
Train Epoch: 4 [37120/50000 (74%)]	Loss: 1.128690	Temp: 0.999980
Train Epoch: 4 [38400/50000 (77%)]	Loss: 1.239577	Temp: 0.999980
Train Epoch: 4 [39680/50000 (79%)]	Loss: 1.099910	Temp: 0.999980
Train Epoch: 4 [40960/50000 (82%)]	Loss: 1.112178	Temp: 0.999980
Train Epoch: 4 [42240/50000 (84%)]	Loss: 1.242824	Temp: 0.999970
Train Epoch: 4 [43520/50000 (87%)]	Loss: 1.242355	Temp: 0.999970
Train Epoch: 4 [44800/50000 (90%)]	Loss: 1.211339	Temp: 0.999970
Train Epoch: 4 [46080/50000 (92%)]	Loss: 1.159176	Temp: 0.999970
Train Epoch: 4 [47360/50000 (95%)]	Loss: 1.216132	Temp: 0.999970
Train Epoch: 4 [48640/50000 (97%)]	Loss: 0.979754	Temp: 0.999970
Train Epoch: 4 [31200/50000 (100%)]	Loss: 1.105923	Temp: 0.999970

Test set: Average loss: 0.0092, Accuracy: 5943/10000 (59.43%)

Confusion Matrix:
 [[607  52  78   5  15   9  13  21 174  26]
 [ 37 823  13   5   4   2   3   8  55  50]
 [ 68  19 550  27 101  75  52  52  46  10]
 [ 16  28 210 226  61 216  92  70  61  20]
 [ 38  17 183  26 438  54  62 136  38   8]
 [ 20  11 161  92  46 512  31  77  39  11]
 [ 10  27 119  39  43  30 677  24  18  13]
 [ 31  13  65  14  41  84   7 693  17  35]
 [ 65  53  15   3   5   7   4   7 827  14]
 [ 50 200  22  10   3   5  11  21  88 590]]
Train Epoch: 5 [0/50000 (0%)]	Loss: 1.305525	Temp: 0.999970
Train Epoch: 5 [1280/50000 (3%)]	Loss: 1.084787	Temp: 0.999970
Train Epoch: 5 [2560/50000 (5%)]	Loss: 1.029855	Temp: 0.999970
Train Epoch: 5 [3840/50000 (8%)]	Loss: 1.044402	Temp: 0.999970
Train Epoch: 5 [5120/50000 (10%)]	Loss: 1.153540	Temp: 0.999970
Train Epoch: 5 [6400/50000 (13%)]	Loss: 1.206140	Temp: 0.999970
Train Epoch: 5 [7680/50000 (15%)]	Loss: 1.095893	Temp: 0.999970
Train Epoch: 5 [8960/50000 (18%)]	Loss: 1.051919	Temp: 0.999970
Train Epoch: 5 [10240/50000 (20%)]	Loss: 1.162526	Temp: 0.999970
Train Epoch: 5 [11520/50000 (23%)]	Loss: 1.081756	Temp: 0.999970
Train Epoch: 5 [12800/50000 (26%)]	Loss: 1.127436	Temp: 0.999970
Train Epoch: 5 [14080/50000 (28%)]	Loss: 1.188223	Temp: 0.999970
Train Epoch: 5 [15360/50000 (31%)]	Loss: 0.944557	Temp: 0.999970
Train Epoch: 5 [16640/50000 (33%)]	Loss: 0.983916	Temp: 0.999970
Train Epoch: 5 [17920/50000 (36%)]	Loss: 1.089533	Temp: 0.999970
Train Epoch: 5 [19200/50000 (38%)]	Loss: 1.190290	Temp: 0.999970
Train Epoch: 5 [20480/50000 (41%)]	Loss: 1.103431	Temp: 0.999970
Train Epoch: 5 [21760/50000 (43%)]	Loss: 0.941500	Temp: 0.999970
Train Epoch: 5 [23040/50000 (46%)]	Loss: 1.154926	Temp: 0.999970
Train Epoch: 5 [24320/50000 (49%)]	Loss: 1.168036	Temp: 0.999970
Train Epoch: 5 [25600/50000 (51%)]	Loss: 1.010783	Temp: 0.999970
Train Epoch: 5 [26880/50000 (54%)]	Loss: 0.978767	Temp: 0.999970
Train Epoch: 5 [28160/50000 (56%)]	Loss: 0.957884	Temp: 0.999970
Train Epoch: 5 [29440/50000 (59%)]	Loss: 1.111854	Temp: 0.999970
Train Epoch: 5 [30720/50000 (61%)]	Loss: 1.136858	Temp: 0.999970
Train Epoch: 5 [32000/50000 (64%)]	Loss: 1.062510	Temp: 0.999970
Train Epoch: 5 [33280/50000 (66%)]	Loss: 1.127677	Temp: 0.999970
Train Epoch: 5 [34560/50000 (69%)]	Loss: 1.069890	Temp: 0.999970
Train Epoch: 5 [35840/50000 (72%)]	Loss: 1.135783	Temp: 0.999970
Train Epoch: 5 [37120/50000 (74%)]	Loss: 1.040219	Temp: 0.999970
Train Epoch: 5 [38400/50000 (77%)]	Loss: 0.968715	Temp: 0.999970
Train Epoch: 5 [39680/50000 (79%)]	Loss: 1.172808	Temp: 0.999970
Train Epoch: 5 [40960/50000 (82%)]	Loss: 1.063586	Temp: 0.999970
Train Epoch: 5 [42240/50000 (84%)]	Loss: 1.230301	Temp: 0.999970
Train Epoch: 5 [43520/50000 (87%)]	Loss: 1.060906	Temp: 0.999970
Train Epoch: 5 [44800/50000 (90%)]	Loss: 1.068287	Temp: 0.999970
Train Epoch: 5 [46080/50000 (92%)]	Loss: 0.936648	Temp: 0.999970
Train Epoch: 5 [47360/50000 (95%)]	Loss: 1.059121	Temp: 0.999970
Train Epoch: 5 [48640/50000 (97%)]	Loss: 1.047367	Temp: 0.999970
Train Epoch: 5 [31200/50000 (100%)]	Loss: 1.180543	Temp: 0.999970

Test set: Average loss: 0.0091, Accuracy: 6030/10000 (60.30%)

Confusion Matrix:
 [[621  60  61  10  13   2  32   4 155  42]
 [ 12 836   3   3   3   0  27   0  33  83]
 [ 72  43 435  44  81  34 219  23  22  27]
 [ 17  37  73 296  59  94 333  18  31  42]
 [ 35  22  79  38 465  12 271  42  25  11]
 [ 13  18  77 215  46 368 188  37  18  20]
 [  7  17  28  15   6   2 911   3   6   5]
 [ 32  19  53  44  90  40  91 572   9  50]
 [ 51  47  17   9   6   0  22   1 809  38]
 [ 23 146  11   7   5   0  40   4  47 717]]
Train Epoch: 6 [0/50000 (0%)]	Loss: 0.899850	Temp: 0.999970
Train Epoch: 6 [1280/50000 (3%)]	Loss: 1.165826	Temp: 0.999970
Train Epoch: 6 [2560/50000 (5%)]	Loss: 1.069824	Temp: 0.999970
Train Epoch: 6 [3840/50000 (8%)]	Loss: 0.923083	Temp: 0.999970
Train Epoch: 6 [5120/50000 (10%)]	Loss: 1.060132	Temp: 0.999970
Train Epoch: 6 [6400/50000 (13%)]	Loss: 0.978397	Temp: 0.999960
Train Epoch: 6 [7680/50000 (15%)]	Loss: 1.219396	Temp: 0.999960
Train Epoch: 6 [8960/50000 (18%)]	Loss: 1.012104	Temp: 0.999960
Train Epoch: 6 [10240/50000 (20%)]	Loss: 0.967311	Temp: 0.999960
Train Epoch: 6 [11520/50000 (23%)]	Loss: 1.047711	Temp: 0.999960
Train Epoch: 6 [12800/50000 (26%)]	Loss: 0.882321	Temp: 0.999960
Train Epoch: 6 [14080/50000 (28%)]	Loss: 0.919395	Temp: 0.999960
Train Epoch: 6 [15360/50000 (31%)]	Loss: 1.008452	Temp: 0.999960
Train Epoch: 6 [16640/50000 (33%)]	Loss: 1.178525	Temp: 0.999960
Train Epoch: 6 [17920/50000 (36%)]	Loss: 1.002808	Temp: 0.999960
Train Epoch: 6 [19200/50000 (38%)]	Loss: 1.095971	Temp: 0.999960
Train Epoch: 6 [20480/50000 (41%)]	Loss: 0.979322	Temp: 0.999960
Train Epoch: 6 [21760/50000 (43%)]	Loss: 1.102134	Temp: 0.999960
Train Epoch: 6 [23040/50000 (46%)]	Loss: 1.003099	Temp: 0.999960
Train Epoch: 6 [24320/50000 (49%)]	Loss: 0.956183	Temp: 0.999960
Train Epoch: 6 [25600/50000 (51%)]	Loss: 0.968513	Temp: 0.999960
Train Epoch: 6 [26880/50000 (54%)]	Loss: 0.863829	Temp: 0.999960
Train Epoch: 6 [28160/50000 (56%)]	Loss: 1.167275	Temp: 0.999960
Train Epoch: 6 [29440/50000 (59%)]	Loss: 1.097629	Temp: 0.999960
Train Epoch: 6 [30720/50000 (61%)]	Loss: 1.018312	Temp: 0.999960
Train Epoch: 6 [32000/50000 (64%)]	Loss: 0.975838	Temp: 0.999960
Train Epoch: 6 [33280/50000 (66%)]	Loss: 0.947283	Temp: 0.999960
Train Epoch: 6 [34560/50000 (69%)]	Loss: 1.005347	Temp: 0.999960
Train Epoch: 6 [35840/50000 (72%)]	Loss: 0.994673	Temp: 0.999960
Train Epoch: 6 [37120/50000 (74%)]	Loss: 0.902745	Temp: 0.999960
Train Epoch: 6 [38400/50000 (77%)]	Loss: 1.059242	Temp: 0.999960
Train Epoch: 6 [39680/50000 (79%)]	Loss: 0.979629	Temp: 0.999960
Train Epoch: 6 [40960/50000 (82%)]	Loss: 0.880973	Temp: 0.999960
Train Epoch: 6 [42240/50000 (84%)]	Loss: 0.857558	Temp: 0.999960
Train Epoch: 6 [43520/50000 (87%)]	Loss: 0.952667	Temp: 0.999960
Train Epoch: 6 [44800/50000 (90%)]	Loss: 1.012628	Temp: 0.999960
Train Epoch: 6 [46080/50000 (92%)]	Loss: 1.161907	Temp: 0.999960
Train Epoch: 6 [47360/50000 (95%)]	Loss: 1.073020	Temp: 0.999960
Train Epoch: 6 [48640/50000 (97%)]	Loss: 1.030939	Temp: 0.999960
Train Epoch: 6 [31200/50000 (100%)]	Loss: 0.772126	Temp: 0.999960

Test set: Average loss: 0.0083, Accuracy: 6375/10000 (63.75%)

Confusion Matrix:
 [[767  24  50   1  10   3  14   3 111  17]
 [ 43 833  11   2   7   3  14   4  47  36]
 [106  13 620   9  86  45  80  19  17   5]
 [ 44  13 242 170  76 259 116  34  31  15]
 [ 65   5 176  12 556  30  61  66  27   2]
 [ 25  11 208  36  49 565  49  37  15   5]
 [ 22   8  73  14  32  36 793  10  10   2]
 [ 60   5  97   6  70  74  13 655   5  15]
 [ 90  33  19   1   7   9   6   2 826   7]
 [ 78 165  29   4   4  11  21  15  83 590]]
Train Epoch: 7 [0/50000 (0%)]	Loss: 0.972167	Temp: 0.999960
Train Epoch: 7 [1280/50000 (3%)]	Loss: 1.046397	Temp: 0.999960
Train Epoch: 7 [2560/50000 (5%)]	Loss: 1.069451	Temp: 0.999960
Train Epoch: 7 [3840/50000 (8%)]	Loss: 0.963822	Temp: 0.999960
Train Epoch: 7 [5120/50000 (10%)]	Loss: 0.981409	Temp: 0.999960
Train Epoch: 7 [6400/50000 (13%)]	Loss: 0.928632	Temp: 0.999960
Train Epoch: 7 [7680/50000 (15%)]	Loss: 0.961005	Temp: 0.999960
Train Epoch: 7 [8960/50000 (18%)]	Loss: 0.867513	Temp: 0.999960
Train Epoch: 7 [10240/50000 (20%)]	Loss: 0.889759	Temp: 0.999960
Train Epoch: 7 [11520/50000 (23%)]	Loss: 0.990266	Temp: 0.999960
Train Epoch: 7 [12800/50000 (26%)]	Loss: 0.906530	Temp: 0.999960
Train Epoch: 7 [14080/50000 (28%)]	Loss: 0.858262	Temp: 0.999960
Train Epoch: 7 [15360/50000 (31%)]	Loss: 0.913757	Temp: 0.999960
Train Epoch: 7 [16640/50000 (33%)]	Loss: 0.876996	Temp: 0.999960
Train Epoch: 7 [17920/50000 (36%)]	Loss: 0.880340	Temp: 0.999960
Train Epoch: 7 [19200/50000 (38%)]	Loss: 0.970710	Temp: 0.999960
Train Epoch: 7 [20480/50000 (41%)]	Loss: 0.980075	Temp: 0.999950
Train Epoch: 7 [21760/50000 (43%)]	Loss: 0.969265	Temp: 0.999950
Train Epoch: 7 [23040/50000 (46%)]	Loss: 1.071197	Temp: 0.999950
Train Epoch: 7 [24320/50000 (49%)]	Loss: 0.842043	Temp: 0.999950
Train Epoch: 7 [25600/50000 (51%)]	Loss: 0.975793	Temp: 0.999950
Train Epoch: 7 [26880/50000 (54%)]	Loss: 0.928062	Temp: 0.999950
Train Epoch: 7 [28160/50000 (56%)]	Loss: 0.873840	Temp: 0.999950
Train Epoch: 7 [29440/50000 (59%)]	Loss: 0.781092	Temp: 0.999950
Train Epoch: 7 [30720/50000 (61%)]	Loss: 0.950574	Temp: 0.999950
Train Epoch: 7 [32000/50000 (64%)]	Loss: 1.030281	Temp: 0.999950
Train Epoch: 7 [33280/50000 (66%)]	Loss: 0.731574	Temp: 0.999950
Train Epoch: 7 [34560/50000 (69%)]	Loss: 1.025624	Temp: 0.999950
Train Epoch: 7 [35840/50000 (72%)]	Loss: 0.977463	Temp: 0.999950
Train Epoch: 7 [37120/50000 (74%)]	Loss: 0.987211	Temp: 0.999950
Train Epoch: 7 [38400/50000 (77%)]	Loss: 0.822125	Temp: 0.999950
Train Epoch: 7 [39680/50000 (79%)]	Loss: 1.046640	Temp: 0.999950
Train Epoch: 7 [40960/50000 (82%)]	Loss: 0.977707	Temp: 0.999950
Train Epoch: 7 [42240/50000 (84%)]	Loss: 1.040650	Temp: 0.999950
Train Epoch: 7 [43520/50000 (87%)]	Loss: 1.044184	Temp: 0.999950
Train Epoch: 7 [44800/50000 (90%)]	Loss: 0.931945	Temp: 0.999950
Train Epoch: 7 [46080/50000 (92%)]	Loss: 0.997711	Temp: 0.999950
Train Epoch: 7 [47360/50000 (95%)]	Loss: 0.983291	Temp: 0.999950
Train Epoch: 7 [48640/50000 (97%)]	Loss: 0.904912	Temp: 0.999950
Train Epoch: 7 [31200/50000 (100%)]	Loss: 0.859703	Temp: 0.999950

Test set: Average loss: 0.0088, Accuracy: 6199/10000 (61.99%)

Confusion Matrix:
 [[589   7 173  41  12  13  38   6 113   8]
 [ 32 703  43  36   7  16  46  13  80  24]
 [ 38   2 626  91  64  73  84  12   9   1]
 [  5   0 131 544  48 136 119   8   7   2]
 [ 13   0 144 105 557  38 108  23  12   0]
 [  6   0  92 262  39 514  76   6   5   0]
 [  1   2  90  54  18  15 815   2   3   0]
 [  6   1  76  92 117 120  34 550   2   2]
 [ 48  11  45  32   7  18  18   1 815   5]
 [ 54 113  67  86   7  33  57  26  71 486]]
Train Epoch: 8 [0/50000 (0%)]	Loss: 0.964599	Temp: 0.999950
Train Epoch: 8 [1280/50000 (3%)]	Loss: 0.705685	Temp: 0.999950
Train Epoch: 8 [2560/50000 (5%)]	Loss: 0.768359	Temp: 0.999950
Train Epoch: 8 [3840/50000 (8%)]	Loss: 0.971114	Temp: 0.999950
Train Epoch: 8 [5120/50000 (10%)]	Loss: 0.824594	Temp: 0.999950
Train Epoch: 8 [6400/50000 (13%)]	Loss: 1.115932	Temp: 0.999950
Train Epoch: 8 [7680/50000 (15%)]	Loss: 0.899896	Temp: 0.999950
Train Epoch: 8 [8960/50000 (18%)]	Loss: 0.814834	Temp: 0.999950
Train Epoch: 8 [10240/50000 (20%)]	Loss: 0.801082	Temp: 0.999950
Train Epoch: 8 [11520/50000 (23%)]	Loss: 0.843577	Temp: 0.999950
Train Epoch: 8 [12800/50000 (26%)]	Loss: 1.004503	Temp: 0.999950
Train Epoch: 8 [14080/50000 (28%)]	Loss: 0.982356	Temp: 0.999950
Train Epoch: 8 [15360/50000 (31%)]	Loss: 0.905640	Temp: 0.999950
Train Epoch: 8 [16640/50000 (33%)]	Loss: 0.867507	Temp: 0.999950
Train Epoch: 8 [17920/50000 (36%)]	Loss: 0.863578	Temp: 0.999950
Train Epoch: 8 [19200/50000 (38%)]	Loss: 0.707786	Temp: 0.999950
Train Epoch: 8 [20480/50000 (41%)]	Loss: 0.788241	Temp: 0.999950
Train Epoch: 8 [21760/50000 (43%)]	Loss: 0.777841	Temp: 0.999950
Train Epoch: 8 [23040/50000 (46%)]	Loss: 1.060061	Temp: 0.999950
Train Epoch: 8 [24320/50000 (49%)]	Loss: 0.695449	Temp: 0.999950
Train Epoch: 8 [25600/50000 (51%)]	Loss: 0.991917	Temp: 0.999950
Train Epoch: 8 [26880/50000 (54%)]	Loss: 0.743120	Temp: 0.999950
Train Epoch: 8 [28160/50000 (56%)]	Loss: 0.972252	Temp: 0.999950
Train Epoch: 8 [29440/50000 (59%)]	Loss: 0.854307	Temp: 0.999950
Train Epoch: 8 [30720/50000 (61%)]	Loss: 0.927843	Temp: 0.999950
Train Epoch: 8 [32000/50000 (64%)]	Loss: 0.782578	Temp: 0.999950
Train Epoch: 8 [33280/50000 (66%)]	Loss: 0.788877	Temp: 0.999950
Train Epoch: 8 [34560/50000 (69%)]	Loss: 0.886752	Temp: 0.999940
Train Epoch: 8 [35840/50000 (72%)]	Loss: 0.721456	Temp: 0.999940
Train Epoch: 8 [37120/50000 (74%)]	Loss: 0.759963	Temp: 0.999940
Train Epoch: 8 [38400/50000 (77%)]	Loss: 0.949859	Temp: 0.999940
Train Epoch: 8 [39680/50000 (79%)]	Loss: 0.795709	Temp: 0.999940
Train Epoch: 8 [40960/50000 (82%)]	Loss: 0.902506	Temp: 0.999940
Train Epoch: 8 [42240/50000 (84%)]	Loss: 0.751048	Temp: 0.999940
Train Epoch: 8 [43520/50000 (87%)]	Loss: 0.936934	Temp: 0.999940
Train Epoch: 8 [44800/50000 (90%)]	Loss: 0.808801	Temp: 0.999940
Train Epoch: 8 [46080/50000 (92%)]	Loss: 0.888937	Temp: 0.999940
Train Epoch: 8 [47360/50000 (95%)]	Loss: 0.794978	Temp: 0.999940
Train Epoch: 8 [48640/50000 (97%)]	Loss: 0.847174	Temp: 0.999940
Train Epoch: 8 [31200/50000 (100%)]	Loss: 0.838654	Temp: 0.999940

Test set: Average loss: 0.0076, Accuracy: 6793/10000 (67.93%)

Confusion Matrix:
 [[757  13  12  17  26   3   9   5  94  64]
 [ 16 720   1  10   6   0   9   2  36 200]
 [ 97  11 374  90 210  43  71  37  22  45]
 [ 17  11  26 577 132  66  69  27  16  59]
 [ 23   2  23  48 758   6  49  56  23  12]
 [ 14   2  29 301  98 416  36  55  15  34]
 [  5   4  22  61  72   9 782   6   8  31]
 [ 12   0  11  60 115  38  13 684   8  59]
 [ 56  21   0  13  10   2   6   2 841  49]
 [ 24  32   1  14   7   0   8   3  27 884]]
Train Epoch: 9 [0/50000 (0%)]	Loss: 0.748846	Temp: 0.999940
Train Epoch: 9 [1280/50000 (3%)]	Loss: 0.694991	Temp: 0.999940
Train Epoch: 9 [2560/50000 (5%)]	Loss: 0.821805	Temp: 0.999940
Train Epoch: 9 [3840/50000 (8%)]	Loss: 0.781437	Temp: 0.999940
Train Epoch: 9 [5120/50000 (10%)]	Loss: 0.789075	Temp: 0.999940
Train Epoch: 9 [6400/50000 (13%)]	Loss: 0.733508	Temp: 0.999940
Train Epoch: 9 [7680/50000 (15%)]	Loss: 0.661103	Temp: 0.999940
Train Epoch: 9 [8960/50000 (18%)]	Loss: 0.757359	Temp: 0.999940
Train Epoch: 9 [10240/50000 (20%)]	Loss: 0.692255	Temp: 0.999940
Train Epoch: 9 [11520/50000 (23%)]	Loss: 0.655258	Temp: 0.999940
Train Epoch: 9 [12800/50000 (26%)]	Loss: 0.998443	Temp: 0.999940
Train Epoch: 9 [14080/50000 (28%)]	Loss: 0.825210	Temp: 0.999940
Train Epoch: 9 [15360/50000 (31%)]	Loss: 0.755197	Temp: 0.999940
Train Epoch: 9 [16640/50000 (33%)]	Loss: 0.691649	Temp: 0.999940
Train Epoch: 9 [17920/50000 (36%)]	Loss: 0.703287	Temp: 0.999940
Train Epoch: 9 [19200/50000 (38%)]	Loss: 0.738986	Temp: 0.999940
Train Epoch: 9 [20480/50000 (41%)]	Loss: 0.867691	Temp: 0.999940
Train Epoch: 9 [21760/50000 (43%)]	Loss: 0.876293	Temp: 0.999940
Train Epoch: 9 [23040/50000 (46%)]	Loss: 0.914403	Temp: 0.999940
Train Epoch: 9 [24320/50000 (49%)]	Loss: 0.860866	Temp: 0.999940
Train Epoch: 9 [25600/50000 (51%)]	Loss: 0.937504	Temp: 0.999940
Train Epoch: 9 [26880/50000 (54%)]	Loss: 0.944439	Temp: 0.999940
Train Epoch: 9 [28160/50000 (56%)]	Loss: 0.852971	Temp: 0.999940
Train Epoch: 9 [29440/50000 (59%)]	Loss: 0.830165	Temp: 0.999940
Train Epoch: 9 [30720/50000 (61%)]	Loss: 0.753076	Temp: 0.999940
Train Epoch: 9 [32000/50000 (64%)]	Loss: 0.775114	Temp: 0.999940
Train Epoch: 9 [33280/50000 (66%)]	Loss: 0.928281	Temp: 0.999940
Train Epoch: 9 [34560/50000 (69%)]	Loss: 1.006517	Temp: 0.999940
Train Epoch: 9 [35840/50000 (72%)]	Loss: 0.711006	Temp: 0.999940
Train Epoch: 9 [37120/50000 (74%)]	Loss: 0.712800	Temp: 0.999940
Train Epoch: 9 [38400/50000 (77%)]	Loss: 0.851384	Temp: 0.999940
Train Epoch: 9 [39680/50000 (79%)]	Loss: 0.819044	Temp: 0.999940
Train Epoch: 9 [40960/50000 (82%)]	Loss: 0.660059	Temp: 0.999940
Train Epoch: 9 [42240/50000 (84%)]	Loss: 0.920935	Temp: 0.999940
Train Epoch: 9 [43520/50000 (87%)]	Loss: 0.853162	Temp: 0.999940
Train Epoch: 9 [44800/50000 (90%)]	Loss: 0.759509	Temp: 0.999940
Train Epoch: 9 [46080/50000 (92%)]	Loss: 0.835501	Temp: 0.999940
Train Epoch: 9 [47360/50000 (95%)]	Loss: 0.958282	Temp: 0.999940
Train Epoch: 9 [48640/50000 (97%)]	Loss: 0.690976	Temp: 0.999930
Train Epoch: 9 [31200/50000 (100%)]	Loss: 0.839446	Temp: 0.999930

Test set: Average loss: 0.0073, Accuracy: 6861/10000 (68.61%)

Confusion Matrix:
 [[747  24  21   9  14   5  12  14  91  63]
 [ 22 788   0   6   1   1   5   3  21 153]
 [106  16 426  52  89  75 122  57  19  38]
 [ 27  17  27 409  48 230  93  61  23  65]
 [ 34   8  43  51 575  36  93 122  23  15]
 [ 19  10  25 125  40 630  33  79  11  28]
 [  9  13  20  34  18  25 819  14  17  31]
 [ 24   6   9  26  43  57  14 760   3  58]
 [ 60  28   8   2   4   7   4   3 820  64]
 [ 24  43   3   3   3   2   9   5  21 887]]
Train Epoch: 10 [0/50000 (0%)]	Loss: 0.883411	Temp: 0.999930
Train Epoch: 10 [1280/50000 (3%)]	Loss: 0.755792	Temp: 0.999930
Train Epoch: 10 [2560/50000 (5%)]	Loss: 0.690459	Temp: 0.999930
Train Epoch: 10 [3840/50000 (8%)]	Loss: 0.765113	Temp: 0.999930
Train Epoch: 10 [5120/50000 (10%)]	Loss: 0.600111	Temp: 0.999930
Train Epoch: 10 [6400/50000 (13%)]	Loss: 0.794453	Temp: 0.999930
Train Epoch: 10 [7680/50000 (15%)]	Loss: 0.649874	Temp: 0.999930
Train Epoch: 10 [8960/50000 (18%)]	Loss: 0.764276	Temp: 0.999930
Train Epoch: 10 [10240/50000 (20%)]	Loss: 0.699992	Temp: 0.999930
Train Epoch: 10 [11520/50000 (23%)]	Loss: 0.658738	Temp: 0.999930
Train Epoch: 10 [12800/50000 (26%)]	Loss: 0.824934	Temp: 0.999930
Train Epoch: 10 [14080/50000 (28%)]	Loss: 0.728113	Temp: 0.999930
Train Epoch: 10 [15360/50000 (31%)]	Loss: 0.718307	Temp: 0.999930
Train Epoch: 10 [16640/50000 (33%)]	Loss: 0.629458	Temp: 0.999930
Train Epoch: 10 [17920/50000 (36%)]	Loss: 0.778089	Temp: 0.999930
Train Epoch: 10 [19200/50000 (38%)]	Loss: 0.803861	Temp: 0.999930
Train Epoch: 10 [20480/50000 (41%)]	Loss: 0.811449	Temp: 0.999930
Train Epoch: 10 [21760/50000 (43%)]	Loss: 0.614567	Temp: 0.999930
Train Epoch: 10 [23040/50000 (46%)]	Loss: 0.927223	Temp: 0.999930
Train Epoch: 10 [24320/50000 (49%)]	Loss: 0.760569	Temp: 0.999930
Train Epoch: 10 [25600/50000 (51%)]	Loss: 0.782728	Temp: 0.999930
Train Epoch: 10 [26880/50000 (54%)]	Loss: 0.669368	Temp: 0.999930
Train Epoch: 10 [28160/50000 (56%)]	Loss: 0.863018	Temp: 0.999930
Train Epoch: 10 [29440/50000 (59%)]	Loss: 0.524504	Temp: 0.999930
Train Epoch: 10 [30720/50000 (61%)]	Loss: 0.693357	Temp: 0.999930
Train Epoch: 10 [32000/50000 (64%)]	Loss: 0.716025	Temp: 0.999930
Train Epoch: 10 [33280/50000 (66%)]	Loss: 0.891585	Temp: 0.999930
Train Epoch: 10 [34560/50000 (69%)]	Loss: 0.760985	Temp: 0.999930
Train Epoch: 10 [35840/50000 (72%)]	Loss: 0.717925	Temp: 0.999930
Train Epoch: 10 [37120/50000 (74%)]	Loss: 0.662306	Temp: 0.999930
Train Epoch: 10 [38400/50000 (77%)]	Loss: 0.766491	Temp: 0.999930
Train Epoch: 10 [39680/50000 (79%)]	Loss: 0.697664	Temp: 0.999930
Train Epoch: 10 [40960/50000 (82%)]	Loss: 0.745927	Temp: 0.999930
Train Epoch: 10 [42240/50000 (84%)]	Loss: 0.816273	Temp: 0.999930
Train Epoch: 10 [43520/50000 (87%)]	Loss: 0.793843	Temp: 0.999930
Train Epoch: 10 [44800/50000 (90%)]	Loss: 0.636987	Temp: 0.999930
Train Epoch: 10 [46080/50000 (92%)]	Loss: 0.748219	Temp: 0.999930
Train Epoch: 10 [47360/50000 (95%)]	Loss: 0.593284	Temp: 0.999930
Train Epoch: 10 [48640/50000 (97%)]	Loss: 0.755480	Temp: 0.999930
Train Epoch: 10 [31200/50000 (100%)]	Loss: 0.745837	Temp: 0.999930

Test set: Average loss: 0.0070, Accuracy: 7056/10000 (70.56%)

Confusion Matrix:
 [[765  46  51   8  10   8  17   7  50  38]
 [  9 901   3   8   0   2  13   3   3  58]
 [ 73  17 630  48  45  55  93  18   3  18]
 [ 19  20  90 477  48 170 123  23   8  22]
 [ 20  10 115  44 614  42  87  56   8   4]
 [ 16  13  85 157  48 597  47  27   4   6]
 [  6  11  43  29  22  24 849   5   2   9]
 [ 14  11  35  37  67  82  15 713   2  24]
 [116  79  22  12   9   6  11   4 695  46]
 [ 19 101  15   7   2   8   9   6  18 815]]
Train Epoch: 11 [0/50000 (0%)]	Loss: 0.647973	Temp: 0.999930
Train Epoch: 11 [1280/50000 (3%)]	Loss: 0.750875	Temp: 0.999930
Train Epoch: 11 [2560/50000 (5%)]	Loss: 0.841776	Temp: 0.999930
Train Epoch: 11 [3840/50000 (8%)]	Loss: 0.662234	Temp: 0.999930
Train Epoch: 11 [5120/50000 (10%)]	Loss: 0.813945	Temp: 0.999930
Train Epoch: 11 [6400/50000 (13%)]	Loss: 0.706636	Temp: 0.999930
Train Epoch: 11 [7680/50000 (15%)]	Loss: 0.706924	Temp: 0.999930
Train Epoch: 11 [8960/50000 (18%)]	Loss: 0.848783	Temp: 0.999930
Train Epoch: 11 [10240/50000 (20%)]	Loss: 0.901896	Temp: 0.999930
Train Epoch: 11 [11520/50000 (23%)]	Loss: 0.756250	Temp: 0.999920
Train Epoch: 11 [12800/50000 (26%)]	Loss: 0.625971	Temp: 0.999920
Train Epoch: 11 [14080/50000 (28%)]	Loss: 0.644226	Temp: 0.999920
Train Epoch: 11 [15360/50000 (31%)]	Loss: 0.555067	Temp: 0.999920
Train Epoch: 11 [16640/50000 (33%)]	Loss: 0.755707	Temp: 0.999920
Train Epoch: 11 [17920/50000 (36%)]	Loss: 0.720168	Temp: 0.999920
Train Epoch: 11 [19200/50000 (38%)]	Loss: 0.738616	Temp: 0.999920
Train Epoch: 11 [20480/50000 (41%)]	Loss: 0.626511	Temp: 0.999920
Train Epoch: 11 [21760/50000 (43%)]	Loss: 0.699887	Temp: 0.999920
Train Epoch: 11 [23040/50000 (46%)]	Loss: 0.800233	Temp: 0.999920
Train Epoch: 11 [24320/50000 (49%)]	Loss: 0.723712	Temp: 0.999920
Train Epoch: 11 [25600/50000 (51%)]	Loss: 0.570125	Temp: 0.999920
Train Epoch: 11 [26880/50000 (54%)]	Loss: 0.822750	Temp: 0.999920
Train Epoch: 11 [28160/50000 (56%)]	Loss: 0.692508	Temp: 0.999920
Train Epoch: 11 [29440/50000 (59%)]	Loss: 0.799382	Temp: 0.999920
Train Epoch: 11 [30720/50000 (61%)]	Loss: 0.927105	Temp: 0.999920
Train Epoch: 11 [32000/50000 (64%)]	Loss: 0.735546	Temp: 0.999920
Train Epoch: 11 [33280/50000 (66%)]	Loss: 0.725436	Temp: 0.999920
Train Epoch: 11 [34560/50000 (69%)]	Loss: 0.831745	Temp: 0.999920
Train Epoch: 11 [35840/50000 (72%)]	Loss: 0.693387	Temp: 0.999920
Train Epoch: 11 [37120/50000 (74%)]	Loss: 0.701175	Temp: 0.999920
Train Epoch: 11 [38400/50000 (77%)]	Loss: 0.750005	Temp: 0.999920
Train Epoch: 11 [39680/50000 (79%)]	Loss: 0.770225	Temp: 0.999920
Train Epoch: 11 [40960/50000 (82%)]	Loss: 0.595980	Temp: 0.999920
Train Epoch: 11 [42240/50000 (84%)]	Loss: 0.641470	Temp: 0.999920
Train Epoch: 11 [43520/50000 (87%)]	Loss: 0.693586	Temp: 0.999920
Train Epoch: 11 [44800/50000 (90%)]	Loss: 0.739639	Temp: 0.999920
Train Epoch: 11 [46080/50000 (92%)]	Loss: 0.785824	Temp: 0.999920
Train Epoch: 11 [47360/50000 (95%)]	Loss: 0.674050	Temp: 0.999920
Train Epoch: 11 [48640/50000 (97%)]	Loss: 0.834252	Temp: 0.999920
Train Epoch: 11 [31200/50000 (100%)]	Loss: 0.568875	Temp: 0.999920

Test set: Average loss: 0.0067, Accuracy: 7159/10000 (71.59%)

Confusion Matrix:
 [[758  25  65  23  28   5  11   9  58  18]
 [ 14 857  15  11  11   6  15   3  18  50]
 [ 61   8 662  56 109  38  43  14   5   4]
 [ 13   6 104 527  88 153  75  23   5   6]
 [ 11   2  80  50 749  32  38  32   5   1]
 [  7   4  83 173  74 606  25  28   0   0]
 [  3   5  63  47  48  20 809   2   3   0]
 [ 15   1  44  47 125  67  23 674   0   4]
 [ 58  38  32  35  16   8  11   3 778  21]
 [ 38  94  15  33  11   8  15  18  29 739]]
Train Epoch: 12 [0/50000 (0%)]	Loss: 0.581745	Temp: 0.999920
Train Epoch: 12 [1280/50000 (3%)]	Loss: 0.714297	Temp: 0.999920
Train Epoch: 12 [2560/50000 (5%)]	Loss: 0.569066	Temp: 0.999920
Train Epoch: 12 [3840/50000 (8%)]	Loss: 0.685455	Temp: 0.999920
Train Epoch: 12 [5120/50000 (10%)]	Loss: 0.769176	Temp: 0.999920
Train Epoch: 12 [6400/50000 (13%)]	Loss: 0.630991	Temp: 0.999920
Train Epoch: 12 [7680/50000 (15%)]	Loss: 0.707196	Temp: 0.999920
Train Epoch: 12 [8960/50000 (18%)]	Loss: 0.594533	Temp: 0.999920
Train Epoch: 12 [10240/50000 (20%)]	Loss: 0.619760	Temp: 0.999920
Train Epoch: 12 [11520/50000 (23%)]	Loss: 0.590313	Temp: 0.999920
Train Epoch: 12 [12800/50000 (26%)]	Loss: 0.603917	Temp: 0.999920
Train Epoch: 12 [14080/50000 (28%)]	Loss: 0.640890	Temp: 0.999920
Train Epoch: 12 [15360/50000 (31%)]	Loss: 0.694310	Temp: 0.999920
Train Epoch: 12 [16640/50000 (33%)]	Loss: 0.658727	Temp: 0.999920
Train Epoch: 12 [17920/50000 (36%)]	Loss: 0.734686	Temp: 0.999920
Train Epoch: 12 [19200/50000 (38%)]	Loss: 0.746496	Temp: 0.999920
Train Epoch: 12 [20480/50000 (41%)]	Loss: 0.683127	Temp: 0.999920
Train Epoch: 12 [21760/50000 (43%)]	Loss: 0.614073	Temp: 0.999920
Train Epoch: 12 [23040/50000 (46%)]	Loss: 0.779797	Temp: 0.999920
Train Epoch: 12 [24320/50000 (49%)]	Loss: 0.661075	Temp: 0.999920
Train Epoch: 12 [25600/50000 (51%)]	Loss: 0.762435	Temp: 0.999910
Train Epoch: 12 [26880/50000 (54%)]	Loss: 0.720196	Temp: 0.999910
Train Epoch: 12 [28160/50000 (56%)]	Loss: 0.706200	Temp: 0.999910
Train Epoch: 12 [29440/50000 (59%)]	Loss: 0.673359	Temp: 0.999910
Train Epoch: 12 [30720/50000 (61%)]	Loss: 0.795431	Temp: 0.999910
Train Epoch: 12 [32000/50000 (64%)]	Loss: 0.689558	Temp: 0.999910
Train Epoch: 12 [33280/50000 (66%)]	Loss: 0.660488	Temp: 0.999910
Train Epoch: 12 [34560/50000 (69%)]	Loss: 0.742174	Temp: 0.999910
Train Epoch: 12 [35840/50000 (72%)]	Loss: 0.878480	Temp: 0.999910
Train Epoch: 12 [37120/50000 (74%)]	Loss: 0.742527	Temp: 0.999910
Train Epoch: 12 [38400/50000 (77%)]	Loss: 0.708374	Temp: 0.999910
Train Epoch: 12 [39680/50000 (79%)]	Loss: 0.752103	Temp: 0.999910
Train Epoch: 12 [40960/50000 (82%)]	Loss: 0.635428	Temp: 0.999910
Train Epoch: 12 [42240/50000 (84%)]	Loss: 0.666304	Temp: 0.999910
Train Epoch: 12 [43520/50000 (87%)]	Loss: 0.697846	Temp: 0.999910
Train Epoch: 12 [44800/50000 (90%)]	Loss: 0.750561	Temp: 0.999910
Train Epoch: 12 [46080/50000 (92%)]	Loss: 0.712563	Temp: 0.999910
Train Epoch: 12 [47360/50000 (95%)]	Loss: 0.817933	Temp: 0.999910
Train Epoch: 12 [48640/50000 (97%)]	Loss: 0.599590	Temp: 0.999910
Train Epoch: 12 [31200/50000 (100%)]	Loss: 0.637118	Temp: 0.999910

Test set: Average loss: 0.0068, Accuracy: 7101/10000 (71.01%)

Confusion Matrix:
 [[705  15  57  13  35  11  19  12 109  24]
 [ 23 796  11  13  10   8  16   4  57  62]
 [ 53   4 494  50 188  94  87   8  19   3]
 [  9   3  48 404 133 258  86  18  30  11]
 [ 10   0  23  19 852  41  28  17  10   0]
 [  4   2  28  81  87 727  34  17  18   2]
 [  2   1  19  28  83  24 832   4   6   1]
 [ 12   2  24  30 161 100  16 643   5   7]
 [ 35  14  11   6   8   3   6   6 905   6]
 [ 27  53   9  20  14  20  20  21  73 743]]
Train Epoch: 13 [0/50000 (0%)]	Loss: 0.589922	Temp: 0.999910
Train Epoch: 13 [1280/50000 (3%)]	Loss: 0.582603	Temp: 0.999910
Train Epoch: 13 [2560/50000 (5%)]	Loss: 0.690613	Temp: 0.999910
Train Epoch: 13 [3840/50000 (8%)]	Loss: 0.633870	Temp: 0.999910
Train Epoch: 13 [5120/50000 (10%)]	Loss: 0.585677	Temp: 0.999910
Train Epoch: 13 [6400/50000 (13%)]	Loss: 0.743454	Temp: 0.999910
Train Epoch: 13 [7680/50000 (15%)]	Loss: 0.672902	Temp: 0.999910
Train Epoch: 13 [8960/50000 (18%)]	Loss: 0.649190	Temp: 0.999910
Train Epoch: 13 [10240/50000 (20%)]	Loss: 0.688244	Temp: 0.999910
Train Epoch: 13 [11520/50000 (23%)]	Loss: 0.659383	Temp: 0.999910
Train Epoch: 13 [12800/50000 (26%)]	Loss: 0.639778	Temp: 0.999910
Train Epoch: 13 [14080/50000 (28%)]	Loss: 0.545356	Temp: 0.999910
Train Epoch: 13 [15360/50000 (31%)]	Loss: 0.594231	Temp: 0.999910
Train Epoch: 13 [16640/50000 (33%)]	Loss: 0.558618	Temp: 0.999910
Train Epoch: 13 [17920/50000 (36%)]	Loss: 0.617465	Temp: 0.999910
Train Epoch: 13 [19200/50000 (38%)]	Loss: 0.626058	Temp: 0.999910
Train Epoch: 13 [20480/50000 (41%)]	Loss: 0.629330	Temp: 0.999910
Train Epoch: 13 [21760/50000 (43%)]	Loss: 0.580266	Temp: 0.999910
Train Epoch: 13 [23040/50000 (46%)]	Loss: 0.588244	Temp: 0.999910
Train Epoch: 13 [24320/50000 (49%)]	Loss: 0.613694	Temp: 0.999910
Train Epoch: 13 [25600/50000 (51%)]	Loss: 0.676667	Temp: 0.999910
Train Epoch: 13 [26880/50000 (54%)]	Loss: 0.674558	Temp: 0.999910
Train Epoch: 13 [28160/50000 (56%)]	Loss: 0.707090	Temp: 0.999910
Train Epoch: 13 [29440/50000 (59%)]	Loss: 0.633624	Temp: 0.999910
Train Epoch: 13 [30720/50000 (61%)]	Loss: 0.734774	Temp: 0.999910
Train Epoch: 13 [32000/50000 (64%)]	Loss: 0.744450	Temp: 0.999910
Train Epoch: 13 [33280/50000 (66%)]	Loss: 0.573115	Temp: 0.999910
Train Epoch: 13 [34560/50000 (69%)]	Loss: 0.639318	Temp: 0.999910
Train Epoch: 13 [35840/50000 (72%)]	Loss: 0.744343	Temp: 0.999910
Train Epoch: 13 [37120/50000 (74%)]	Loss: 0.657368	Temp: 0.999910
Train Epoch: 13 [38400/50000 (77%)]	Loss: 0.669355	Temp: 0.999910
Train Epoch: 13 [39680/50000 (79%)]	Loss: 0.644278	Temp: 0.999900
Train Epoch: 13 [40960/50000 (82%)]	Loss: 0.635891	Temp: 0.999900
Train Epoch: 13 [42240/50000 (84%)]	Loss: 0.865309	Temp: 0.999900
Train Epoch: 13 [43520/50000 (87%)]	Loss: 0.595982	Temp: 0.999900
Train Epoch: 13 [44800/50000 (90%)]	Loss: 0.560085	Temp: 0.999900
Train Epoch: 13 [46080/50000 (92%)]	Loss: 0.701002	Temp: 0.999900
Train Epoch: 13 [47360/50000 (95%)]	Loss: 0.484464	Temp: 0.999900
Train Epoch: 13 [48640/50000 (97%)]	Loss: 0.619282	Temp: 0.999900
Train Epoch: 13 [31200/50000 (100%)]	Loss: 0.646261	Temp: 0.999900

Test set: Average loss: 0.0066, Accuracy: 7194/10000 (71.94%)

Confusion Matrix:
 [[657  21  54  23  25   8   8   7 128  69]
 [  6 796   4  13   3   3   2   0  35 138]
 [ 50   7 621  66  87  72  23  28  21  25]
 [ 10   3  65 541  61 202  23  31  25  39]
 [  9   4  61  61 720  45  11  59  14  16]
 [  4   5  61 143  44 663   5  35  11  29]
 [  6   8  57 116  64  37 664   8  14  26]
 [  7   4  26  38  50  79   1 748   7  40]
 [ 23  13   7   8   2   3   2   2 896  44]
 [ 14  33  11   8   1   3   2   2  38 888]]
Train Epoch: 14 [0/50000 (0%)]	Loss: 0.457953	Temp: 0.999900
Train Epoch: 14 [1280/50000 (3%)]	Loss: 0.523951	Temp: 0.999900
Train Epoch: 14 [2560/50000 (5%)]	Loss: 0.786401	Temp: 0.999900
Train Epoch: 14 [3840/50000 (8%)]	Loss: 0.537448	Temp: 0.999900
Train Epoch: 14 [5120/50000 (10%)]	Loss: 0.673531	Temp: 0.999900
Train Epoch: 14 [6400/50000 (13%)]	Loss: 0.597285	Temp: 0.999900
Train Epoch: 14 [7680/50000 (15%)]	Loss: 0.536747	Temp: 0.999900
Train Epoch: 14 [8960/50000 (18%)]	Loss: 0.631725	Temp: 0.999900
Train Epoch: 14 [10240/50000 (20%)]	Loss: 0.485632	Temp: 0.999900
Train Epoch: 14 [11520/50000 (23%)]	Loss: 0.714872	Temp: 0.999900
Train Epoch: 14 [12800/50000 (26%)]	Loss: 0.488936	Temp: 0.999900
Train Epoch: 14 [14080/50000 (28%)]	Loss: 0.841845	Temp: 0.999900
Train Epoch: 14 [15360/50000 (31%)]	Loss: 0.640353	Temp: 0.999900
Train Epoch: 14 [16640/50000 (33%)]	Loss: 0.652101	Temp: 0.999900
Train Epoch: 14 [17920/50000 (36%)]	Loss: 0.643442	Temp: 0.999900
Train Epoch: 14 [19200/50000 (38%)]	Loss: 0.650007	Temp: 0.999900
Train Epoch: 14 [20480/50000 (41%)]	Loss: 0.746739	Temp: 0.999900
Train Epoch: 14 [21760/50000 (43%)]	Loss: 0.651546	Temp: 0.999900
Train Epoch: 14 [23040/50000 (46%)]	Loss: 0.624923	Temp: 0.999900
Train Epoch: 14 [24320/50000 (49%)]	Loss: 0.729716	Temp: 0.999900
Train Epoch: 14 [25600/50000 (51%)]	Loss: 0.560816	Temp: 0.999900
Train Epoch: 14 [26880/50000 (54%)]	Loss: 0.596974	Temp: 0.999900
Train Epoch: 14 [28160/50000 (56%)]	Loss: 0.627068	Temp: 0.999900
Train Epoch: 14 [29440/50000 (59%)]	Loss: 0.571504	Temp: 0.999900
Train Epoch: 14 [30720/50000 (61%)]	Loss: 0.552490	Temp: 0.999900
Train Epoch: 14 [32000/50000 (64%)]	Loss: 0.611980	Temp: 0.999900
Train Epoch: 14 [33280/50000 (66%)]	Loss: 0.476291	Temp: 0.999900
Train Epoch: 14 [34560/50000 (69%)]	Loss: 0.385850	Temp: 0.999900
Train Epoch: 14 [35840/50000 (72%)]	Loss: 0.586379	Temp: 0.999900
Train Epoch: 14 [37120/50000 (74%)]	Loss: 0.730698	Temp: 0.999900
Train Epoch: 14 [38400/50000 (77%)]	Loss: 0.697419	Temp: 0.999900
Train Epoch: 14 [39680/50000 (79%)]	Loss: 0.631527	Temp: 0.999900
Train Epoch: 14 [40960/50000 (82%)]	Loss: 0.615515	Temp: 0.999900
Train Epoch: 14 [42240/50000 (84%)]	Loss: 0.671210	Temp: 0.999900
Train Epoch: 14 [43520/50000 (87%)]	Loss: 0.662616	Temp: 0.999900
Train Epoch: 14 [44800/50000 (90%)]	Loss: 0.504074	Temp: 0.999900
Train Epoch: 14 [46080/50000 (92%)]	Loss: 0.715897	Temp: 0.999900
Train Epoch: 14 [47360/50000 (95%)]	Loss: 0.770378	Temp: 0.999900
Train Epoch: 14 [48640/50000 (97%)]	Loss: 0.635780	Temp: 0.999900
Train Epoch: 14 [31200/50000 (100%)]	Loss: 0.742018	Temp: 0.999900

Test set: Average loss: 0.0062, Accuracy: 7410/10000 (74.10%)

Confusion Matrix:
 [[754  16  28  17  21   3  14  12 105  30]
 [ 22 849   4  11   2   4  10   4  37  57]
 [ 61   5 586  58  66  57  63  60  36   8]
 [ 10   8  45 556  49 170  47  67  29  19]
 [ 17   2  54  55 658  33  50 105  22   4]
 [ 15   2  30 142  31 665  24  76  11   4]
 [  3   2  36  65  25  25 806  21  12   5]
 [ 17   4   9  30  31  62   4 830   6   7]
 [ 34  23   7   5   3   1   3   8 898  18]
 [ 27  60   8   9   4  10   9  22  43 808]]
Train Epoch: 15 [0/50000 (0%)]	Loss: 0.720014	Temp: 0.999900
Train Epoch: 15 [1280/50000 (3%)]	Loss: 0.553499	Temp: 0.999900
Train Epoch: 15 [2560/50000 (5%)]	Loss: 0.563666	Temp: 0.999900
Train Epoch: 15 [3840/50000 (8%)]	Loss: 0.551158	Temp: 0.999890
Train Epoch: 15 [5120/50000 (10%)]	Loss: 0.453814	Temp: 0.999890
Train Epoch: 15 [6400/50000 (13%)]	Loss: 0.543238	Temp: 0.999890
Train Epoch: 15 [7680/50000 (15%)]	Loss: 0.640409	Temp: 0.999890
Train Epoch: 15 [8960/50000 (18%)]	Loss: 0.621397	Temp: 0.999890
Train Epoch: 15 [10240/50000 (20%)]	Loss: 0.604304	Temp: 0.999890
Train Epoch: 15 [11520/50000 (23%)]	Loss: 0.556993	Temp: 0.999890
Train Epoch: 15 [12800/50000 (26%)]	Loss: 0.451845	Temp: 0.999890
Train Epoch: 15 [14080/50000 (28%)]	Loss: 0.652765	Temp: 0.999890
Train Epoch: 15 [15360/50000 (31%)]	Loss: 0.691304	Temp: 0.999890
Train Epoch: 15 [16640/50000 (33%)]	Loss: 0.585995	Temp: 0.999890
Train Epoch: 15 [17920/50000 (36%)]	Loss: 0.604412	Temp: 0.999890
Train Epoch: 15 [19200/50000 (38%)]	Loss: 0.628757	Temp: 0.999890
Train Epoch: 15 [20480/50000 (41%)]	Loss: 0.591082	Temp: 0.999890
Train Epoch: 15 [21760/50000 (43%)]	Loss: 0.490189	Temp: 0.999890
Train Epoch: 15 [23040/50000 (46%)]	Loss: 0.616281	Temp: 0.999890
Train Epoch: 15 [24320/50000 (49%)]	Loss: 0.563254	Temp: 0.999890
Train Epoch: 15 [25600/50000 (51%)]	Loss: 0.606980	Temp: 0.999890
Train Epoch: 15 [26880/50000 (54%)]	Loss: 0.642261	Temp: 0.999890
Train Epoch: 15 [28160/50000 (56%)]	Loss: 0.649806	Temp: 0.999890
Train Epoch: 15 [29440/50000 (59%)]	Loss: 0.543520	Temp: 0.999890
Train Epoch: 15 [30720/50000 (61%)]	Loss: 0.601157	Temp: 0.999890
Train Epoch: 15 [32000/50000 (64%)]	Loss: 0.636114	Temp: 0.999890
Train Epoch: 15 [33280/50000 (66%)]	Loss: 0.667294	Temp: 0.999890
Train Epoch: 15 [34560/50000 (69%)]	Loss: 0.493939	Temp: 0.999890
Train Epoch: 15 [35840/50000 (72%)]	Loss: 0.661816	Temp: 0.999890
Train Epoch: 15 [37120/50000 (74%)]	Loss: 0.597809	Temp: 0.999890
Train Epoch: 15 [38400/50000 (77%)]	Loss: 0.755267	Temp: 0.999890
Train Epoch: 15 [39680/50000 (79%)]	Loss: 0.635146	Temp: 0.999890
Train Epoch: 15 [40960/50000 (82%)]	Loss: 0.510619	Temp: 0.999890
Train Epoch: 15 [42240/50000 (84%)]	Loss: 0.685415	Temp: 0.999890
Train Epoch: 15 [43520/50000 (87%)]	Loss: 0.598669	Temp: 0.999890
Train Epoch: 15 [44800/50000 (90%)]	Loss: 0.584688	Temp: 0.999890
Train Epoch: 15 [46080/50000 (92%)]	Loss: 0.589166	Temp: 0.999890
Train Epoch: 15 [47360/50000 (95%)]	Loss: 0.614144	Temp: 0.999890
Train Epoch: 15 [48640/50000 (97%)]	Loss: 0.565690	Temp: 0.999890
Train Epoch: 15 [31200/50000 (100%)]	Loss: 0.966543	Temp: 0.999890

Test set: Average loss: 0.0063, Accuracy: 7327/10000 (73.27%)

Confusion Matrix:
 [[862  27  20   6   9   2  18   6  34  16]
 [ 19 907  12   6   1   3  12   4  11  25]
 [106   3 644  40  81  29  63  27   5   2]
 [ 35   8 104 478  54 127 113  48  17  16]
 [ 34   1  95  36 694  17  46  67   8   2]
 [ 30   5  78 125  55 592  43  61   7   4]
 [ 15   2  46  19  33  16 851  10   4   4]
 [ 29   3  32  25  46  52   9 795   3   6]
 [112  43  11   5   7   2   7   5 797  11]
 [ 55 136  20  14   9   3  11  19  26 707]]
Train Epoch: 16 [0/50000 (0%)]	Loss: 0.565999	Temp: 0.999890
Train Epoch: 16 [1280/50000 (3%)]	Loss: 0.559902	Temp: 0.999890
Train Epoch: 16 [2560/50000 (5%)]	Loss: 0.657908	Temp: 0.999890
Train Epoch: 16 [3840/50000 (8%)]	Loss: 0.562733	Temp: 0.999890
Train Epoch: 16 [5120/50000 (10%)]	Loss: 0.584731	Temp: 0.999890
Train Epoch: 16 [6400/50000 (13%)]	Loss: 0.566067	Temp: 0.999890
Train Epoch: 16 [7680/50000 (15%)]	Loss: 0.691006	Temp: 0.999890
Train Epoch: 16 [8960/50000 (18%)]	Loss: 0.399474	Temp: 0.999890
Train Epoch: 16 [10240/50000 (20%)]	Loss: 0.463462	Temp: 0.999890
Train Epoch: 16 [11520/50000 (23%)]	Loss: 0.576915	Temp: 0.999890
Train Epoch: 16 [12800/50000 (26%)]	Loss: 0.417325	Temp: 0.999890
Train Epoch: 16 [14080/50000 (28%)]	Loss: 0.493884	Temp: 0.999890
Train Epoch: 16 [15360/50000 (31%)]	Loss: 0.575059	Temp: 0.999890
Train Epoch: 16 [16640/50000 (33%)]	Loss: 0.665205	Temp: 0.999890
Train Epoch: 16 [17920/50000 (36%)]	Loss: 0.596984	Temp: 0.999880
Train Epoch: 16 [19200/50000 (38%)]	Loss: 0.599137	Temp: 0.999880
Train Epoch: 16 [20480/50000 (41%)]	Loss: 0.500624	Temp: 0.999880
Train Epoch: 16 [21760/50000 (43%)]	Loss: 0.524590	Temp: 0.999880
Train Epoch: 16 [23040/50000 (46%)]	Loss: 0.514482	Temp: 0.999880
Train Epoch: 16 [24320/50000 (49%)]	Loss: 0.548811	Temp: 0.999880
Train Epoch: 16 [25600/50000 (51%)]	Loss: 0.448079	Temp: 0.999880
Train Epoch: 16 [26880/50000 (54%)]	Loss: 0.619473	Temp: 0.999880
Train Epoch: 16 [28160/50000 (56%)]	Loss: 0.570526	Temp: 0.999880
Train Epoch: 16 [29440/50000 (59%)]	Loss: 0.522209	Temp: 0.999880
Train Epoch: 16 [30720/50000 (61%)]	Loss: 0.560567	Temp: 0.999880
Train Epoch: 16 [32000/50000 (64%)]	Loss: 0.635289	Temp: 0.999880
Train Epoch: 16 [33280/50000 (66%)]	Loss: 0.481114	Temp: 0.999880
Train Epoch: 16 [34560/50000 (69%)]	Loss: 0.499655	Temp: 0.999880
Train Epoch: 16 [35840/50000 (72%)]	Loss: 0.535241	Temp: 0.999880
Train Epoch: 16 [37120/50000 (74%)]	Loss: 0.515332	Temp: 0.999880
Train Epoch: 16 [38400/50000 (77%)]	Loss: 0.493843	Temp: 0.999880
Train Epoch: 16 [39680/50000 (79%)]	Loss: 0.496098	Temp: 0.999880
Train Epoch: 16 [40960/50000 (82%)]	Loss: 0.632948	Temp: 0.999880
Train Epoch: 16 [42240/50000 (84%)]	Loss: 0.589689	Temp: 0.999880
Train Epoch: 16 [43520/50000 (87%)]	Loss: 0.547086	Temp: 0.999880
Train Epoch: 16 [44800/50000 (90%)]	Loss: 0.664630	Temp: 0.999880
Train Epoch: 16 [46080/50000 (92%)]	Loss: 0.751177	Temp: 0.999880
Train Epoch: 16 [47360/50000 (95%)]	Loss: 0.655292	Temp: 0.999880
Train Epoch: 16 [48640/50000 (97%)]	Loss: 0.617430	Temp: 0.999880
Train Epoch: 16 [31200/50000 (100%)]	Loss: 0.588601	Temp: 0.999880

Test set: Average loss: 0.0064, Accuracy: 7283/10000 (72.83%)

Confusion Matrix:
 [[733  11  25  22  16   0   8  16 106  63]
 [ 16 728   6   7   2   1   6   8  39 187]
 [ 68   3 616  65  76  39  51  41  18  23]
 [ 11   3  57 521  59 153  43  78  21  54]
 [ 14   1  65  46 669  17  18 142  17  11]
 [  9   1  57 148  38 598  19  97   7  26]
 [  5   2  45  51  37  20 780  22  12  26]
 [  8   2  18  30  29  34   3 846   3  27]
 [ 43  16   5   6   2   1   2   4 868  53]
 [ 10  13   5  11   1   2   4   5  25 924]]
Train Epoch: 17 [0/50000 (0%)]	Loss: 0.424612	Temp: 0.999880
Train Epoch: 17 [1280/50000 (3%)]	Loss: 0.419018	Temp: 0.999880
Train Epoch: 17 [2560/50000 (5%)]	Loss: 0.510362	Temp: 0.999880
Train Epoch: 17 [3840/50000 (8%)]	Loss: 0.482904	Temp: 0.999880
Train Epoch: 17 [5120/50000 (10%)]	Loss: 0.513095	Temp: 0.999880
Train Epoch: 17 [6400/50000 (13%)]	Loss: 0.614027	Temp: 0.999880
Train Epoch: 17 [7680/50000 (15%)]	Loss: 0.459893	Temp: 0.999880
Train Epoch: 17 [8960/50000 (18%)]	Loss: 0.436824	Temp: 0.999880
Train Epoch: 17 [10240/50000 (20%)]	Loss: 0.478160	Temp: 0.999880
Train Epoch: 17 [11520/50000 (23%)]	Loss: 0.550765	Temp: 0.999880
Train Epoch: 17 [12800/50000 (26%)]	Loss: 0.558592	Temp: 0.999880
Train Epoch: 17 [14080/50000 (28%)]	Loss: 0.547536	Temp: 0.999880
Train Epoch: 17 [15360/50000 (31%)]	Loss: 0.513763	Temp: 0.999880
Train Epoch: 17 [16640/50000 (33%)]	Loss: 0.664802	Temp: 0.999880
Train Epoch: 17 [17920/50000 (36%)]	Loss: 0.487166	Temp: 0.999880
Train Epoch: 17 [19200/50000 (38%)]	Loss: 0.583877	Temp: 0.999880
Train Epoch: 17 [20480/50000 (41%)]	Loss: 0.598058	Temp: 0.999880
Train Epoch: 17 [21760/50000 (43%)]	Loss: 0.540952	Temp: 0.999880
Train Epoch: 17 [23040/50000 (46%)]	Loss: 0.530292	Temp: 0.999880
Train Epoch: 17 [24320/50000 (49%)]	Loss: 0.491270	Temp: 0.999880
Train Epoch: 17 [25600/50000 (51%)]	Loss: 0.541212	Temp: 0.999880
Train Epoch: 17 [26880/50000 (54%)]	Loss: 0.453943	Temp: 0.999880
Train Epoch: 17 [28160/50000 (56%)]	Loss: 0.509330	Temp: 0.999880
Train Epoch: 17 [29440/50000 (59%)]	Loss: 0.514204	Temp: 0.999880
Train Epoch: 17 [30720/50000 (61%)]	Loss: 0.633190	Temp: 0.999880
Train Epoch: 17 [32000/50000 (64%)]	Loss: 0.454467	Temp: 0.999870
Train Epoch: 17 [33280/50000 (66%)]	Loss: 0.488303	Temp: 0.999870
Train Epoch: 17 [34560/50000 (69%)]	Loss: 0.549882	Temp: 0.999870
Train Epoch: 17 [35840/50000 (72%)]	Loss: 0.420958	Temp: 0.999870
Train Epoch: 17 [37120/50000 (74%)]	Loss: 0.384527	Temp: 0.999870
Train Epoch: 17 [38400/50000 (77%)]	Loss: 0.383151	Temp: 0.999870
Train Epoch: 17 [39680/50000 (79%)]	Loss: 0.491322	Temp: 0.999870
Train Epoch: 17 [40960/50000 (82%)]	Loss: 0.541763	Temp: 0.999870
Train Epoch: 17 [42240/50000 (84%)]	Loss: 0.548035	Temp: 0.999870
Train Epoch: 17 [43520/50000 (87%)]	Loss: 0.468110	Temp: 0.999870
Train Epoch: 17 [44800/50000 (90%)]	Loss: 0.506971	Temp: 0.999870
Train Epoch: 17 [46080/50000 (92%)]	Loss: 0.617761	Temp: 0.999870
Train Epoch: 17 [47360/50000 (95%)]	Loss: 0.656410	Temp: 0.999870
Train Epoch: 17 [48640/50000 (97%)]	Loss: 0.429638	Temp: 0.999870
Train Epoch: 17 [31200/50000 (100%)]	Loss: 0.679714	Temp: 0.999870

Test set: Average loss: 0.0061, Accuracy: 7420/10000 (74.20%)

Confusion Matrix:
 [[743  24  39  18  17   2  19   7 100  31]
 [ 11 862   9   5   1   5  26   1  26  54]
 [ 54   6 633  59  79  36  93  14  15  11]
 [ 11  11  80 541  82 102 117  12  25  19]
 [ 15   5  52  30 765  11  79  30  10   3]
 [  7   2  49 208  64 553  65  29  13  10]
 [  7   3  20  32  21  11 897   1   6   2]
 [ 12   0  27  65 100  49  23 704   8  12]
 [ 22  24   6  10   3   1  10   1 909  14]
 [ 19  70   6  14   5   4  28   4  37 813]]
Train Epoch: 18 [0/50000 (0%)]	Loss: 0.411196	Temp: 0.999870
Train Epoch: 18 [1280/50000 (3%)]	Loss: 0.403970	Temp: 0.999870
Train Epoch: 18 [2560/50000 (5%)]	Loss: 0.546922	Temp: 0.999870
Train Epoch: 18 [3840/50000 (8%)]	Loss: 0.453271	Temp: 0.999870
Train Epoch: 18 [5120/50000 (10%)]	Loss: 0.468022	Temp: 0.999870
Train Epoch: 18 [6400/50000 (13%)]	Loss: 0.482220	Temp: 0.999870
Train Epoch: 18 [7680/50000 (15%)]	Loss: 0.547324	Temp: 0.999870
Train Epoch: 18 [8960/50000 (18%)]	Loss: 0.378945	Temp: 0.999870
Train Epoch: 18 [10240/50000 (20%)]	Loss: 0.518205	Temp: 0.999870
Train Epoch: 18 [11520/50000 (23%)]	Loss: 0.576433	Temp: 0.999870
Train Epoch: 18 [12800/50000 (26%)]	Loss: 0.394545	Temp: 0.999870
Train Epoch: 18 [14080/50000 (28%)]	Loss: 0.440532	Temp: 0.999870
Train Epoch: 18 [15360/50000 (31%)]	Loss: 0.411680	Temp: 0.999870
Train Epoch: 18 [16640/50000 (33%)]	Loss: 0.466166	Temp: 0.999870
Train Epoch: 18 [17920/50000 (36%)]	Loss: 0.394922	Temp: 0.999870
Train Epoch: 18 [19200/50000 (38%)]	Loss: 0.448447	Temp: 0.999870
Train Epoch: 18 [20480/50000 (41%)]	Loss: 0.395016	Temp: 0.999870
Train Epoch: 18 [21760/50000 (43%)]	Loss: 0.396453	Temp: 0.999870
Train Epoch: 18 [23040/50000 (46%)]	Loss: 0.432971	Temp: 0.999870
Train Epoch: 18 [24320/50000 (49%)]	Loss: 0.547454	Temp: 0.999870
Train Epoch: 18 [25600/50000 (51%)]	Loss: 0.463939	Temp: 0.999870
Train Epoch: 18 [26880/50000 (54%)]	Loss: 0.563696	Temp: 0.999870
Train Epoch: 18 [28160/50000 (56%)]	Loss: 0.531678	Temp: 0.999870
Train Epoch: 18 [29440/50000 (59%)]	Loss: 0.440640	Temp: 0.999870
Train Epoch: 18 [30720/50000 (61%)]	Loss: 0.566790	Temp: 0.999870
Train Epoch: 18 [32000/50000 (64%)]	Loss: 0.521982	Temp: 0.999870
Train Epoch: 18 [33280/50000 (66%)]	Loss: 0.617296	Temp: 0.999870
Train Epoch: 18 [34560/50000 (69%)]	Loss: 0.442749	Temp: 0.999870
Train Epoch: 18 [35840/50000 (72%)]	Loss: 0.488449	Temp: 0.999870
Train Epoch: 18 [37120/50000 (74%)]	Loss: 0.681638	Temp: 0.999870
Train Epoch: 18 [38400/50000 (77%)]	Loss: 0.445286	Temp: 0.999870
Train Epoch: 18 [39680/50000 (79%)]	Loss: 0.538162	Temp: 0.999870
Train Epoch: 18 [40960/50000 (82%)]	Loss: 0.442852	Temp: 0.999870
Train Epoch: 18 [42240/50000 (84%)]	Loss: 0.525167	Temp: 0.999870
Train Epoch: 18 [43520/50000 (87%)]	Loss: 0.499694	Temp: 0.999870
Train Epoch: 18 [44800/50000 (90%)]	Loss: 0.437488	Temp: 0.999870
Train Epoch: 18 [46080/50000 (92%)]	Loss: 0.650203	Temp: 0.999860
Train Epoch: 18 [47360/50000 (95%)]	Loss: 0.549973	Temp: 0.999860
Train Epoch: 18 [48640/50000 (97%)]	Loss: 0.559776	Temp: 0.999860
Train Epoch: 18 [31200/50000 (100%)]	Loss: 0.761108	Temp: 0.999860

Test set: Average loss: 0.0062, Accuracy: 7425/10000 (74.25%)

Confusion Matrix:
 [[793  29  39  13  21   2  15   3  44  41]
 [ 12 907   1   4   3   1   8   0   5  59]
 [ 69   8 650  43  81  41  71  11   8  18]
 [ 16  13 100 540  82 114  85  13  10  27]
 [ 10   5  75  37 754  25  48  30   9   7]
 [ 20   8  66 172  73 586  39  21   3  12]
 [ 10   5  44  24  29  17 860   4   1   6]
 [ 21   7  38  47  91  42  14 709   1  30]
 [ 74  61  11   8   6   4  13   1 778  44]
 [ 22  83   9   7   5   4  10   4   8 848]]
Train Epoch: 19 [0/50000 (0%)]	Loss: 0.434082	Temp: 0.999860
Train Epoch: 19 [1280/50000 (3%)]	Loss: 0.402578	Temp: 0.999860
Train Epoch: 19 [2560/50000 (5%)]	Loss: 0.412355	Temp: 0.999860
Train Epoch: 19 [3840/50000 (8%)]	Loss: 0.583427	Temp: 0.999860
Train Epoch: 19 [5120/50000 (10%)]	Loss: 0.476874	Temp: 0.999860
Train Epoch: 19 [6400/50000 (13%)]	Loss: 0.423394	Temp: 0.999860
Train Epoch: 19 [7680/50000 (15%)]	Loss: 0.439758	Temp: 0.999860
Train Epoch: 19 [8960/50000 (18%)]	Loss: 0.448214	Temp: 0.999860
Train Epoch: 19 [10240/50000 (20%)]	Loss: 0.483353	Temp: 0.999860
Train Epoch: 19 [11520/50000 (23%)]	Loss: 0.481420	Temp: 0.999860
Train Epoch: 19 [12800/50000 (26%)]	Loss: 0.455867	Temp: 0.999860
Train Epoch: 19 [14080/50000 (28%)]	Loss: 0.481358	Temp: 0.999860
Train Epoch: 19 [15360/50000 (31%)]	Loss: 0.424427	Temp: 0.999860
Train Epoch: 19 [16640/50000 (33%)]	Loss: 0.379029	Temp: 0.999860
Train Epoch: 19 [17920/50000 (36%)]	Loss: 0.449025	Temp: 0.999860
Train Epoch: 19 [19200/50000 (38%)]	Loss: 0.423091	Temp: 0.999860
Train Epoch: 19 [20480/50000 (41%)]	Loss: 0.452586	Temp: 0.999860
Train Epoch: 19 [21760/50000 (43%)]	Loss: 0.406553	Temp: 0.999860
Train Epoch: 19 [23040/50000 (46%)]	Loss: 0.457977	Temp: 0.999860
Train Epoch: 19 [24320/50000 (49%)]	Loss: 0.510139	Temp: 0.999860
Train Epoch: 19 [25600/50000 (51%)]	Loss: 0.472067	Temp: 0.999860
Train Epoch: 19 [26880/50000 (54%)]	Loss: 0.638368	Temp: 0.999860
Train Epoch: 19 [28160/50000 (56%)]	Loss: 0.605158	Temp: 0.999860
Train Epoch: 19 [29440/50000 (59%)]	Loss: 0.453099	Temp: 0.999860
Train Epoch: 19 [30720/50000 (61%)]	Loss: 0.552013	Temp: 0.999860
Train Epoch: 19 [32000/50000 (64%)]	Loss: 0.604301	Temp: 0.999860
Train Epoch: 19 [33280/50000 (66%)]	Loss: 0.534444	Temp: 0.999860
Train Epoch: 19 [34560/50000 (69%)]	Loss: 0.596142	Temp: 0.999860
Train Epoch: 19 [35840/50000 (72%)]	Loss: 0.459311	Temp: 0.999860
Train Epoch: 19 [37120/50000 (74%)]	Loss: 0.526759	Temp: 0.999860
Train Epoch: 19 [38400/50000 (77%)]	Loss: 0.597936	Temp: 0.999860
Train Epoch: 19 [39680/50000 (79%)]	Loss: 0.546216	Temp: 0.999860
Train Epoch: 19 [40960/50000 (82%)]	Loss: 0.536294	Temp: 0.999860
Train Epoch: 19 [42240/50000 (84%)]	Loss: 0.487055	Temp: 0.999860
Train Epoch: 19 [43520/50000 (87%)]	Loss: 0.605342	Temp: 0.999860
Train Epoch: 19 [44800/50000 (90%)]	Loss: 0.608013	Temp: 0.999860
Train Epoch: 19 [46080/50000 (92%)]	Loss: 0.550257	Temp: 0.999860
Train Epoch: 19 [47360/50000 (95%)]	Loss: 0.658715	Temp: 0.999860
Train Epoch: 19 [48640/50000 (97%)]	Loss: 0.627625	Temp: 0.999860
Train Epoch: 19 [31200/50000 (100%)]	Loss: 0.363479	Temp: 0.999860

Test set: Average loss: 0.0065, Accuracy: 7298/10000 (72.98%)

Confusion Matrix:
 [[816   3  52   4  11   2  14   7  66  25]
 [ 39 792  19   5   4   1  16   3  45  76]
 [ 70   4 757  14  43  25  54  15   9   9]
 [ 31   5 181 424  59  86 135  37  23  19]
 [ 23   1 163  21 644   9  66  59   9   5]
 [ 20   0 175 126  47 514  55  46  10   7]
 [ 16   1  82  13  10   8 853   7   6   4]
 [ 20   0  74  25  45  26  13 774   4  19]
 [ 57  10  19   1   2   0   6   1 884  20]
 [ 48  38  21   3   4   2   9   4  31 840]]
Train Epoch: 20 [0/50000 (0%)]	Loss: 0.530117	Temp: 0.999860
Train Epoch: 20 [1280/50000 (3%)]	Loss: 0.376631	Temp: 0.999860
Train Epoch: 20 [2560/50000 (5%)]	Loss: 0.425319	Temp: 0.999860
Train Epoch: 20 [3840/50000 (8%)]	Loss: 0.479101	Temp: 0.999860
Train Epoch: 20 [5120/50000 (10%)]	Loss: 0.433915	Temp: 0.999860
Train Epoch: 20 [6400/50000 (13%)]	Loss: 0.535921	Temp: 0.999860
Train Epoch: 20 [7680/50000 (15%)]	Loss: 0.570005	Temp: 0.999860
Train Epoch: 20 [8960/50000 (18%)]	Loss: 0.436954	Temp: 0.999850
Train Epoch: 20 [10240/50000 (20%)]	Loss: 0.441390	Temp: 0.999850
Train Epoch: 20 [11520/50000 (23%)]	Loss: 0.372377	Temp: 0.999850
Train Epoch: 20 [12800/50000 (26%)]	Loss: 0.402850	Temp: 0.999850
Train Epoch: 20 [14080/50000 (28%)]	Loss: 0.478369	Temp: 0.999850
Train Epoch: 20 [15360/50000 (31%)]	Loss: 0.416852	Temp: 0.999850
Train Epoch: 20 [16640/50000 (33%)]	Loss: 0.602336	Temp: 0.999850
Train Epoch: 20 [17920/50000 (36%)]	Loss: 0.550648	Temp: 0.999850
Train Epoch: 20 [19200/50000 (38%)]	Loss: 0.427640	Temp: 0.999850
Train Epoch: 20 [20480/50000 (41%)]	Loss: 0.471659	Temp: 0.999850
Train Epoch: 20 [21760/50000 (43%)]	Loss: 0.582460	Temp: 0.999850
Train Epoch: 20 [23040/50000 (46%)]	Loss: 0.462054	Temp: 0.999850
Train Epoch: 20 [24320/50000 (49%)]	Loss: 0.453130	Temp: 0.999850
Train Epoch: 20 [25600/50000 (51%)]	Loss: 0.413596	Temp: 0.999850
Train Epoch: 20 [26880/50000 (54%)]	Loss: 0.394345	Temp: 0.999850
Train Epoch: 20 [28160/50000 (56%)]	Loss: 0.471737	Temp: 0.999850
Train Epoch: 20 [29440/50000 (59%)]	Loss: 0.513368	Temp: 0.999850
Train Epoch: 20 [30720/50000 (61%)]	Loss: 0.434283	Temp: 0.999850
Train Epoch: 20 [32000/50000 (64%)]	Loss: 0.457027	Temp: 0.999850
Train Epoch: 20 [33280/50000 (66%)]	Loss: 0.434233	Temp: 0.999850
Train Epoch: 20 [34560/50000 (69%)]	Loss: 0.462920	Temp: 0.999850
Train Epoch: 20 [35840/50000 (72%)]	Loss: 0.320776	Temp: 0.999850
Train Epoch: 20 [37120/50000 (74%)]	Loss: 0.447383	Temp: 0.999850
Train Epoch: 20 [38400/50000 (77%)]	Loss: 0.537330	Temp: 0.999850
Train Epoch: 20 [39680/50000 (79%)]	Loss: 0.411070	Temp: 0.999850
Train Epoch: 20 [40960/50000 (82%)]	Loss: 0.439571	Temp: 0.999850
Train Epoch: 20 [42240/50000 (84%)]	Loss: 0.452263	Temp: 0.999850
Train Epoch: 20 [43520/50000 (87%)]	Loss: 0.484872	Temp: 0.999850
Train Epoch: 20 [44800/50000 (90%)]	Loss: 0.408219	Temp: 0.999850
Train Epoch: 20 [46080/50000 (92%)]	Loss: 0.436507	Temp: 0.999850
Train Epoch: 20 [47360/50000 (95%)]	Loss: 0.623397	Temp: 0.999850
Train Epoch: 20 [48640/50000 (97%)]	Loss: 0.529136	Temp: 0.999850
Train Epoch: 20 [31200/50000 (100%)]	Loss: 0.459836	Temp: 0.999850

Test set: Average loss: 0.0061, Accuracy: 7480/10000 (74.80%)

Confusion Matrix:
 [[807  34  56  13   9   2  19   6  30  24]
 [ 11 897   8   9   1   3  18   0   5  48]
 [ 55   8 720  30  29  63  71  14   4   6]
 [ 20   9 120 485  39 196  92  22  12   5]
 [ 18   5 114  30 639  50  97  39   7   1]
 [ 15   5  53 100  24 732  37  30   3   1]
 [  9   4  42  26  10  32 872   4   1   0]
 [ 20   7  43  26  51  71  12 759   3   8]
 [ 76  49  23   5   2   6  17   3 792  27]
 [ 31  93  20  13   5  11  16  13  21 777]]
Train Epoch: 21 [0/50000 (0%)]	Loss: 0.480610	Temp: 0.999850
Train Epoch: 21 [1280/50000 (3%)]	Loss: 0.469334	Temp: 0.999850
Train Epoch: 21 [2560/50000 (5%)]	Loss: 0.560461	Temp: 0.999850
Train Epoch: 21 [3840/50000 (8%)]	Loss: 0.428256	Temp: 0.999850
Train Epoch: 21 [5120/50000 (10%)]	Loss: 0.355316	Temp: 0.999850
Train Epoch: 21 [6400/50000 (13%)]	Loss: 0.379214	Temp: 0.999850
Train Epoch: 21 [7680/50000 (15%)]	Loss: 0.424199	Temp: 0.999850
Train Epoch: 21 [8960/50000 (18%)]	Loss: 0.490149	Temp: 0.999850
Train Epoch: 21 [10240/50000 (20%)]	Loss: 0.277953	Temp: 0.999850
Train Epoch: 21 [11520/50000 (23%)]	Loss: 0.400816	Temp: 0.999850
Train Epoch: 21 [12800/50000 (26%)]	Loss: 0.386801	Temp: 0.999850
Train Epoch: 21 [14080/50000 (28%)]	Loss: 0.471996	Temp: 0.999850
Train Epoch: 21 [15360/50000 (31%)]	Loss: 0.464322	Temp: 0.999850
Train Epoch: 21 [16640/50000 (33%)]	Loss: 0.377584	Temp: 0.999850
Train Epoch: 21 [17920/50000 (36%)]	Loss: 0.425197	Temp: 0.999850
Train Epoch: 21 [19200/50000 (38%)]	Loss: 0.416335	Temp: 0.999850
Train Epoch: 21 [20480/50000 (41%)]	Loss: 0.319111	Temp: 0.999850
Train Epoch: 21 [21760/50000 (43%)]	Loss: 0.521210	Temp: 0.999850
Train Epoch: 21 [23040/50000 (46%)]	Loss: 0.374887	Temp: 0.999840
Train Epoch: 21 [24320/50000 (49%)]	Loss: 0.389696	Temp: 0.999840
Train Epoch: 21 [25600/50000 (51%)]	Loss: 0.406551	Temp: 0.999840
Train Epoch: 21 [26880/50000 (54%)]	Loss: 0.431162	Temp: 0.999840
Train Epoch: 21 [28160/50000 (56%)]	Loss: 0.422772	Temp: 0.999840
Train Epoch: 21 [29440/50000 (59%)]	Loss: 0.466799	Temp: 0.999840
Train Epoch: 21 [30720/50000 (61%)]	Loss: 0.459717	Temp: 0.999840
Train Epoch: 21 [32000/50000 (64%)]	Loss: 0.391791	Temp: 0.999840
Train Epoch: 21 [33280/50000 (66%)]	Loss: 0.520036	Temp: 0.999840
Train Epoch: 21 [34560/50000 (69%)]	Loss: 0.522861	Temp: 0.999840
Train Epoch: 21 [35840/50000 (72%)]	Loss: 0.451452	Temp: 0.999840
Train Epoch: 21 [37120/50000 (74%)]	Loss: 0.504055	Temp: 0.999840
Train Epoch: 21 [38400/50000 (77%)]	Loss: 0.484527	Temp: 0.999840
Train Epoch: 21 [39680/50000 (79%)]	Loss: 0.432045	Temp: 0.999840
Train Epoch: 21 [40960/50000 (82%)]	Loss: 0.374836	Temp: 0.999840
Train Epoch: 21 [42240/50000 (84%)]	Loss: 0.571254	Temp: 0.999840
Train Epoch: 21 [43520/50000 (87%)]	Loss: 0.520566	Temp: 0.999840
Train Epoch: 21 [44800/50000 (90%)]	Loss: 0.517085	Temp: 0.999840
Train Epoch: 21 [46080/50000 (92%)]	Loss: 0.451174	Temp: 0.999840
Train Epoch: 21 [47360/50000 (95%)]	Loss: 0.489368	Temp: 0.999840
Train Epoch: 21 [48640/50000 (97%)]	Loss: 0.523663	Temp: 0.999840
Train Epoch: 21 [31200/50000 (100%)]	Loss: 0.479294	Temp: 0.999840

Test set: Average loss: 0.0060, Accuracy: 7470/10000 (74.70%)

Confusion Matrix:
 [[857  17  23   8   8   9   6  10  33  29]
 [ 27 866   5   5   1  14   3   6  13  60]
 [ 96   7 643  35  71  92  18  26   3   9]
 [ 24   5  65 449  62 296  28  39  12  20]
 [ 25   2  58  26 728  79   9  64   5   4]
 [ 14   2  25  83  38 791   4  39   2   2]
 [ 15   3  58  53  48  67 725  22   6   3]
 [ 14   2  17  23  41  72   4 818   0   9]
 [113  38  16   2   7  14   2   7 781  20]
 [ 38  78   7   9   1  17   5  18  15 812]]
Train Epoch: 22 [0/50000 (0%)]	Loss: 0.437480	Temp: 0.999840
Train Epoch: 22 [1280/50000 (3%)]	Loss: 0.391740	Temp: 0.999840
Train Epoch: 22 [2560/50000 (5%)]	Loss: 0.408340	Temp: 0.999840
Train Epoch: 22 [3840/50000 (8%)]	Loss: 0.446969	Temp: 0.999840
Train Epoch: 22 [5120/50000 (10%)]	Loss: 0.457930	Temp: 0.999840
Train Epoch: 22 [6400/50000 (13%)]	Loss: 0.459799	Temp: 0.999840
Train Epoch: 22 [7680/50000 (15%)]	Loss: 0.460534	Temp: 0.999840
Train Epoch: 22 [8960/50000 (18%)]	Loss: 0.350682	Temp: 0.999840
Train Epoch: 22 [10240/50000 (20%)]	Loss: 0.438061	Temp: 0.999840
Train Epoch: 22 [11520/50000 (23%)]	Loss: 0.480972	Temp: 0.999840
Train Epoch: 22 [12800/50000 (26%)]	Loss: 0.358483	Temp: 0.999840
Train Epoch: 22 [14080/50000 (28%)]	Loss: 0.329657	Temp: 0.999840
Train Epoch: 22 [15360/50000 (31%)]	Loss: 0.549557	Temp: 0.999840
Train Epoch: 22 [16640/50000 (33%)]	Loss: 0.413355	Temp: 0.999840
Train Epoch: 22 [17920/50000 (36%)]	Loss: 0.510934	Temp: 0.999840
Train Epoch: 22 [19200/50000 (38%)]	Loss: 0.431032	Temp: 0.999840
Train Epoch: 22 [20480/50000 (41%)]	Loss: 0.505907	Temp: 0.999840
Train Epoch: 22 [21760/50000 (43%)]	Loss: 0.401344	Temp: 0.999840
Train Epoch: 22 [23040/50000 (46%)]	Loss: 0.381577	Temp: 0.999840
Train Epoch: 22 [24320/50000 (49%)]	Loss: 0.290080	Temp: 0.999840
Train Epoch: 22 [25600/50000 (51%)]	Loss: 0.398477	Temp: 0.999840
Train Epoch: 22 [26880/50000 (54%)]	Loss: 0.389366	Temp: 0.999840
Train Epoch: 22 [28160/50000 (56%)]	Loss: 0.398172	Temp: 0.999840
Train Epoch: 22 [29440/50000 (59%)]	Loss: 0.441489	Temp: 0.999840
Train Epoch: 22 [30720/50000 (61%)]	Loss: 0.463852	Temp: 0.999840
Train Epoch: 22 [32000/50000 (64%)]	Loss: 0.365981	Temp: 0.999840
Train Epoch: 22 [33280/50000 (66%)]	Loss: 0.308203	Temp: 0.999840
Train Epoch: 22 [34560/50000 (69%)]	Loss: 0.300277	Temp: 0.999840
Train Epoch: 22 [35840/50000 (72%)]	Loss: 0.468961	Temp: 0.999840
Train Epoch: 22 [37120/50000 (74%)]	Loss: 0.428568	Temp: 0.999830
Train Epoch: 22 [38400/50000 (77%)]	Loss: 0.378541	Temp: 0.999830
Train Epoch: 22 [39680/50000 (79%)]	Loss: 0.414973	Temp: 0.999830
Train Epoch: 22 [40960/50000 (82%)]	Loss: 0.458654	Temp: 0.999830
Train Epoch: 22 [42240/50000 (84%)]	Loss: 0.359481	Temp: 0.999830
Train Epoch: 22 [43520/50000 (87%)]	Loss: 0.317182	Temp: 0.999830
Train Epoch: 22 [44800/50000 (90%)]	Loss: 0.431559	Temp: 0.999830
Train Epoch: 22 [46080/50000 (92%)]	Loss: 0.490739	Temp: 0.999830
Train Epoch: 22 [47360/50000 (95%)]	Loss: 0.480694	Temp: 0.999830
Train Epoch: 22 [48640/50000 (97%)]	Loss: 0.475519	Temp: 0.999830
Train Epoch: 22 [31200/50000 (100%)]	Loss: 0.424934	Temp: 0.999830

Test set: Average loss: 0.0061, Accuracy: 7473/10000 (74.73%)

Confusion Matrix:
 [[706  38  29  17  21   2  14  11 130  32]
 [  5 919   0  11   1   0   8   1  26  29]
 [ 59  16 555  74  94  34  98  34  23  13]
 [  9  19  43 613  60 106  81  31  17  21]
 [ 11   7  37  48 739  13  73  52  16   4]
 [  9   8  21 213  52 583  34  63   9   8]
 [  3   8  18  48  16  11 880   6   5   5]
 [  8  10  12  59  56  25  12 796   8  14]
 [ 20  30   5  12   5   0   3   5 902  18]
 [ 15 112   6  16   8   2  11   8  42 780]]
Train Epoch: 23 [0/50000 (0%)]	Loss: 0.476949	Temp: 0.999830
Train Epoch: 23 [1280/50000 (3%)]	Loss: 0.283694	Temp: 0.999830
Train Epoch: 23 [2560/50000 (5%)]	Loss: 0.370969	Temp: 0.999830
Train Epoch: 23 [3840/50000 (8%)]	Loss: 0.359319	Temp: 0.999830
Train Epoch: 23 [5120/50000 (10%)]	Loss: 0.433497	Temp: 0.999830
Train Epoch: 23 [6400/50000 (13%)]	Loss: 0.325012	Temp: 0.999830
Train Epoch: 23 [7680/50000 (15%)]	Loss: 0.615529	Temp: 0.999830
Train Epoch: 23 [8960/50000 (18%)]	Loss: 0.359613	Temp: 0.999830
Train Epoch: 23 [10240/50000 (20%)]	Loss: 0.375338	Temp: 0.999830
Train Epoch: 23 [11520/50000 (23%)]	Loss: 0.375149	Temp: 0.999830
Train Epoch: 23 [12800/50000 (26%)]	Loss: 0.343417	Temp: 0.999830
Train Epoch: 23 [14080/50000 (28%)]	Loss: 0.340096	Temp: 0.999830
Train Epoch: 23 [15360/50000 (31%)]	Loss: 0.263291	Temp: 0.999830
Train Epoch: 23 [16640/50000 (33%)]	Loss: 0.420113	Temp: 0.999830
Train Epoch: 23 [17920/50000 (36%)]	Loss: 0.408909	Temp: 0.999830
Train Epoch: 23 [19200/50000 (38%)]	Loss: 0.521063	Temp: 0.999830
Train Epoch: 23 [20480/50000 (41%)]	Loss: 0.461343	Temp: 0.999830
Train Epoch: 23 [21760/50000 (43%)]	Loss: 0.224902	Temp: 0.999830
Train Epoch: 23 [23040/50000 (46%)]	Loss: 0.409710	Temp: 0.999830
Train Epoch: 23 [24320/50000 (49%)]	Loss: 0.412894	Temp: 0.999830
Train Epoch: 23 [25600/50000 (51%)]	Loss: 0.393623	Temp: 0.999830
Train Epoch: 23 [26880/50000 (54%)]	Loss: 0.396476	Temp: 0.999830
Train Epoch: 23 [28160/50000 (56%)]	Loss: 0.331141	Temp: 0.999830
Train Epoch: 23 [29440/50000 (59%)]	Loss: 0.388514	Temp: 0.999830
Train Epoch: 23 [30720/50000 (61%)]	Loss: 0.418230	Temp: 0.999830
Train Epoch: 23 [32000/50000 (64%)]	Loss: 0.398762	Temp: 0.999830
Train Epoch: 23 [33280/50000 (66%)]	Loss: 0.373939	Temp: 0.999830
Train Epoch: 23 [34560/50000 (69%)]	Loss: 0.402608	Temp: 0.999830
Train Epoch: 23 [35840/50000 (72%)]	Loss: 0.529993	Temp: 0.999830
Train Epoch: 23 [37120/50000 (74%)]	Loss: 0.507935	Temp: 0.999830
Train Epoch: 23 [38400/50000 (77%)]	Loss: 0.362028	Temp: 0.999830
Train Epoch: 23 [39680/50000 (79%)]	Loss: 0.500976	Temp: 0.999830
Train Epoch: 23 [40960/50000 (82%)]	Loss: 0.437341	Temp: 0.999830
Train Epoch: 23 [42240/50000 (84%)]	Loss: 0.351100	Temp: 0.999830
Train Epoch: 23 [43520/50000 (87%)]	Loss: 0.302544	Temp: 0.999830
Train Epoch: 23 [44800/50000 (90%)]	Loss: 0.425880	Temp: 0.999830
Train Epoch: 23 [46080/50000 (92%)]	Loss: 0.364437	Temp: 0.999830
Train Epoch: 23 [47360/50000 (95%)]	Loss: 0.422855	Temp: 0.999830
Train Epoch: 23 [48640/50000 (97%)]	Loss: 0.475934	Temp: 0.999830
Train Epoch: 23 [31200/50000 (100%)]	Loss: 0.531719	Temp: 0.999830

Test set: Average loss: 0.0060, Accuracy: 7529/10000 (75.29%)

Confusion Matrix:
 [[750   7  26  19   9   2  14  13 138  22]
 [ 32 790   5  18   0   3   7   7  58  80]
 [ 76   4 637  92  44  40  29  46  24   8]
 [ 15   3  49 686  24 106  35  42  26  14]
 [ 20   0  58  90 644  35  43  89  19   2]
 [  3   2  42 227  22 610  14  62  14   4]
 [  6   1  46  96  16  18 794  10   9   4]
 [ 13   0  15  43  22  33   3 857   5   9]
 [ 29  11   4   6   1   0   2   6 926  15]
 [ 34  26   9  20   1   1   6  14  54 835]]
Train Epoch: 24 [0/50000 (0%)]	Loss: 0.329575	Temp: 0.999830
Train Epoch: 24 [1280/50000 (3%)]	Loss: 0.369502	Temp: 0.999820
Train Epoch: 24 [2560/50000 (5%)]	Loss: 0.327609	Temp: 0.999820
Train Epoch: 24 [3840/50000 (8%)]	Loss: 0.347190	Temp: 0.999820
Train Epoch: 24 [5120/50000 (10%)]	Loss: 0.377663	Temp: 0.999820
Train Epoch: 24 [6400/50000 (13%)]	Loss: 0.369264	Temp: 0.999820
Train Epoch: 24 [7680/50000 (15%)]	Loss: 0.299839	Temp: 0.999820
Train Epoch: 24 [8960/50000 (18%)]	Loss: 0.353292	Temp: 0.999820
Train Epoch: 24 [10240/50000 (20%)]	Loss: 0.305215	Temp: 0.999820
Train Epoch: 24 [11520/50000 (23%)]	Loss: 0.287423	Temp: 0.999820
Train Epoch: 24 [12800/50000 (26%)]	Loss: 0.344188	Temp: 0.999820
Train Epoch: 24 [14080/50000 (28%)]	Loss: 0.434889	Temp: 0.999820
Train Epoch: 24 [15360/50000 (31%)]	Loss: 0.337389	Temp: 0.999820
Train Epoch: 24 [16640/50000 (33%)]	Loss: 0.272502	Temp: 0.999820
Train Epoch: 24 [17920/50000 (36%)]	Loss: 0.393309	Temp: 0.999820
Train Epoch: 24 [19200/50000 (38%)]	Loss: 0.442791	Temp: 0.999820
Train Epoch: 24 [20480/50000 (41%)]	Loss: 0.276282	Temp: 0.999820
Train Epoch: 24 [21760/50000 (43%)]	Loss: 0.635493	Temp: 0.999820
Train Epoch: 24 [23040/50000 (46%)]	Loss: 0.389487	Temp: 0.999820
Train Epoch: 24 [24320/50000 (49%)]	Loss: 0.410063	Temp: 0.999820
Train Epoch: 24 [25600/50000 (51%)]	Loss: 0.466227	Temp: 0.999820
Train Epoch: 24 [26880/50000 (54%)]	Loss: 0.369108	Temp: 0.999820
Train Epoch: 24 [28160/50000 (56%)]	Loss: 0.357138	Temp: 0.999820
Train Epoch: 24 [29440/50000 (59%)]	Loss: 0.363328	Temp: 0.999820
Train Epoch: 24 [30720/50000 (61%)]	Loss: 0.339760	Temp: 0.999820
Train Epoch: 24 [32000/50000 (64%)]	Loss: 0.460213	Temp: 0.999820
Train Epoch: 24 [33280/50000 (66%)]	Loss: 0.453495	Temp: 0.999820
Train Epoch: 24 [34560/50000 (69%)]	Loss: 0.393670	Temp: 0.999820
Train Epoch: 24 [35840/50000 (72%)]	Loss: 0.475187	Temp: 0.999820
Train Epoch: 24 [37120/50000 (74%)]	Loss: 0.421559	Temp: 0.999820
Train Epoch: 24 [38400/50000 (77%)]	Loss: 0.371112	Temp: 0.999820
Train Epoch: 24 [39680/50000 (79%)]	Loss: 0.461157	Temp: 0.999820
Train Epoch: 24 [40960/50000 (82%)]	Loss: 0.383736	Temp: 0.999820
Train Epoch: 24 [42240/50000 (84%)]	Loss: 0.387840	Temp: 0.999820
Train Epoch: 24 [43520/50000 (87%)]	Loss: 0.370501	Temp: 0.999820
Train Epoch: 24 [44800/50000 (90%)]	Loss: 0.470718	Temp: 0.999820
Train Epoch: 24 [46080/50000 (92%)]	Loss: 0.430173	Temp: 0.999820
Train Epoch: 24 [47360/50000 (95%)]	Loss: 0.381216	Temp: 0.999820
Train Epoch: 24 [48640/50000 (97%)]	Loss: 0.449939	Temp: 0.999820
Train Epoch: 24 [31200/50000 (100%)]	Loss: 0.495784	Temp: 0.999820

Test set: Average loss: 0.0061, Accuracy: 7509/10000 (75.09%)

Confusion Matrix:
 [[831   5  32  11  11   2   5  10  65  28]
 [ 51 766  14   8   1   0   5   8  31 116]
 [ 69   5 718  40  61  33  16  34  13  11]
 [ 22   4 109 575  63  87  35  60  23  22]
 [ 23   0  96  29 734   8  16  74  15   5]
 [ 17   1  86 185  54 526  18  95  10   8]
 [ 16   2  89  56  35   6 770  12   9   5]
 [ 16   1  21  30  59  18   4 836   5  10]
 [ 64   8  10   5   3   3   1   3 882  21]
 [ 35  18  13   7   0   1   7  13  35 871]]
Train Epoch: 25 [0/50000 (0%)]	Loss: 0.333594	Temp: 0.999820
Train Epoch: 25 [1280/50000 (3%)]	Loss: 0.348104	Temp: 0.999820
Train Epoch: 25 [2560/50000 (5%)]	Loss: 0.296336	Temp: 0.999820
Train Epoch: 25 [3840/50000 (8%)]	Loss: 0.392855	Temp: 0.999820
Train Epoch: 25 [5120/50000 (10%)]	Loss: 0.477780	Temp: 0.999820
Train Epoch: 25 [6400/50000 (13%)]	Loss: 0.239205	Temp: 0.999820
Train Epoch: 25 [7680/50000 (15%)]	Loss: 0.272133	Temp: 0.999820
Train Epoch: 25 [8960/50000 (18%)]	Loss: 0.355310	Temp: 0.999820
Train Epoch: 25 [10240/50000 (20%)]	Loss: 0.392883	Temp: 0.999820
Train Epoch: 25 [11520/50000 (23%)]	Loss: 0.419642	Temp: 0.999820
Train Epoch: 25 [12800/50000 (26%)]	Loss: 0.318002	Temp: 0.999820
Train Epoch: 25 [14080/50000 (28%)]	Loss: 0.421208	Temp: 0.999820
Train Epoch: 25 [15360/50000 (31%)]	Loss: 0.364161	Temp: 0.999810
Train Epoch: 25 [16640/50000 (33%)]	Loss: 0.470566	Temp: 0.999810
Train Epoch: 25 [17920/50000 (36%)]	Loss: 0.414808	Temp: 0.999810
Train Epoch: 25 [19200/50000 (38%)]	Loss: 0.366161	Temp: 0.999810
Train Epoch: 25 [20480/50000 (41%)]	Loss: 0.339593	Temp: 0.999810
Train Epoch: 25 [21760/50000 (43%)]	Loss: 0.276734	Temp: 0.999810
Train Epoch: 25 [23040/50000 (46%)]	Loss: 0.393200	Temp: 0.999810
Train Epoch: 25 [24320/50000 (49%)]	Loss: 0.408815	Temp: 0.999810
Train Epoch: 25 [25600/50000 (51%)]	Loss: 0.333571	Temp: 0.999810
Train Epoch: 25 [26880/50000 (54%)]	Loss: 0.342172	Temp: 0.999810
Train Epoch: 25 [28160/50000 (56%)]	Loss: 0.349835	Temp: 0.999810
Train Epoch: 25 [29440/50000 (59%)]	Loss: 0.417507	Temp: 0.999810
Train Epoch: 25 [30720/50000 (61%)]	Loss: 0.338483	Temp: 0.999810
Train Epoch: 25 [32000/50000 (64%)]	Loss: 0.362263	Temp: 0.999810
Train Epoch: 25 [33280/50000 (66%)]	Loss: 0.339545	Temp: 0.999810
Train Epoch: 25 [34560/50000 (69%)]	Loss: 0.507377	Temp: 0.999810
Train Epoch: 25 [35840/50000 (72%)]	Loss: 0.311679	Temp: 0.999810
Train Epoch: 25 [37120/50000 (74%)]	Loss: 0.407889	Temp: 0.999810
Train Epoch: 25 [38400/50000 (77%)]	Loss: 0.369319	Temp: 0.999810
Train Epoch: 25 [39680/50000 (79%)]	Loss: 0.370012	Temp: 0.999810
Train Epoch: 25 [40960/50000 (82%)]	Loss: 0.316579	Temp: 0.999810
Train Epoch: 25 [42240/50000 (84%)]	Loss: 0.429337	Temp: 0.999810
Train Epoch: 25 [43520/50000 (87%)]	Loss: 0.620000	Temp: 0.999810
Train Epoch: 25 [44800/50000 (90%)]	Loss: 0.501802	Temp: 0.999810
Train Epoch: 25 [46080/50000 (92%)]	Loss: 0.564106	Temp: 0.999810
Train Epoch: 25 [47360/50000 (95%)]	Loss: 0.301846	Temp: 0.999810
Train Epoch: 25 [48640/50000 (97%)]	Loss: 0.294973	Temp: 0.999810
Train Epoch: 25 [31200/50000 (100%)]	Loss: 0.351522	Temp: 0.999810

Test set: Average loss: 0.0065, Accuracy: 7312/10000 (73.12%)

Confusion Matrix:
 [[748  28  10  25   3  20   5  15 101  45]
 [ 11 888   1   7   1  10   2   5  27  48]
 [ 83   9 533  93  41 136  20  47  25  13]
 [ 14  11  32 541  16 282  14  39  27  24]
 [ 30   6  50  81 550 155  11  84  24   9]
 [  6   3  17 103  10 801   5  43   5   7]
 [  8  11  39  85  28  87 698  20  13  11]
 [  7   3   9  33  15  99   1 813   4  16]
 [ 27  24   8   3   0  10   2   4 893  29]
 [ 17  69   6   7   0  11   3   4  36 847]]
