Model Architecture:  BernoulliModel(
  (layers): ModuleList(
    (0): BernoulliLayer(
      (lin): Linear(in_features=784, out_features=1000, bias=True)
    )
  )
  (linear_layer): Linear(in_features=1000, out_features=10, bias=True)
)
Using device:  cpu
Train Data Shape:  torch.Size([60000, 28, 28])
Test Data Shape:  torch.Size([60000])
Train Epoch: 1 [0/60000 (0%)]	Loss: 2.824697
Train Epoch: 1 [6400/60000 (11%)]	Loss: 2.625048
Train Epoch: 1 [12800/60000 (21%)]	Loss: 2.600338
Train Epoch: 1 [19200/60000 (32%)]	Loss: 2.632660
Train Epoch: 1 [25600/60000 (43%)]	Loss: 2.593090
Train Epoch: 1 [32000/60000 (53%)]	Loss: 2.284798
Train Epoch: 1 [38400/60000 (64%)]	Loss: 2.644108
Train Epoch: 1 [44800/60000 (75%)]	Loss: 2.519357
Train Epoch: 1 [51200/60000 (85%)]	Loss: 2.610037
Train Epoch: 1 [57600/60000 (96%)]	Loss: 2.692447

Test set: Average loss: 0.0025, Accuracy: 1162/10000 (11.62%)

Confusion Matrix:
 [[   0    0    0    0  950    0    0    0    0   30]
 [   0    0    0    0 1092    0    0    0    0   43]
 [   0    0    0    0  991    0    0    0    0   41]
 [   0    0    0    0  920    0    0    0    0   90]
 [   0    0    0    0  919    0    0    0    0   63]
 [   0    0    0    0  862    0    0    0    0   30]
 [   0    0    0    0  905    0    0    0    0   53]
 [   0    0    0    0  531    0    0    0    1  496]
 [   0    0    0    0  936    0    0    0    0   38]
 [   0    0    0    0  766    0    0    0    0  243]]
Train Epoch: 2 [0/60000 (0%)]	Loss: 2.462436
Train Epoch: 2 [6400/60000 (11%)]	Loss: 2.490689
Train Epoch: 2 [12800/60000 (21%)]	Loss: 2.282074
Train Epoch: 2 [19200/60000 (32%)]	Loss: 2.375976
Train Epoch: 2 [25600/60000 (43%)]	Loss: 2.349401
Train Epoch: 2 [32000/60000 (53%)]	Loss: 2.461182
Train Epoch: 2 [38400/60000 (64%)]	Loss: 2.463942
Train Epoch: 2 [44800/60000 (75%)]	Loss: 2.519265
Train Epoch: 2 [51200/60000 (85%)]	Loss: 2.310028
Train Epoch: 2 [57600/60000 (96%)]	Loss: 2.391841

Test set: Average loss: 0.0024, Accuracy: 1139/10000 (11.39%)

Confusion Matrix:
 [[  0   0   0   0 898   0   0   0   0  82]
 [  0   0   0 164 311   0   0   0   0 660]
 [  0   0   0  29 855   0   0   0   0 148]
 [  0   0   0  31 493   0   0   0   0 486]
 [  0   0   0  23 892   0   0   0   0  67]
 [  0   0   0  22 555   0   0   0   0 315]
 [  0   0   0  12 925   0   0   0   0  21]
 [  0   0   0 110 364   0   0   0   0 554]
 [  0   0   0  24 769   0   0   0   0 181]
 [  0   0   0  51 742   0   0   0   0 216]]
Train Epoch: 3 [0/60000 (0%)]	Loss: 2.393813
Train Epoch: 3 [6400/60000 (11%)]	Loss: 2.481700
Train Epoch: 3 [12800/60000 (21%)]	Loss: 2.502000
Train Epoch: 3 [19200/60000 (32%)]	Loss: 2.355047
Train Epoch: 3 [25600/60000 (43%)]	Loss: 2.410286
Train Epoch: 3 [32000/60000 (53%)]	Loss: 2.330565
Train Epoch: 3 [38400/60000 (64%)]	Loss: 2.526906
Train Epoch: 3 [44800/60000 (75%)]	Loss: 2.508024
Train Epoch: 3 [51200/60000 (85%)]	Loss: 2.467673
Train Epoch: 3 [57600/60000 (96%)]	Loss: 2.405466

Test set: Average loss: 0.0025, Accuracy: 987/10000 (9.87%)

Confusion Matrix:
 [[   0    2    0    0  978    0    0    0    0    0]
 [   0    0    0    1 1131    0    0    0    0    3]
 [   0    0    0    2 1028    0    0    0    0    2]
 [   0    0    0    2 1008    0    0    0    0    0]
 [   0    0    0    0  974    0    0    0    0    8]
 [   0    0    0    0  886    0    0    0    0    6]
 [   0    0    0    0  957    0    0    0    0    1]
 [   0    0    0    4  968    0    0    0    0   56]
 [   0    0    0    1  973    0    0    0    0    0]
 [   0    0    0    0  998    0    0    0    0   11]]
Train Epoch: 4 [0/60000 (0%)]	Loss: 2.550143
Train Epoch: 4 [6400/60000 (11%)]	Loss: 2.444992
Train Epoch: 4 [12800/60000 (21%)]	Loss: 2.295557
Train Epoch: 4 [19200/60000 (32%)]	Loss: 2.482381
Train Epoch: 4 [25600/60000 (43%)]	Loss: 2.573489
Train Epoch: 4 [32000/60000 (53%)]	Loss: 2.478359
Train Epoch: 4 [38400/60000 (64%)]	Loss: 2.382155
Train Epoch: 4 [44800/60000 (75%)]	Loss: 2.493359
Train Epoch: 4 [51200/60000 (85%)]	Loss: 2.508695
Train Epoch: 4 [57600/60000 (96%)]	Loss: 2.397063

Test set: Average loss: 0.0024, Accuracy: 981/10000 (9.81%)

Confusion Matrix:
 [[   0    0    0    0  980    0    0    0    0    0]
 [   0    0    0    6 1129    0    0    0    0    0]
 [   0    0    0    1 1031    0    0    0    0    0]
 [   0    0    0    0 1010    0    0    0    0    0]
 [   0    0    0    1  981    0    0    0    0    0]
 [   0    0    0    8  884    0    0    0    0    0]
 [   0    0    0    2  956    0    0    0    0    0]
 [   0    0    0    1 1027    0    0    0    0    0]
 [   0    0    0    2  972    0    0    0    0    0]
 [   0    0    0    0 1009    0    0    0    0    0]]
Train Epoch: 5 [0/60000 (0%)]	Loss: 2.424518
Train Epoch: 5 [6400/60000 (11%)]	Loss: 2.393860
Train Epoch: 5 [12800/60000 (21%)]	Loss: 2.411457
Train Epoch: 5 [19200/60000 (32%)]	Loss: 2.362273
Train Epoch: 5 [25600/60000 (43%)]	Loss: 2.471896
Train Epoch: 5 [32000/60000 (53%)]	Loss: 2.354518
Train Epoch: 5 [38400/60000 (64%)]	Loss: 2.410529
Train Epoch: 5 [44800/60000 (75%)]	Loss: 2.434319
Train Epoch: 5 [51200/60000 (85%)]	Loss: 2.487746
Train Epoch: 5 [57600/60000 (96%)]	Loss: 2.497299

Test set: Average loss: 0.0024, Accuracy: 980/10000 (9.80%)

Confusion Matrix:
 [[   0    0    0    0  980    0    0    0    0    0]
 [   0    0    0    0 1127    0    0    0    0    8]
 [   0    0    0    2 1028    0    0    0    0    2]
 [   0    0    0    2 1004    0    0    0    0    4]
 [   0    0    0    0  971    0    0    0    0   11]
 [   0    0    0    1  891    0    0    0    0    0]
 [   0    0    0    0  944    0    0    0    0   14]
 [   0    0    0   99  929    0    0    0    0    0]
 [   0    0    0    0  971    0    0    0    0    3]
 [   0    0    0    2 1000    0    0    0    0    7]]
Train Epoch: 6 [0/60000 (0%)]	Loss: 2.318753
Train Epoch: 6 [6400/60000 (11%)]	Loss: 2.333531
Train Epoch: 6 [12800/60000 (21%)]	Loss: 2.339141
Train Epoch: 6 [19200/60000 (32%)]	Loss: 2.461607
Train Epoch: 6 [25600/60000 (43%)]	Loss: 2.310432
Train Epoch: 6 [32000/60000 (53%)]	Loss: 2.291584
Train Epoch: 6 [38400/60000 (64%)]	Loss: 2.368207
Train Epoch: 6 [44800/60000 (75%)]	Loss: 2.380171
Train Epoch: 6 [51200/60000 (85%)]	Loss: 2.390787
Train Epoch: 6 [57600/60000 (96%)]	Loss: 2.406162

Test set: Average loss: 0.0024, Accuracy: 995/10000 (9.95%)

Confusion Matrix:
 [[   0    0    0   28  952    0    0    0    0    0]
 [   0    0    0    0 1135    0    0    0    0    0]
 [   0    0    0   32 1000    0    0    0    0    0]
 [   0    0    0   13  997    0    0    0    0    0]
 [   0    0    0    0  981    0    0    0    0    1]
 [   0    0    0    6  886    0    0    0    0    0]
 [   0    0    0    0  958    0    0    0    0    0]
 [   0    0    0   37  991    0    0    0    0    0]
 [   0    0    0    3  971    0    0    0    0    0]
 [   0    0    0    5 1003    0    0    0    0    1]]
Train Epoch: 7 [0/60000 (0%)]	Loss: 2.347545
Train Epoch: 7 [6400/60000 (11%)]	Loss: 2.323553
Train Epoch: 7 [12800/60000 (21%)]	Loss: 2.332246
Train Epoch: 7 [19200/60000 (32%)]	Loss: 2.369843
Train Epoch: 7 [25600/60000 (43%)]	Loss: 2.374062
Train Epoch: 7 [32000/60000 (53%)]	Loss: 2.438380
Train Epoch: 7 [38400/60000 (64%)]	Loss: 2.421793
Train Epoch: 7 [44800/60000 (75%)]	Loss: 2.413979
Train Epoch: 7 [51200/60000 (85%)]	Loss: 2.358930
Train Epoch: 7 [57600/60000 (96%)]	Loss: 2.286129

Test set: Average loss: 0.0023, Accuracy: 1057/10000 (10.57%)

Confusion Matrix:
 [[  0   0   0  19 889   0   0   0  72   0]
 [  0   0   0   3 706   0   0   0 426   0]
 [  0   0   0   5 987   0   0   0  40   0]
 [  0   0   0  52 937   0   0   0  21   0]
 [  0   0   0  34 889   0   0   0  59   0]
 [  0   0   0  36 790   0   0   0  66   0]
 [  0   0   0  30 868   0   0   0  60   0]
 [  0   0   0 164 837   0   0   0  27   0]
 [  0   0   0  35 823   0   0   0 116   0]
 [  0   0   0 203 785   0   0   0  21   0]]
Train Epoch: 8 [0/60000 (0%)]	Loss: 2.341745
Train Epoch: 8 [6400/60000 (11%)]	Loss: 2.268448
Train Epoch: 8 [12800/60000 (21%)]	Loss: 2.277390
Train Epoch: 8 [19200/60000 (32%)]	Loss: 2.206911
Train Epoch: 8 [25600/60000 (43%)]	Loss: 2.314122
Train Epoch: 8 [32000/60000 (53%)]	Loss: 2.321671
Train Epoch: 8 [38400/60000 (64%)]	Loss: 2.271926
Train Epoch: 8 [44800/60000 (75%)]	Loss: 2.345675
Train Epoch: 8 [51200/60000 (85%)]	Loss: 2.250925
Train Epoch: 8 [57600/60000 (96%)]	Loss: 2.334343

Test set: Average loss: 0.0023, Accuracy: 987/10000 (9.87%)

Confusion Matrix:
 [[   7    0    0    0  954    0   19    0    0    0]
 [   0    0    0    0 1135    0    0    0    0    0]
 [   0    0    0    2 1030    0    0    0    0    0]
 [   0    0    0    2 1006    0    2    0    0    0]
 [   0    0    0    5  977    0    0    0    0    0]
 [   0    0    0    0  887    0    5    0    0    0]
 [   0    0    0    0  957    0    1    0    0    0]
 [   0    0    0   55  973    0    0    0    0    0]
 [   0    0    0    1  972    0    1    0    0    0]
 [   0    0    0    6 1003    0    0    0    0    0]]
Train Epoch: 9 [0/60000 (0%)]	Loss: 2.295509
Train Epoch: 9 [6400/60000 (11%)]	Loss: 2.334070
Train Epoch: 9 [12800/60000 (21%)]	Loss: 2.315877
Train Epoch: 9 [19200/60000 (32%)]	Loss: 2.282357
Train Epoch: 9 [25600/60000 (43%)]	Loss: 2.331549
Train Epoch: 9 [32000/60000 (53%)]	Loss: 2.273543
Train Epoch: 9 [38400/60000 (64%)]	Loss: 2.269258
Train Epoch: 9 [44800/60000 (75%)]	Loss: 2.244275
Train Epoch: 9 [51200/60000 (85%)]	Loss: 2.346277
Train Epoch: 9 [57600/60000 (96%)]	Loss: 2.316073

Test set: Average loss: 0.0024, Accuracy: 904/10000 (9.04%)

Confusion Matrix:
 [[   0    0    0    0  181  198  601    0    0    0]
 [   0    0    0    0   86    0 1049    0    0    0]
 [   0    0    0    0  340    9  683    0    0    0]
 [   0    0    0    0  119    7  884    0    0    0]
 [   0    0    0    0  126    1  855    0    0    0]
 [   0    0    0    0   88   35  769    0    0    0]
 [   0    0    0    0  201   14  743    0    0    0]
 [   0    0    0    0   97    4  927    0    0    0]
 [   0    0    0    0   84    2  888    0    0    0]
 [   0    0    0    0   73    4  932    0    0    0]]
Train Epoch: 10 [0/60000 (0%)]	Loss: 2.343599
Train Epoch: 10 [6400/60000 (11%)]	Loss: 2.374603
Train Epoch: 10 [12800/60000 (21%)]	Loss: 2.331993
Train Epoch: 10 [19200/60000 (32%)]	Loss: 2.475654
Train Epoch: 10 [25600/60000 (43%)]	Loss: 2.459260
Train Epoch: 10 [32000/60000 (53%)]	Loss: 2.480832
Train Epoch: 10 [38400/60000 (64%)]	Loss: 2.427797
Train Epoch: 10 [44800/60000 (75%)]	Loss: 2.424753
Train Epoch: 10 [51200/60000 (85%)]	Loss: 2.310610
Train Epoch: 10 [57600/60000 (96%)]	Loss: 2.462143

Test set: Average loss: 0.0025, Accuracy: 991/10000 (9.91%)

Confusion Matrix:
 [[  0   0   0   0 971   0   9   0   0   0]
 [  0   0   0   0 911   0 224   0   0   0]
 [  0   0   0   0 938   0  94   0   0   0]
 [  0   0   0   0 825   0 185   0   0   0]
 [  0   0   0   0 958   0  24   0   0   0]
 [  0   0   0   0 753   0 139   0   0   0]
 [  0   0   0   0 925   0  33   0   0   0]
 [  0   0   0   0 961   0  67   0   0   0]
 [  0   0   0   0 820   0 154   0   0   0]
 [  0   0   0   0 988   0  21   0   0   0]]
Train Epoch: 11 [0/60000 (0%)]	Loss: 2.454612
Train Epoch: 11 [6400/60000 (11%)]	Loss: 2.468115
Train Epoch: 11 [12800/60000 (21%)]	Loss: 2.522600
Train Epoch: 11 [19200/60000 (32%)]	Loss: 2.424268
Train Epoch: 11 [25600/60000 (43%)]	Loss: 2.438234
Train Epoch: 11 [32000/60000 (53%)]	Loss: 2.480486
Train Epoch: 11 [38400/60000 (64%)]	Loss: 2.381544
Train Epoch: 11 [44800/60000 (75%)]	Loss: 2.383735
Train Epoch: 11 [51200/60000 (85%)]	Loss: 2.411232
Train Epoch: 11 [57600/60000 (96%)]	Loss: 2.390318

Test set: Average loss: 0.0024, Accuracy: 982/10000 (9.82%)

Confusion Matrix:
 [[   0    0    0    0  980    0    0    0    0    0]
 [   0    0    0    0 1135    0    0    0    0    0]
 [   0    0    0    0 1032    0    0    0    0    0]
 [   0    0    0    0 1010    0    0    0    0    0]
 [   0    0    0    0  982    0    0    0    0    0]
 [   0    0    0    0  892    0    0    0    0    0]
 [   0    0    0    0  958    0    0    0    0    0]
 [   0    0    0    0 1028    0    0    0    0    0]
 [   0    0    0    0  974    0    0    0    0    0]
 [   0    0    0    0 1009    0    0    0    0    0]]
Train Epoch: 12 [0/60000 (0%)]	Loss: 2.423838
Train Epoch: 12 [6400/60000 (11%)]	Loss: 2.362473
Train Epoch: 12 [12800/60000 (21%)]	Loss: 2.277428
Train Epoch: 12 [19200/60000 (32%)]	Loss: 2.342600
Train Epoch: 12 [25600/60000 (43%)]	Loss: 2.303673
Train Epoch: 12 [32000/60000 (53%)]	Loss: 2.374368
Train Epoch: 12 [38400/60000 (64%)]	Loss: 2.352078
Train Epoch: 12 [44800/60000 (75%)]	Loss: 2.314893
Train Epoch: 12 [51200/60000 (85%)]	Loss: 2.304388
Train Epoch: 12 [57600/60000 (96%)]	Loss: 2.285884

Test set: Average loss: 0.0023, Accuracy: 1270/10000 (12.70%)

Confusion Matrix:
 [[   0    0   38    0  942    0    0    0    0    0]
 [   0    0  367    0  768    0    0    0    0    0]
 [   0    1  291    0  740    0    0    0    0    0]
 [   0    0  276    0  723    0    0    0   11    0]
 [   0    0    2    0  979    0    1    0    0    0]
 [   0    0  103    0  789    0    0    0    0    0]
 [   0    0   94    0  864    0    0    0    0    0]
 [   0    0    3    0 1025    0    0    0    0    0]
 [   0    0  143    0  831    0    0    0    0    0]
 [   0    0    1    0 1008    0    0    0    0    0]]
Train Epoch: 13 [0/60000 (0%)]	Loss: 2.334898
Train Epoch: 13 [6400/60000 (11%)]	Loss: 2.318927
Train Epoch: 13 [12800/60000 (21%)]	Loss: 2.333118
Train Epoch: 13 [19200/60000 (32%)]	Loss: 2.305769
Train Epoch: 13 [25600/60000 (43%)]	Loss: 2.351255
Train Epoch: 13 [32000/60000 (53%)]	Loss: 2.325360
Train Epoch: 13 [38400/60000 (64%)]	Loss: 2.400950
Train Epoch: 13 [44800/60000 (75%)]	Loss: 2.311158
Train Epoch: 13 [51200/60000 (85%)]	Loss: 2.361882
Train Epoch: 13 [57600/60000 (96%)]	Loss: 2.332804

Test set: Average loss: 0.0023, Accuracy: 982/10000 (9.82%)

Confusion Matrix:
 [[   0    0    0    0  980    0    0    0    0    0]
 [   0    0    0    0 1135    0    0    0    0    0]
 [   0    0    0    0 1032    0    0    0    0    0]
 [   0    0    0    0 1010    0    0    0    0    0]
 [   0    0    0    0  982    0    0    0    0    0]
 [   0    0    0    0  892    0    0    0    0    0]
 [   0    0    0    0  958    0    0    0    0    0]
 [   0    0    0    0 1028    0    0    0    0    0]
 [   0    0    0    0  974    0    0    0    0    0]
 [   0    0    0    0 1009    0    0    0    0    0]]
Train Epoch: 14 [0/60000 (0%)]	Loss: 2.387030
Train Epoch: 14 [6400/60000 (11%)]	Loss: 2.440425
Train Epoch: 14 [12800/60000 (21%)]	Loss: 2.339873
Train Epoch: 14 [19200/60000 (32%)]	Loss: 2.313749
Train Epoch: 14 [25600/60000 (43%)]	Loss: 2.359009
Train Epoch: 14 [32000/60000 (53%)]	Loss: 2.295872
Train Epoch: 14 [38400/60000 (64%)]	Loss: 2.384867
Train Epoch: 14 [44800/60000 (75%)]	Loss: 2.359271
Train Epoch: 14 [51200/60000 (85%)]	Loss: 2.396564
Train Epoch: 14 [57600/60000 (96%)]	Loss: 2.317234

Test set: Average loss: 0.0023, Accuracy: 861/10000 (8.61%)

Confusion Matrix:
 [[  7  25  64   0 851   0   0   0  33   0]
 [  0   0 384   0 751   0   0   0   0   0]
 [  3  24 106   0 890   0   0   0   9   0]
 [  1   3  92   0 914   0   0   0   0   0]
 [  2   0 232   0 748   0   0   0   0   0]
 [  2   2 104   0 784   0   0   0   0   0]
 [ 38  10 101   0 805   0   0   0   4   0]
 [  0   0  31   0 996   0   0   0   1   0]
 [  0   0  95   0 879   0   0   0   0   0]
 [  2   0 100   0 907   0   0   0   0   0]]
Train Epoch: 15 [0/60000 (0%)]	Loss: 2.368057
Train Epoch: 15 [6400/60000 (11%)]	Loss: 2.372046
Train Epoch: 15 [12800/60000 (21%)]	Loss: 2.295737
Train Epoch: 15 [19200/60000 (32%)]	Loss: 2.373960
Train Epoch: 15 [25600/60000 (43%)]	Loss: 2.372650
Train Epoch: 15 [32000/60000 (53%)]	Loss: 2.304585
Train Epoch: 15 [38400/60000 (64%)]	Loss: 2.297371
Train Epoch: 15 [44800/60000 (75%)]	Loss: 2.281973
Train Epoch: 15 [51200/60000 (85%)]	Loss: 2.330591
Train Epoch: 15 [57600/60000 (96%)]	Loss: 2.338791

Test set: Average loss: 0.0023, Accuracy: 734/10000 (7.34%)

Confusion Matrix:
 [[ 11  96 230   0 643   0   0   0   0   0]
 [  3   4 387   0 715   0   0   0   0  26]
 [ 10 124 181   0 709   0   0   0   0   8]
 [ 38 109 639   0 159   0   0   0   0  65]
 [  8  18 421   0 534   0   0   0   0   1]
 [ 10  51 677   0 151   0   0   0   0   3]
 [ 14  56 138   0 750   0   0   0   0   0]
 [118   9 256   0 585   0   0   0   0  60]
 [ 17  49 745   0 108   0   0   0   0  55]
 [ 15  54 504   0 432   0   0   0   0   4]]
Train Epoch: 16 [0/60000 (0%)]	Loss: 2.377651
Train Epoch: 16 [6400/60000 (11%)]	Loss: 2.257977
Train Epoch: 16 [12800/60000 (21%)]	Loss: 2.405786
Train Epoch: 16 [19200/60000 (32%)]	Loss: 2.320127
Train Epoch: 16 [25600/60000 (43%)]	Loss: 2.317327
Train Epoch: 16 [32000/60000 (53%)]	Loss: 2.404411
Train Epoch: 16 [38400/60000 (64%)]	Loss: 2.283019
Train Epoch: 16 [44800/60000 (75%)]	Loss: 2.345469
Train Epoch: 16 [51200/60000 (85%)]	Loss: 2.377076
Train Epoch: 16 [57600/60000 (96%)]	Loss: 2.307852

Test set: Average loss: 0.0024, Accuracy: 849/10000 (8.49%)

Confusion Matrix:
 [[  0 556 398   0  26   0   0   0   0   0]
 [  0   0  92   0 934   0   0   0   0 109]
 [  0 244 384   0 340   0   1   0   0  63]
 [  0  57 413   0  98   0   0   0   0 442]
 [  0  63 562   0 308   0   1   0   0  48]
 [  0  56 683   0  73   0   0   0   0  80]
 [  0 249 589   0 104   0   1   0   0  15]
 [  0  15 413   0 530   0   5   0   0  65]
 [  0  32 583   0  73   0   3   0   0 283]
 [  0  40 573   0 237   0   3   0   0 156]]
Train Epoch: 17 [0/60000 (0%)]	Loss: 2.362224
Train Epoch: 17 [6400/60000 (11%)]	Loss: 2.325739
Train Epoch: 17 [12800/60000 (21%)]	Loss: 2.402350
Train Epoch: 17 [19200/60000 (32%)]	Loss: 2.352106
Train Epoch: 17 [25600/60000 (43%)]	Loss: 2.347183
Train Epoch: 17 [32000/60000 (53%)]	Loss: 2.339953
Train Epoch: 17 [38400/60000 (64%)]	Loss: 2.370932
Train Epoch: 17 [44800/60000 (75%)]	Loss: 2.344371
Train Epoch: 17 [51200/60000 (85%)]	Loss: 2.383933
Train Epoch: 17 [57600/60000 (96%)]	Loss: 2.316950

Test set: Average loss: 0.0024, Accuracy: 995/10000 (9.95%)

Confusion Matrix:
 [[  0 230  25   0 231   0 494   0   0   0]
 [  0   0   2   0 412   0 694   0   0  27]
 [  3  72  58   0 100   1 798   0   0   0]
 [  0   8 264   0   1   0 737   0   0   0]
 [  0   2 199   0 112   0 669   0   0   0]
 [  0   4 297   0   5   0 586   0   0   0]
 [  1  98   2   0  32   0 825   0   0   0]
 [  0   1  41   0  94   0 892   0   0   0]
 [  0   1  26   0   0   0 947   0   0   0]
 [  0   3  74   0  41   0 891   0   0   0]]
Train Epoch: 18 [0/60000 (0%)]	Loss: 2.293938
Train Epoch: 18 [6400/60000 (11%)]	Loss: 2.330980
Train Epoch: 18 [12800/60000 (21%)]	Loss: 2.372563
Train Epoch: 18 [19200/60000 (32%)]	Loss: 2.369067
Train Epoch: 18 [25600/60000 (43%)]	Loss: 2.441863
Train Epoch: 18 [32000/60000 (53%)]	Loss: 2.376670
Train Epoch: 18 [38400/60000 (64%)]	Loss: 2.525434
Train Epoch: 18 [44800/60000 (75%)]	Loss: 2.365546
Train Epoch: 18 [51200/60000 (85%)]	Loss: 2.421714
Train Epoch: 18 [57600/60000 (96%)]	Loss: 2.456506

Test set: Average loss: 0.0025, Accuracy: 831/10000 (8.31%)

Confusion Matrix:
 [[   0  404    1    0   42    0  533    0    0    0]
 [   0    0    0    0   75    0 1060    0    0    0]
 [   0   49    0    0    9    0  974    0    0    0]
 [   0   10    2    0    4    0  994    0    0    0]
 [   0    9    0    0    9    0  964    0    0    0]
 [   0    8   10    0   26    0  848    0    0    0]
 [   0  133    0    0    3    0  822    0    0    0]
 [   0    6    0    0    5    0 1017    0    0    0]
 [   0    1    0    0    0    0  973    0    0    0]
 [   0    4    0    0    3    0 1002    0    0    0]]
Train Epoch: 19 [0/60000 (0%)]	Loss: 2.403891
Train Epoch: 19 [6400/60000 (11%)]	Loss: 2.373372
Train Epoch: 19 [12800/60000 (21%)]	Loss: 2.506978
Train Epoch: 19 [19200/60000 (32%)]	Loss: 2.495864
Train Epoch: 19 [25600/60000 (43%)]	Loss: 2.357427
Train Epoch: 19 [32000/60000 (53%)]	Loss: 2.365128
Train Epoch: 19 [38400/60000 (64%)]	Loss: 2.344703
Train Epoch: 19 [44800/60000 (75%)]	Loss: 2.380662
Train Epoch: 19 [51200/60000 (85%)]	Loss: 2.425504
Train Epoch: 19 [57600/60000 (96%)]	Loss: 2.482488

Test set: Average loss: 0.0024, Accuracy: 868/10000 (8.68%)

Confusion Matrix:
 [[ 383  451    2    0    0    0  144    0    0    0]
 [   2    2    0    0    0    0 1131    0    0    0]
 [ 654   38    2    0    1    0  330    0    0    7]
 [ 209    3   10    0    0    0  759    0    0   29]
 [ 237   82    2    0    0    0  661    0    0    0]
 [ 172   64   12    0    1    0  636    0    0    7]
 [ 427   50    0    0    0    0  481    0    0    0]
 [ 167   23    0    0    2    0  836    0    0    0]
 [ 125   22    1    0    0    0  824    0    0    2]
 [ 109   13    3    0    0    0  884    0    0    0]]
Train Epoch: 20 [0/60000 (0%)]	Loss: 2.416295
Train Epoch: 20 [6400/60000 (11%)]	Loss: 2.424704
Train Epoch: 20 [12800/60000 (21%)]	Loss: 2.405140
Train Epoch: 20 [19200/60000 (32%)]	Loss: 2.439409
Train Epoch: 20 [25600/60000 (43%)]	Loss: 2.448246
Train Epoch: 20 [32000/60000 (53%)]	Loss: 2.348717
Train Epoch: 20 [38400/60000 (64%)]	Loss: 2.389242
Train Epoch: 20 [44800/60000 (75%)]	Loss: 2.392380
Train Epoch: 20 [51200/60000 (85%)]	Loss: 2.418060
Train Epoch: 20 [57600/60000 (96%)]	Loss: 2.329090

Test set: Average loss: 0.0024, Accuracy: 846/10000 (8.46%)

Confusion Matrix:
 [[334 616   0   0   0   0   0   0   0  30]
 [ 21 406   0   0   0   0   1   0   0 707]
 [477 267   1   0   0   0  18   0   0 269]
 [336 523  11   0   0   0  78   0   0  62]
 [177 657  26   0   0   0   9   0   0 113]
 [306 423   6   0   0   0  21   0   0 136]
 [294 187   0   0   0   0   7   0   0 470]
 [120 690   3   0   0   0 145   0   0  70]
 [193 719   3   0   0   0   6   0   0  53]
 [138 724  28   0   0   0  21   0   0  98]]
Train Epoch: 21 [0/60000 (0%)]	Loss: 2.502547
Train Epoch: 21 [6400/60000 (11%)]	Loss: 2.344227
Train Epoch: 21 [12800/60000 (21%)]	Loss: 2.455385
Train Epoch: 21 [19200/60000 (32%)]	Loss: 2.369560
Train Epoch: 21 [25600/60000 (43%)]	Loss: 2.286856
Train Epoch: 21 [32000/60000 (53%)]	Loss: 2.394095
Train Epoch: 21 [38400/60000 (64%)]	Loss: 2.385864
Train Epoch: 21 [44800/60000 (75%)]	Loss: 2.414922
Train Epoch: 21 [51200/60000 (85%)]	Loss: 2.361170
Train Epoch: 21 [57600/60000 (96%)]	Loss: 2.348693

Test set: Average loss: 0.0024, Accuracy: 1143/10000 (11.43%)

Confusion Matrix:
 [[  41  937    2    0    0    0    0    0    0    0]
 [  30 1099    0    0    0    0    0    0    0    6]
 [ 431  596    3    0    0    0    0    0    0    2]
 [ 285  716    0    0    0    0    0    0    0    9]
 [ 386  595    1    0    0    0    0    0    0    0]
 [ 169  716    1    0    0    0    0    0    0    6]
 [ 517  430   11    0    0    0    0    0    0    0]
 [ 438  590    0    0    0    0    0    0    0    0]
 [ 142  832    0    0    0    0    0    0    0    0]
 [ 208  798    3    0    0    0    0    0    0    0]]
Train Epoch: 22 [0/60000 (0%)]	Loss: 2.343590
Train Epoch: 22 [6400/60000 (11%)]	Loss: 2.364135
Train Epoch: 22 [12800/60000 (21%)]	Loss: 2.454859
Train Epoch: 22 [19200/60000 (32%)]	Loss: 2.371466
Train Epoch: 22 [25600/60000 (43%)]	Loss: 2.480225
Train Epoch: 22 [32000/60000 (53%)]	Loss: 2.368428
Train Epoch: 22 [38400/60000 (64%)]	Loss: 2.361493
Train Epoch: 22 [44800/60000 (75%)]	Loss: 2.456627
Train Epoch: 22 [51200/60000 (85%)]	Loss: 2.466257
Train Epoch: 22 [57600/60000 (96%)]	Loss: 2.359649

Test set: Average loss: 0.0024, Accuracy: 1314/10000 (13.14%)

Confusion Matrix:
 [[  39  903   31    0    7    0    0    0    0    0]
 [   0 1118    1    0    0    0    0    0    0   16]
 [ 124  782   96    0    7    0    0    0    0   23]
 [  15  983    5    0    0    0    0    0    0    7]
 [  69  770   71    0   42    0    0    0    0   30]
 [  14  832   22    0    4    0    0    0    0   20]
 [ 172  521  106    0   66    0    0    0    0   93]
 [  24  986    5    0    8    0    0    0    0    5]
 [   8  956    5    0    0    0    0    0    0    5]
 [  26  934   12    0   18    0    0    0    0   19]]
Train Epoch: 23 [0/60000 (0%)]	Loss: 2.343563
Train Epoch: 23 [6400/60000 (11%)]	Loss: 2.428312
Train Epoch: 23 [12800/60000 (21%)]	Loss: 2.477859
Train Epoch: 23 [19200/60000 (32%)]	Loss: 2.526240
Train Epoch: 23 [25600/60000 (43%)]	Loss: 2.543612
Train Epoch: 23 [32000/60000 (53%)]	Loss: 2.461026
Train Epoch: 23 [38400/60000 (64%)]	Loss: 2.505448
Train Epoch: 23 [44800/60000 (75%)]	Loss: 2.409204
Train Epoch: 23 [51200/60000 (85%)]	Loss: 2.473990
Train Epoch: 23 [57600/60000 (96%)]	Loss: 2.246716

Test set: Average loss: 0.0024, Accuracy: 1442/10000 (14.42%)

Confusion Matrix:
 [[  77  840   14    0   49    0    0    0    0    0]
 [   1 1098   33    0    3    0    0    0    0    0]
 [ 386  464  142    0   39    0    0    0    0    1]
 [ 327  627   44    0   12    0    0    0    0    0]
 [  14  716  126    0  125    0    0    0    0    1]
 [  82  737   41    0   32    0    0    0    0    0]
 [  82  619   44    0  213    0    0    0    0    0]
 [  11 1007    8    0    2    0    0    0    0    0]
 [  21  905   20    0   28    0    0    0    0    0]
 [   7  938   29    0   35    0    0    0    0    0]]
Train Epoch: 24 [0/60000 (0%)]	Loss: 2.479032
Train Epoch: 24 [6400/60000 (11%)]	Loss: 2.370305
Train Epoch: 24 [12800/60000 (21%)]	Loss: 2.449825
Train Epoch: 24 [19200/60000 (32%)]	Loss: 2.430326
Train Epoch: 24 [25600/60000 (43%)]	Loss: 2.489885
Train Epoch: 24 [32000/60000 (53%)]	Loss: 2.408744
Train Epoch: 24 [38400/60000 (64%)]	Loss: 2.455013
Train Epoch: 24 [44800/60000 (75%)]	Loss: 2.414545
Train Epoch: 24 [51200/60000 (85%)]	Loss: 2.323529
Train Epoch: 24 [57600/60000 (96%)]	Loss: 2.470258

Test set: Average loss: 0.0024, Accuracy: 1362/10000 (13.62%)

Confusion Matrix:
 [[ 79 651 101   0 149   0   0   0   0   0]
 [  1 926   0   0 195   0  13   0   0   0]
 [194 251 161   0 177   0 220   0   0  29]
 [151 694  15   0  76   0  61   0   0  13]
 [  0 626 162   0 187   0   6   0   0   1]
 [ 64 573  86   0 148   0  10   0   0  11]
 [ 15 406 294   0 217   0   9   0   0  17]
 [  0 973   7   0  39   0   7   0   0   2]
 [ 14 712  46   0 184   0   9   0   0   9]
 [  1 797 144   0  63   0   4   0   0   0]]
Train Epoch: 25 [0/60000 (0%)]	Loss: 2.354319
Train Epoch: 25 [6400/60000 (11%)]	Loss: 2.447389
Train Epoch: 25 [12800/60000 (21%)]	Loss: 2.324337
Train Epoch: 25 [19200/60000 (32%)]	Loss: 2.460962
Train Epoch: 25 [25600/60000 (43%)]	Loss: 2.484580
Train Epoch: 25 [32000/60000 (53%)]	Loss: 2.513105
Train Epoch: 25 [38400/60000 (64%)]	Loss: 2.382822
Train Epoch: 25 [44800/60000 (75%)]	Loss: 2.423706
Train Epoch: 25 [51200/60000 (85%)]	Loss: 2.508360
Train Epoch: 25 [57600/60000 (96%)]	Loss: 2.571802

Test set: Average loss: 0.0024, Accuracy: 1692/10000 (16.92%)

Confusion Matrix:
 [[ 549  243  188    0    0    0    0    0    0    0]
 [ 108 1024    0    0    3    0    0    0    0    0]
 [ 843   71  116    0    0    0    0    0    0    2]
 [ 826  159   25    0    0    0    0    0    0    0]
 [ 379  489  109    0    3    0    1    0    0    1]
 [ 578  263   51    0    0    0    0    0    0    0]
 [ 504  110  283    0   58    0    0    0    0    3]
 [ 308  709   10    0    1    0    0    0    0    0]
 [ 819  132   22    0    0    0    0    0    0    1]
 [ 358  597   53    0    1    0    0    0    0    0]]
Train Epoch: 26 [0/60000 (0%)]	Loss: 2.390731
Train Epoch: 26 [6400/60000 (11%)]	Loss: 2.537640
Train Epoch: 26 [12800/60000 (21%)]	Loss: 2.400447
Train Epoch: 26 [19200/60000 (32%)]	Loss: 2.429011
Train Epoch: 26 [25600/60000 (43%)]	Loss: 2.456483
Train Epoch: 26 [32000/60000 (53%)]	Loss: 2.483738
Train Epoch: 26 [38400/60000 (64%)]	Loss: 2.421181
Train Epoch: 26 [44800/60000 (75%)]	Loss: 2.292794
Train Epoch: 26 [51200/60000 (85%)]	Loss: 2.378563
Train Epoch: 26 [57600/60000 (96%)]	Loss: 2.523969

Test set: Average loss: 0.0024, Accuracy: 1881/10000 (18.81%)

Confusion Matrix:
 [[881  23  76   0   0   0   0   0   0   0]
 [213 830  10   0  82   0   0   0   0   0]
 [819  49 156   0   1   0   4   0   0   3]
 [614 348  39   0   1   0   7   0   0   1]
 [396 153 416   0  14   0   2   0   0   1]
 [568 205 117   0   1   0   1   0   0   0]
 [647  35 261   0  14   0   0   0   0   1]
 [591 339  96   0   2   0   0   0   0   0]
 [536 331 106   0   0   0   1   0   0   0]
 [400 333 263   0  13   0   0   0   0   0]]
Train Epoch: 27 [0/60000 (0%)]	Loss: 2.338260
Train Epoch: 27 [6400/60000 (11%)]	Loss: 2.298396
Train Epoch: 27 [12800/60000 (21%)]	Loss: 2.440539
Train Epoch: 27 [19200/60000 (32%)]	Loss: 2.211044
Train Epoch: 27 [25600/60000 (43%)]	Loss: 2.291612
Train Epoch: 27 [32000/60000 (53%)]	Loss: 2.380486
Train Epoch: 27 [38400/60000 (64%)]	Loss: 2.317481
Train Epoch: 27 [44800/60000 (75%)]	Loss: 2.301997
Train Epoch: 27 [51200/60000 (85%)]	Loss: 2.287926
Train Epoch: 27 [57600/60000 (96%)]	Loss: 2.350236

Test set: Average loss: 0.0023, Accuracy: 2588/10000 (25.88%)

Confusion Matrix:
 [[ 546   40  108    0  286    0    0    0    0    0]
 [  32 1094    0    0    9    0    0    0    0    0]
 [ 395  128  169    0  327    0    0    0    0   13]
 [ 274  350  141    0  240    0    3    0    0    2]
 [  41  127   30    0  779    0    0    0    0    5]
 [ 168  284   91    0  343    0    6    0    0    0]
 [ 423  113  109    0  287    0    0    0    0   26]
 [ 153  452   44    0  379    0    0    0    0    0]
 [ 107  432   20    0  411    0    1    0    0    3]
 [  27  220   11    0  751    0    0    0    0    0]]
Train Epoch: 28 [0/60000 (0%)]	Loss: 2.322378
Train Epoch: 28 [6400/60000 (11%)]	Loss: 2.384970
Train Epoch: 28 [12800/60000 (21%)]	Loss: 2.464508
Train Epoch: 28 [19200/60000 (32%)]	Loss: 2.436498
Train Epoch: 28 [25600/60000 (43%)]	Loss: 2.396392
Train Epoch: 28 [32000/60000 (53%)]	Loss: 2.222826
Train Epoch: 28 [38400/60000 (64%)]	Loss: 2.400007
Train Epoch: 28 [44800/60000 (75%)]	Loss: 2.453061
Train Epoch: 28 [51200/60000 (85%)]	Loss: 2.300680
Train Epoch: 28 [57600/60000 (96%)]	Loss: 2.346757

Test set: Average loss: 0.0023, Accuracy: 2275/10000 (22.75%)

Confusion Matrix:
 [[ 318  193  379    0   90    0    0    0    0    0]
 [   0 1089   40    0    5    0    1    0    0    0]
 [  39  261  707    0   10    0   15    0    0    0]
 [  19  443  364    0  150    0   34    0    0    0]
 [   7  266  548    0  161    0    0    0    0    0]
 [  43  329  308    0  209    0    3    0    0    0]
 [  61  104  643    0  150    0    0    0    0    0]
 [  32  736  194    0   66    0    0    0    0    0]
 [  32  481  244    0  213    0    4    0    0    0]
 [   7  383  455    0  164    0    0    0    0    0]]
Train Epoch: 29 [0/60000 (0%)]	Loss: 2.271908
Train Epoch: 29 [6400/60000 (11%)]	Loss: 2.268586
Train Epoch: 29 [12800/60000 (21%)]	Loss: 2.414850
Train Epoch: 29 [19200/60000 (32%)]	Loss: 2.385686
Train Epoch: 29 [25600/60000 (43%)]	Loss: 2.380712
Train Epoch: 29 [32000/60000 (53%)]	Loss: 2.380465
Train Epoch: 29 [38400/60000 (64%)]	Loss: 2.352367
Train Epoch: 29 [44800/60000 (75%)]	Loss: 2.334225
Train Epoch: 29 [51200/60000 (85%)]	Loss: 2.293644
Train Epoch: 29 [57600/60000 (96%)]	Loss: 2.370976

Test set: Average loss: 0.0023, Accuracy: 2203/10000 (22.03%)

Confusion Matrix:
 [[ 389  255  100    0  236    0    0    0    0    0]
 [  27 1099    8    0    1    0    0    0    0    0]
 [ 293  237  366    0  136    0    0    0    0    0]
 [ 179  436  195    0  185    0   15    0    0    0]
 [  58  383  192    0  349    0    0    0    0    0]
 [  68  399  177    0  246    0    2    0    0    0]
 [ 212  176  405    0  165    0    0    0    0    0]
 [  28  605  207    0  188    0    0    0    0    0]
 [  66  606   79    0  223    0    0    0    0    0]
 [  20  502  117    0  369    0    1    0    0    0]]
Train Epoch: 30 [0/60000 (0%)]	Loss: 2.322283
Train Epoch: 30 [6400/60000 (11%)]	Loss: 2.332659
Train Epoch: 30 [12800/60000 (21%)]	Loss: 2.301047
Train Epoch: 30 [19200/60000 (32%)]	Loss: 2.451712
Train Epoch: 30 [25600/60000 (43%)]	Loss: 2.322070
Train Epoch: 30 [32000/60000 (53%)]	Loss: 2.351823
Train Epoch: 30 [38400/60000 (64%)]	Loss: 2.380736
Train Epoch: 30 [44800/60000 (75%)]	Loss: 2.360530
Train Epoch: 30 [51200/60000 (85%)]	Loss: 2.295074
Train Epoch: 30 [57600/60000 (96%)]	Loss: 2.430416

Test set: Average loss: 0.0024, Accuracy: 1809/10000 (18.09%)

Confusion Matrix:
 [[   4  141  753    0   82    0    0    0    0    0]
 [   0 1112   22    0    0    0    1    0    0    0]
 [  14  289  682    0   26    0   21    0    0    0]
 [   7  500  338    0   69    0   96    0    0    0]
 [   2  194  775    0   11    0    0    0    0    0]
 [   1  311  487    0   86    0    7    0    0    0]
 [   3  152  774    0   29    0    0    0    0    0]
 [   0  664  363    0    1    0    0    0    0    0]
 [   2  446  451    0   73    0    2    0    0    0]
 [   0  426  565    0   18    0    0    0    0    0]]
Train Epoch: 31 [0/60000 (0%)]	Loss: 2.295735
Train Epoch: 31 [6400/60000 (11%)]	Loss: 2.387620
Train Epoch: 31 [12800/60000 (21%)]	Loss: 2.385236
Train Epoch: 31 [19200/60000 (32%)]	Loss: 2.411019
Train Epoch: 31 [25600/60000 (43%)]	Loss: 2.353177
Train Epoch: 31 [32000/60000 (53%)]	Loss: 2.402794
Train Epoch: 31 [38400/60000 (64%)]	Loss: 2.329882
Train Epoch: 31 [44800/60000 (75%)]	Loss: 2.544764
Train Epoch: 31 [51200/60000 (85%)]	Loss: 2.388253
Train Epoch: 31 [57600/60000 (96%)]	Loss: 2.399200

Test set: Average loss: 0.0024, Accuracy: 2060/10000 (20.60%)

Confusion Matrix:
 [[ 308  220  422    0   30    0    0    0    0    0]
 [   1 1122   12    0    0    0    0    0    0    0]
 [ 155  251  559    0   65    0    2    0    0    0]
 [  50  601  304    0   24    0   31    0    0    0]
 [ 105  236  570    0   71    0    0    0    0    0]
 [ 150  358  339    0   36    0    9    0    0    0]
 [ 100   81  737    0   40    0    0    0    0    0]
 [  96  714  210    0    8    0    0    0    0    0]
 [ 186  529  215    0   35    0    9    0    0    0]
 [  93  460  416    0   40    0    0    0    0    0]]
Train Epoch: 32 [0/60000 (0%)]	Loss: 2.415241
Train Epoch: 32 [6400/60000 (11%)]	Loss: 2.454885
Train Epoch: 32 [12800/60000 (21%)]	Loss: 2.329435
Train Epoch: 32 [19200/60000 (32%)]	Loss: 2.171075
Train Epoch: 32 [25600/60000 (43%)]	Loss: 2.286067
Train Epoch: 32 [32000/60000 (53%)]	Loss: 2.320852
Train Epoch: 32 [38400/60000 (64%)]	Loss: 2.300536
Train Epoch: 32 [44800/60000 (75%)]	Loss: 2.239689
Train Epoch: 32 [51200/60000 (85%)]	Loss: 2.389817
Train Epoch: 32 [57600/60000 (96%)]	Loss: 2.442425

Test set: Average loss: 0.0024, Accuracy: 1711/10000 (17.11%)

Confusion Matrix:
 [[ 574  369   37    0    0    0    0    0    0    0]
 [   1 1134    0    0    0    0    0    0    0    0]
 [ 320  708    3    0    1    0    0    0    0    0]
 [ 110  896    0    0    0    0    4    0    0    0]
 [ 439  543    0    0    0    0    0    0    0    0]
 [ 128  756    1    0    1    0    6    0    0    0]
 [ 290  666    2    0    0    0    0    0    0    0]
 [ 324  704    0    0    0    0    0    0    0    0]
 [ 121  853    0    0    0    0    0    0    0    0]
 [ 275  733    0    0    1    0    0    0    0    0]]
Train Epoch: 33 [0/60000 (0%)]	Loss: 2.411423
Train Epoch: 33 [6400/60000 (11%)]	Loss: 2.243281
Train Epoch: 33 [12800/60000 (21%)]	Loss: 2.396108
Train Epoch: 33 [19200/60000 (32%)]	Loss: 2.200161
Train Epoch: 33 [25600/60000 (43%)]	Loss: 2.286331
Train Epoch: 33 [32000/60000 (53%)]	Loss: 2.305737
Train Epoch: 33 [38400/60000 (64%)]	Loss: 2.347476
Train Epoch: 33 [44800/60000 (75%)]	Loss: 2.448908
Train Epoch: 33 [51200/60000 (85%)]	Loss: 2.403908
Train Epoch: 33 [57600/60000 (96%)]	Loss: 2.370851

Test set: Average loss: 0.0023, Accuracy: 2012/10000 (20.12%)

Confusion Matrix:
 [[ 876   95    9    0    0    0    0    0    0    0]
 [   2 1133    0    0    0    0    0    0    0    0]
 [ 602  428    2    0    0    0    0    0    0    0]
 [ 502  499    6    0    0    0    3    0    0    0]
 [ 353  622    2    0    1    0    4    0    0    0]
 [ 439  409   36    0    2    0    6    0    0    0]
 [ 486  471    1    0    0    0    0    0    0    0]
 [ 299  724    4    0    0    0    1    0    0    0]
 [ 323  647    4    0    0    0    0    0    0    0]
 [ 253  749    6    0    0    0    1    0    0    0]]
Train Epoch: 34 [0/60000 (0%)]	Loss: 2.363777
Train Epoch: 34 [6400/60000 (11%)]	Loss: 2.279469
Train Epoch: 34 [12800/60000 (21%)]	Loss: 2.232720
Train Epoch: 34 [19200/60000 (32%)]	Loss: 2.317706
Train Epoch: 34 [25600/60000 (43%)]	Loss: 2.332322
Train Epoch: 34 [32000/60000 (53%)]	Loss: 2.421839
Train Epoch: 34 [38400/60000 (64%)]	Loss: 2.427554
Train Epoch: 34 [44800/60000 (75%)]	Loss: 2.371329
Train Epoch: 34 [51200/60000 (85%)]	Loss: 2.328703
Train Epoch: 34 [57600/60000 (96%)]	Loss: 2.343580

Test set: Average loss: 0.0024, Accuracy: 1904/10000 (19.04%)

Confusion Matrix:
 [[947  11  21   0   0   0   1   0   0   0]
 [235 898   2   0   0   0   0   0   0   0]
 [742 252  33   0   0   1   4   0   0   0]
 [599 343  56   0   0   0  12   0   0   0]
 [733 189  15   0  25   0  20   0   0   0]
 [672 129  59   0   0   0  31   0   0   1]
 [790 130  37   0   0   0   1   0   0   0]
 [682 338   4   0   1   0   3   0   0   0]
 [744 191  35   0   0   0   4   0   0   0]
 [750 244   8   0   0   0   7   0   0   0]]
Train Epoch: 35 [0/60000 (0%)]	Loss: 2.364309
Train Epoch: 35 [6400/60000 (11%)]	Loss: 2.265115
Train Epoch: 35 [12800/60000 (21%)]	Loss: 2.410977
Train Epoch: 35 [19200/60000 (32%)]	Loss: 2.334697
Train Epoch: 35 [25600/60000 (43%)]	Loss: 2.337003
Train Epoch: 35 [32000/60000 (53%)]	Loss: 2.272550
Train Epoch: 35 [38400/60000 (64%)]	Loss: 2.375859
Train Epoch: 35 [44800/60000 (75%)]	Loss: 2.256331
Train Epoch: 35 [51200/60000 (85%)]	Loss: 2.497243
Train Epoch: 35 [57600/60000 (96%)]	Loss: 2.273518

Test set: Average loss: 0.0024, Accuracy: 2621/10000 (26.21%)

Confusion Matrix:
 [[ 744   78   88    0    5    2   53    0    0   10]
 [  37 1068   25    0    0    2    3    0    0    0]
 [ 204  209  466    0    5   88   51    0    0    9]
 [ 266  504  146    0    1   40   45    0    0    8]
 [ 324   78  179    0  175    7  215    0    0    4]
 [ 280  191  111    0    5   22  265    0    0   18]
 [ 291   87  292    0   10  121  139    0    0   18]
 [ 242  656   27    0   28    8   64    0    0    3]
 [ 387  240  203    0    2   18  118    0    0    6]
 [ 483  184  105    0   41    0  189    0    0    7]]
Train Epoch: 36 [0/60000 (0%)]	Loss: 2.400199
Train Epoch: 36 [6400/60000 (11%)]	Loss: 2.309141
Train Epoch: 36 [12800/60000 (21%)]	Loss: 2.295965
Train Epoch: 36 [19200/60000 (32%)]	Loss: 2.273914
Train Epoch: 36 [25600/60000 (43%)]	Loss: 2.390309
Train Epoch: 36 [32000/60000 (53%)]	Loss: 2.289385
Train Epoch: 36 [38400/60000 (64%)]	Loss: 2.283118
Train Epoch: 36 [44800/60000 (75%)]	Loss: 2.296734
Train Epoch: 36 [51200/60000 (85%)]	Loss: 2.244149
Train Epoch: 36 [57600/60000 (96%)]	Loss: 2.383948

Test set: Average loss: 0.0023, Accuracy: 2460/10000 (24.60%)

Confusion Matrix:
 [[ 729  113   31    0    1   67   39    0    0    0]
 [   8 1121    0    0    0    4    2    0    0    0]
 [ 107  372   91    0   15  415   28    0    0    4]
 [ 264  556   10    0    3  148   24    0    0    5]
 [ 106  107   12    0  143   52  558    0    0    4]
 [ 285  211   12    0    4  183  183    0    0   14]
 [ 122  116    7    0   18  493  191    0    0   11]
 [ 107  731    3    0   89   14   83    0    0    1]
 [ 322  389    5    0   13  161   82    0    0    2]
 [ 250  267    3    0   76   26  385    0    0    2]]
Train Epoch: 37 [0/60000 (0%)]	Loss: 2.262790
Train Epoch: 37 [6400/60000 (11%)]	Loss: 2.321261
Train Epoch: 37 [12800/60000 (21%)]	Loss: 2.349298
Train Epoch: 37 [19200/60000 (32%)]	Loss: 2.387027
Train Epoch: 37 [25600/60000 (43%)]	Loss: 2.277488
Train Epoch: 37 [32000/60000 (53%)]	Loss: 2.241584
Train Epoch: 37 [38400/60000 (64%)]	Loss: 2.336397
Train Epoch: 37 [44800/60000 (75%)]	Loss: 2.428680
Train Epoch: 37 [51200/60000 (85%)]	Loss: 2.308768
Train Epoch: 37 [57600/60000 (96%)]	Loss: 2.255541

Test set: Average loss: 0.0023, Accuracy: 2126/10000 (21.26%)

Confusion Matrix:
 [[  19  153  759    0   13   26   10    0    0    0]
 [   0 1085   45    0    0    5    0    0    0    0]
 [   1  151  764    0   31   80    5    0    0    0]
 [   0  148  797    0    5   50   10    0    0    0]
 [   3  127  522    0  211   84   35    0    0    0]
 [   0  132  693    0   17   34   16    0    0    0]
 [   4  110  637    0   73  121   13    0    0    0]
 [   1  645  255    0  104    8   15    0    0    0]
 [   0  167  715    0   10   70   12    0    0    0]
 [   0  194  650    0   93   37   35    0    0    0]]
Train Epoch: 38 [0/60000 (0%)]	Loss: 2.366093
Train Epoch: 38 [6400/60000 (11%)]	Loss: 2.251412
Train Epoch: 38 [12800/60000 (21%)]	Loss: 2.225921
Train Epoch: 38 [19200/60000 (32%)]	Loss: 2.350216
Train Epoch: 38 [25600/60000 (43%)]	Loss: 2.310132
Train Epoch: 38 [32000/60000 (53%)]	Loss: 2.328112
Train Epoch: 38 [38400/60000 (64%)]	Loss: 2.250472
Train Epoch: 38 [44800/60000 (75%)]	Loss: 2.323614
Train Epoch: 38 [51200/60000 (85%)]	Loss: 2.254060
Train Epoch: 38 [57600/60000 (96%)]	Loss: 2.480315

Test set: Average loss: 0.0023, Accuracy: 2012/10000 (20.12%)

Confusion Matrix:
 [[  13  213  488    0   86  160   20    0    0    0]
 [   0 1126    9    0    0    0    0    0    0    0]
 [   3  444  418    0   32  134    1    0    0    0]
 [   0  632  238    0   11  127    2    0    0    0]
 [   0  526   51    0  360   34   11    0    0    0]
 [   0  470  268    0   51   93   10    0    0    0]
 [   5  289  125    0  100  437    2    0    0    0]
 [   1  876   12    0  136    2    1    0    0    0]
 [   0  671  192    0   28   80    3    0    0    0]
 [   0  806   46    0  129   15   13    0    0    0]]
Train Epoch: 39 [0/60000 (0%)]	Loss: 2.402175
Train Epoch: 39 [6400/60000 (11%)]	Loss: 2.334377
Train Epoch: 39 [12800/60000 (21%)]	Loss: 2.308047
Train Epoch: 39 [19200/60000 (32%)]	Loss: 2.222052
Train Epoch: 39 [25600/60000 (43%)]	Loss: 2.308932
Train Epoch: 39 [32000/60000 (53%)]	Loss: 2.376851
Train Epoch: 39 [38400/60000 (64%)]	Loss: 2.345751
Train Epoch: 39 [44800/60000 (75%)]	Loss: 2.234156
Train Epoch: 39 [51200/60000 (85%)]	Loss: 2.236340
Train Epoch: 39 [57600/60000 (96%)]	Loss: 2.352687

Test set: Average loss: 0.0023, Accuracy: 2131/10000 (21.31%)

Confusion Matrix:
 [[   4  165  492    0   88  230    1    0    0    0]
 [   0 1128    0    0    0    7    0    0    0    0]
 [   0  344   78    0   48  562    0    0    0    0]
 [   0  689   50    0   33  237    1    0    0    0]
 [   0  193    6    0  645  136    2    0    0    0]
 [   0  409   98    0  109  276    0    0    0    0]
 [   0  191   21    0   48  698    0    0    0    0]
 [   0  855    3    0  129   40    1    0    0    0]
 [   0  436   18    0  108  412    0    0    0    0]
 [   0  339   11    0  469  190    0    0    0    0]]
Train Epoch: 40 [0/60000 (0%)]	Loss: 2.290690
Train Epoch: 40 [6400/60000 (11%)]	Loss: 2.443005
Train Epoch: 40 [12800/60000 (21%)]	Loss: 2.290519
