Model Architecture:  BernoulliModel(
  (layers): ModuleList(
    (0): BernoulliLayer(
      (lin): Linear(in_features=784, out_features=1000, bias=True)
    )
    (1): BernoulliLayer(
      (lin): Linear(in_features=1000, out_features=150, bias=True)
    )
  )
  (linear_layer): Linear(in_features=150, out_features=10, bias=True)
)
Using device:  cpu
Train Data Shape:  torch.Size([60000, 28, 28])
Test Data Shape:  torch.Size([60000])
Train Epoch: 1 [0/60000 (0%)]	Loss: 2.620433
Train Epoch: 1 [6400/60000 (11%)]	Loss: 2.557201
Train Epoch: 1 [12800/60000 (21%)]	Loss: 2.763743
Train Epoch: 1 [19200/60000 (32%)]	Loss: 2.727879
Train Epoch: 1 [25600/60000 (43%)]	Loss: 2.648796
Train Epoch: 1 [32000/60000 (53%)]	Loss: 2.704250
Train Epoch: 1 [38400/60000 (64%)]	Loss: 2.754018
Train Epoch: 1 [44800/60000 (75%)]	Loss: 2.703786
Train Epoch: 1 [51200/60000 (85%)]	Loss: 2.872831
Train Epoch: 1 [57600/60000 (96%)]	Loss: 2.964050

Test set: Average loss: 0.0028, Accuracy: 1135/10000 (11.35%)

Confusion Matrix:
 [[   0  980    0    0    0    0    0    0    0    0]
 [   0 1135    0    0    0    0    0    0    0    0]
 [   0 1032    0    0    0    0    0    0    0    0]
 [   0 1010    0    0    0    0    0    0    0    0]
 [   0  982    0    0    0    0    0    0    0    0]
 [   0  892    0    0    0    0    0    0    0    0]
 [   0  958    0    0    0    0    0    0    0    0]
 [   0 1028    0    0    0    0    0    0    0    0]
 [   0  974    0    0    0    0    0    0    0    0]
 [   0 1009    0    0    0    0    0    0    0    0]]
Train Epoch: 2 [0/60000 (0%)]	Loss: 2.699172
Train Epoch: 2 [6400/60000 (11%)]	Loss: 2.752296
Train Epoch: 2 [12800/60000 (21%)]	Loss: 2.870435
Train Epoch: 2 [19200/60000 (32%)]	Loss: 2.751507
Train Epoch: 2 [25600/60000 (43%)]	Loss: 2.566391
Train Epoch: 2 [32000/60000 (53%)]	Loss: 2.605807
Train Epoch: 2 [38400/60000 (64%)]	Loss: 2.854062
Train Epoch: 2 [44800/60000 (75%)]	Loss: 2.536207
Train Epoch: 2 [51200/60000 (85%)]	Loss: 2.720455
Train Epoch: 2 [57600/60000 (96%)]	Loss: 2.570578

Test set: Average loss: 0.0028, Accuracy: 1135/10000 (11.35%)

Confusion Matrix:
 [[   0  980    0    0    0    0    0    0    0    0]
 [   0 1135    0    0    0    0    0    0    0    0]
 [   0 1032    0    0    0    0    0    0    0    0]
 [   0 1010    0    0    0    0    0    0    0    0]
 [   0  982    0    0    0    0    0    0    0    0]
 [   0  892    0    0    0    0    0    0    0    0]
 [   0  958    0    0    0    0    0    0    0    0]
 [   0 1028    0    0    0    0    0    0    0    0]
 [   0  974    0    0    0    0    0    0    0    0]
 [   0 1009    0    0    0    0    0    0    0    0]]
Train Epoch: 3 [0/60000 (0%)]	Loss: 2.721767
Train Epoch: 3 [6400/60000 (11%)]	Loss: 2.602918
Train Epoch: 3 [12800/60000 (21%)]	Loss: 2.867422
Train Epoch: 3 [19200/60000 (32%)]	Loss: 2.821569
Train Epoch: 3 [25600/60000 (43%)]	Loss: 2.757623
Train Epoch: 3 [32000/60000 (53%)]	Loss: 2.734743
Train Epoch: 3 [38400/60000 (64%)]	Loss: 2.535248
Train Epoch: 3 [44800/60000 (75%)]	Loss: 2.695950
Train Epoch: 3 [51200/60000 (85%)]	Loss: 2.665837
Train Epoch: 3 [57600/60000 (96%)]	Loss: 2.614212

Test set: Average loss: 0.0028, Accuracy: 1135/10000 (11.35%)

Confusion Matrix:
 [[   0  980    0    0    0    0    0    0    0    0]
 [   0 1135    0    0    0    0    0    0    0    0]
 [   0 1032    0    0    0    0    0    0    0    0]
 [   0 1010    0    0    0    0    0    0    0    0]
 [   0  982    0    0    0    0    0    0    0    0]
 [   0  892    0    0    0    0    0    0    0    0]
 [   0  958    0    0    0    0    0    0    0    0]
 [   0 1028    0    0    0    0    0    0    0    0]
 [   0  974    0    0    0    0    0    0    0    0]
 [   0 1009    0    0    0    0    0    0    0    0]]
Train Epoch: 4 [0/60000 (0%)]	Loss: 2.855543
Train Epoch: 4 [6400/60000 (11%)]	Loss: 2.805207
Train Epoch: 4 [12800/60000 (21%)]	Loss: 2.707403
Train Epoch: 4 [19200/60000 (32%)]	Loss: 2.665999
Train Epoch: 4 [25600/60000 (43%)]	Loss: 2.763086
Train Epoch: 4 [32000/60000 (53%)]	Loss: 2.698948
Train Epoch: 4 [38400/60000 (64%)]	Loss: 2.935068
Train Epoch: 4 [44800/60000 (75%)]	Loss: 2.727684
Train Epoch: 4 [51200/60000 (85%)]	Loss: 2.877436
Train Epoch: 4 [57600/60000 (96%)]	Loss: 2.726775

Test set: Average loss: 0.0028, Accuracy: 1135/10000 (11.35%)

Confusion Matrix:
 [[   0  980    0    0    0    0    0    0    0    0]
 [   0 1135    0    0    0    0    0    0    0    0]
 [   0 1032    0    0    0    0    0    0    0    0]
 [   0 1010    0    0    0    0    0    0    0    0]
 [   0  982    0    0    0    0    0    0    0    0]
 [   0  892    0    0    0    0    0    0    0    0]
 [   0  958    0    0    0    0    0    0    0    0]
 [   0 1028    0    0    0    0    0    0    0    0]
 [   0  974    0    0    0    0    0    0    0    0]
 [   0 1009    0    0    0    0    0    0    0    0]]
Train Epoch: 5 [0/60000 (0%)]	Loss: 2.620484
Train Epoch: 5 [6400/60000 (11%)]	Loss: 2.669425
Train Epoch: 5 [12800/60000 (21%)]	Loss: 2.604440
Train Epoch: 5 [19200/60000 (32%)]	Loss: 2.774032
Train Epoch: 5 [25600/60000 (43%)]	Loss: 2.610527
Train Epoch: 5 [32000/60000 (53%)]	Loss: 2.950812
Train Epoch: 5 [38400/60000 (64%)]	Loss: 2.765317
Train Epoch: 5 [44800/60000 (75%)]	Loss: 2.788849
Train Epoch: 5 [51200/60000 (85%)]	Loss: 2.810617
Train Epoch: 5 [57600/60000 (96%)]	Loss: 2.729637

Test set: Average loss: 0.0028, Accuracy: 1135/10000 (11.35%)

Confusion Matrix:
 [[   0  980    0    0    0    0    0    0    0    0]
 [   0 1135    0    0    0    0    0    0    0    0]
 [   0 1032    0    0    0    0    0    0    0    0]
 [   0 1010    0    0    0    0    0    0    0    0]
 [   0  982    0    0    0    0    0    0    0    0]
 [   0  892    0    0    0    0    0    0    0    0]
 [   0  958    0    0    0    0    0    0    0    0]
 [   0 1028    0    0    0    0    0    0    0    0]
 [   0  974    0    0    0    0    0    0    0    0]
 [   0 1009    0    0    0    0    0    0    0    0]]
Train Epoch: 6 [0/60000 (0%)]	Loss: 2.692838
Train Epoch: 6 [6400/60000 (11%)]	Loss: 3.132212
Train Epoch: 6 [12800/60000 (21%)]	Loss: 2.678279
Train Epoch: 6 [19200/60000 (32%)]	Loss: 2.952112
Train Epoch: 6 [25600/60000 (43%)]	Loss: 2.714096
Train Epoch: 6 [32000/60000 (53%)]	Loss: 2.571819
Train Epoch: 6 [38400/60000 (64%)]	Loss: 2.780234
Train Epoch: 6 [44800/60000 (75%)]	Loss: 2.813202
Train Epoch: 6 [51200/60000 (85%)]	Loss: 2.753527
Train Epoch: 6 [57600/60000 (96%)]	Loss: 2.612341

Test set: Average loss: 0.0028, Accuracy: 1135/10000 (11.35%)

Confusion Matrix:
 [[   0  980    0    0    0    0    0    0    0    0]
 [   0 1135    0    0    0    0    0    0    0    0]
 [   0 1032    0    0    0    0    0    0    0    0]
 [   0 1010    0    0    0    0    0    0    0    0]
 [   0  982    0    0    0    0    0    0    0    0]
 [   0  892    0    0    0    0    0    0    0    0]
 [   0  958    0    0    0    0    0    0    0    0]
 [   0 1028    0    0    0    0    0    0    0    0]
 [   0  974    0    0    0    0    0    0    0    0]
 [   0 1009    0    0    0    0    0    0    0    0]]
Train Epoch: 7 [0/60000 (0%)]	Loss: 2.937243
Train Epoch: 7 [6400/60000 (11%)]	Loss: 2.870539
Train Epoch: 7 [12800/60000 (21%)]	Loss: 2.914168
Train Epoch: 7 [19200/60000 (32%)]	Loss: 2.934066
Train Epoch: 7 [25600/60000 (43%)]	Loss: 2.729272
Train Epoch: 7 [32000/60000 (53%)]	Loss: 2.813421
Train Epoch: 7 [38400/60000 (64%)]	Loss: 2.598453
Train Epoch: 7 [44800/60000 (75%)]	Loss: 2.882880
Train Epoch: 7 [51200/60000 (85%)]	Loss: 2.628867
Train Epoch: 7 [57600/60000 (96%)]	Loss: 2.804941

Test set: Average loss: 0.0028, Accuracy: 1135/10000 (11.35%)

Confusion Matrix:
 [[   0  980    0    0    0    0    0    0    0    0]
 [   0 1135    0    0    0    0    0    0    0    0]
 [   0 1032    0    0    0    0    0    0    0    0]
 [   0 1010    0    0    0    0    0    0    0    0]
 [   0  982    0    0    0    0    0    0    0    0]
 [   0  892    0    0    0    0    0    0    0    0]
 [   0  958    0    0    0    0    0    0    0    0]
 [   0 1028    0    0    0    0    0    0    0    0]
 [   0  974    0    0    0    0    0    0    0    0]
 [   0 1009    0    0    0    0    0    0    0    0]]
Train Epoch: 8 [0/60000 (0%)]	Loss: 2.781086
Train Epoch: 8 [6400/60000 (11%)]	Loss: 2.669436
Train Epoch: 8 [12800/60000 (21%)]	Loss: 2.750962
Train Epoch: 8 [19200/60000 (32%)]	Loss: 2.862809
Train Epoch: 8 [25600/60000 (43%)]	Loss: 2.753550
Train Epoch: 8 [32000/60000 (53%)]	Loss: 2.846508
Train Epoch: 8 [38400/60000 (64%)]	Loss: 2.729067
Train Epoch: 8 [44800/60000 (75%)]	Loss: 3.116120
Train Epoch: 8 [51200/60000 (85%)]	Loss: 2.841393
Train Epoch: 8 [57600/60000 (96%)]	Loss: 2.980366

Test set: Average loss: 0.0028, Accuracy: 1135/10000 (11.35%)

Confusion Matrix:
 [[   0  980    0    0    0    0    0    0    0    0]
 [   0 1135    0    0    0    0    0    0    0    0]
 [   0 1032    0    0    0    0    0    0    0    0]
 [   0 1010    0    0    0    0    0    0    0    0]
 [   0  982    0    0    0    0    0    0    0    0]
 [   0  892    0    0    0    0    0    0    0    0]
 [   0  958    0    0    0    0    0    0    0    0]
 [   0 1028    0    0    0    0    0    0    0    0]
 [   0  974    0    0    0    0    0    0    0    0]
 [   0 1009    0    0    0    0    0    0    0    0]]
Train Epoch: 9 [0/60000 (0%)]	Loss: 2.577433
Train Epoch: 9 [6400/60000 (11%)]	Loss: 2.606131
Train Epoch: 9 [12800/60000 (21%)]	Loss: 2.534724
Train Epoch: 9 [19200/60000 (32%)]	Loss: 2.735492
Train Epoch: 9 [25600/60000 (43%)]	Loss: 2.720896
Train Epoch: 9 [32000/60000 (53%)]	Loss: 2.827217
Train Epoch: 9 [38400/60000 (64%)]	Loss: 2.658902
Train Epoch: 9 [44800/60000 (75%)]	Loss: 2.790406
Train Epoch: 9 [51200/60000 (85%)]	Loss: 2.922629
Train Epoch: 9 [57600/60000 (96%)]	Loss: 2.621728

Test set: Average loss: 0.0028, Accuracy: 1135/10000 (11.35%)

Confusion Matrix:
 [[   0  980    0    0    0    0    0    0    0    0]
 [   0 1135    0    0    0    0    0    0    0    0]
 [   0 1032    0    0    0    0    0    0    0    0]
 [   0 1010    0    0    0    0    0    0    0    0]
 [   0  982    0    0    0    0    0    0    0    0]
 [   0  892    0    0    0    0    0    0    0    0]
 [   0  958    0    0    0    0    0    0    0    0]
 [   0 1028    0    0    0    0    0    0    0    0]
 [   0  974    0    0    0    0    0    0    0    0]
 [   0 1009    0    0    0    0    0    0    0    0]]
Train Epoch: 10 [0/60000 (0%)]	Loss: 2.709161
Train Epoch: 10 [6400/60000 (11%)]	Loss: 2.742033
Train Epoch: 10 [12800/60000 (21%)]	Loss: 2.678449
Train Epoch: 10 [19200/60000 (32%)]	Loss: 2.747273
Train Epoch: 10 [25600/60000 (43%)]	Loss: 2.710285
Train Epoch: 10 [32000/60000 (53%)]	Loss: 2.824914
Train Epoch: 10 [38400/60000 (64%)]	Loss: 2.743001
Train Epoch: 10 [44800/60000 (75%)]	Loss: 2.915936
Train Epoch: 10 [51200/60000 (85%)]	Loss: 2.647539
Train Epoch: 10 [57600/60000 (96%)]	Loss: 2.961967

Test set: Average loss: 0.0028, Accuracy: 1135/10000 (11.35%)

Confusion Matrix:
 [[   0  980    0    0    0    0    0    0    0    0]
 [   0 1135    0    0    0    0    0    0    0    0]
 [   0 1032    0    0    0    0    0    0    0    0]
 [   0 1010    0    0    0    0    0    0    0    0]
 [   0  982    0    0    0    0    0    0    0    0]
 [   0  892    0    0    0    0    0    0    0    0]
 [   0  958    0    0    0    0    0    0    0    0]
 [   0 1028    0    0    0    0    0    0    0    0]
 [   0  974    0    0    0    0    0    0    0    0]
 [   0 1009    0    0    0    0    0    0    0    0]]
Train Epoch: 11 [0/60000 (0%)]	Loss: 2.874566
Train Epoch: 11 [6400/60000 (11%)]	Loss: 2.763903
Train Epoch: 11 [12800/60000 (21%)]	Loss: 2.825821
Train Epoch: 11 [19200/60000 (32%)]	Loss: 2.881364
Train Epoch: 11 [25600/60000 (43%)]	Loss: 3.026465
Train Epoch: 11 [32000/60000 (53%)]	Loss: 2.634953
Train Epoch: 11 [38400/60000 (64%)]	Loss: 2.837888
Train Epoch: 11 [44800/60000 (75%)]	Loss: 2.826292
Train Epoch: 11 [51200/60000 (85%)]	Loss: 2.917542
Train Epoch: 11 [57600/60000 (96%)]	Loss: 2.885915

Test set: Average loss: 0.0028, Accuracy: 1135/10000 (11.35%)

Confusion Matrix:
 [[   0  980    0    0    0    0    0    0    0    0]
 [   0 1135    0    0    0    0    0    0    0    0]
 [   0 1032    0    0    0    0    0    0    0    0]
 [   0 1010    0    0    0    0    0    0    0    0]
 [   0  982    0    0    0    0    0    0    0    0]
 [   0  892    0    0    0    0    0    0    0    0]
 [   0  958    0    0    0    0    0    0    0    0]
 [   0 1028    0    0    0    0    0    0    0    0]
 [   0  974    0    0    0    0    0    0    0    0]
 [   0 1009    0    0    0    0    0    0    0    0]]
Train Epoch: 12 [0/60000 (0%)]	Loss: 2.864936
Train Epoch: 12 [6400/60000 (11%)]	Loss: 2.920805
Train Epoch: 12 [12800/60000 (21%)]	Loss: 2.851900
Train Epoch: 12 [19200/60000 (32%)]	Loss: 2.692513
Train Epoch: 12 [25600/60000 (43%)]	Loss: 2.983260
Train Epoch: 12 [32000/60000 (53%)]	Loss: 2.632231
Train Epoch: 12 [38400/60000 (64%)]	Loss: 2.680809
Train Epoch: 12 [44800/60000 (75%)]	Loss: 2.781175
Train Epoch: 12 [51200/60000 (85%)]	Loss: 2.821949
Train Epoch: 12 [57600/60000 (96%)]	Loss: 2.884082

Test set: Average loss: 0.0028, Accuracy: 1135/10000 (11.35%)

Confusion Matrix:
 [[   0  980    0    0    0    0    0    0    0    0]
 [   0 1135    0    0    0    0    0    0    0    0]
 [   0 1032    0    0    0    0    0    0    0    0]
 [   0 1010    0    0    0    0    0    0    0    0]
 [   0  982    0    0    0    0    0    0    0    0]
 [   0  892    0    0    0    0    0    0    0    0]
 [   0  958    0    0    0    0    0    0    0    0]
 [   0 1028    0    0    0    0    0    0    0    0]
 [   0  974    0    0    0    0    0    0    0    0]
 [   0 1009    0    0    0    0    0    0    0    0]]
Train Epoch: 13 [0/60000 (0%)]	Loss: 2.838037
Train Epoch: 13 [6400/60000 (11%)]	Loss: 2.789176
Train Epoch: 13 [12800/60000 (21%)]	Loss: 2.828941
Train Epoch: 13 [19200/60000 (32%)]	Loss: 2.801603
Train Epoch: 13 [25600/60000 (43%)]	Loss: 2.867511
Train Epoch: 13 [32000/60000 (53%)]	Loss: 2.659115
Train Epoch: 13 [38400/60000 (64%)]	Loss: 2.569686
Train Epoch: 13 [44800/60000 (75%)]	Loss: 2.686773
Train Epoch: 13 [51200/60000 (85%)]	Loss: 2.861735
Train Epoch: 13 [57600/60000 (96%)]	Loss: 2.677925

Test set: Average loss: 0.0028, Accuracy: 1135/10000 (11.35%)

Confusion Matrix:
 [[   0  980    0    0    0    0    0    0    0    0]
 [   0 1135    0    0    0    0    0    0    0    0]
 [   0 1032    0    0    0    0    0    0    0    0]
 [   0 1010    0    0    0    0    0    0    0    0]
 [   0  982    0    0    0    0    0    0    0    0]
 [   0  892    0    0    0    0    0    0    0    0]
 [   0  958    0    0    0    0    0    0    0    0]
 [   0 1028    0    0    0    0    0    0    0    0]
 [   0  974    0    0    0    0    0    0    0    0]
 [   0 1009    0    0    0    0    0    0    0    0]]
Train Epoch: 14 [0/60000 (0%)]	Loss: 2.631147
Train Epoch: 14 [6400/60000 (11%)]	Loss: 2.776520
Train Epoch: 14 [12800/60000 (21%)]	Loss: 2.623967
Train Epoch: 14 [19200/60000 (32%)]	Loss: 2.742621
Train Epoch: 14 [25600/60000 (43%)]	Loss: 2.795341
Train Epoch: 14 [32000/60000 (53%)]	Loss: 2.550707
Train Epoch: 14 [38400/60000 (64%)]	Loss: 2.864235
Train Epoch: 14 [44800/60000 (75%)]	Loss: 2.745379
Train Epoch: 14 [51200/60000 (85%)]	Loss: 2.892395
Train Epoch: 14 [57600/60000 (96%)]	Loss: 2.909350

Test set: Average loss: 0.0028, Accuracy: 1135/10000 (11.35%)

Confusion Matrix:
 [[   0  980    0    0    0    0    0    0    0    0]
 [   0 1135    0    0    0    0    0    0    0    0]
 [   0 1032    0    0    0    0    0    0    0    0]
 [   0 1010    0    0    0    0    0    0    0    0]
 [   0  982    0    0    0    0    0    0    0    0]
 [   0  892    0    0    0    0    0    0    0    0]
 [   0  958    0    0    0    0    0    0    0    0]
 [   0 1028    0    0    0    0    0    0    0    0]
 [   0  974    0    0    0    0    0    0    0    0]
 [   0 1009    0    0    0    0    0    0    0    0]]
Train Epoch: 15 [0/60000 (0%)]	Loss: 2.580641
Train Epoch: 15 [6400/60000 (11%)]	Loss: 3.002699
Train Epoch: 15 [12800/60000 (21%)]	Loss: 2.895586
Train Epoch: 15 [19200/60000 (32%)]	Loss: 2.645340
Train Epoch: 15 [25600/60000 (43%)]	Loss: 2.629591
Train Epoch: 15 [32000/60000 (53%)]	Loss: 2.871518
Train Epoch: 15 [38400/60000 (64%)]	Loss: 2.802239
Train Epoch: 15 [44800/60000 (75%)]	Loss: 2.910004
Train Epoch: 15 [51200/60000 (85%)]	Loss: 2.816268
Train Epoch: 15 [57600/60000 (96%)]	Loss: 2.780082

Test set: Average loss: 0.0028, Accuracy: 1135/10000 (11.35%)

Confusion Matrix:
 [[   0  980    0    0    0    0    0    0    0    0]
 [   0 1135    0    0    0    0    0    0    0    0]
 [   0 1032    0    0    0    0    0    0    0    0]
 [   0 1010    0    0    0    0    0    0    0    0]
 [   0  982    0    0    0    0    0    0    0    0]
 [   0  892    0    0    0    0    0    0    0    0]
 [   0  958    0    0    0    0    0    0    0    0]
 [   0 1028    0    0    0    0    0    0    0    0]
 [   0  974    0    0    0    0    0    0    0    0]
 [   0 1009    0    0    0    0    0    0    0    0]]
Train Epoch: 16 [0/60000 (0%)]	Loss: 2.809502
Train Epoch: 16 [6400/60000 (11%)]	Loss: 2.635448
Train Epoch: 16 [12800/60000 (21%)]	Loss: 2.531540
Train Epoch: 16 [19200/60000 (32%)]	Loss: 2.831563
Train Epoch: 16 [25600/60000 (43%)]	Loss: 2.801150
Train Epoch: 16 [32000/60000 (53%)]	Loss: 2.817404
Train Epoch: 16 [38400/60000 (64%)]	Loss: 2.752963
Train Epoch: 16 [44800/60000 (75%)]	Loss: 2.830220
Train Epoch: 16 [51200/60000 (85%)]	Loss: 2.728371
Train Epoch: 16 [57600/60000 (96%)]	Loss: 2.772285

Test set: Average loss: 0.0027, Accuracy: 1135/10000 (11.35%)

Confusion Matrix:
 [[   0  980    0    0    0    0    0    0    0    0]
 [   0 1135    0    0    0    0    0    0    0    0]
 [   0 1032    0    0    0    0    0    0    0    0]
 [   0 1010    0    0    0    0    0    0    0    0]
 [   0  982    0    0    0    0    0    0    0    0]
 [   0  892    0    0    0    0    0    0    0    0]
 [   0  958    0    0    0    0    0    0    0    0]
 [   0 1028    0    0    0    0    0    0    0    0]
 [   0  974    0    0    0    0    0    0    0    0]
 [   0 1009    0    0    0    0    0    0    0    0]]
Train Epoch: 17 [0/60000 (0%)]	Loss: 2.636008
Train Epoch: 17 [6400/60000 (11%)]	Loss: 2.769817
Train Epoch: 17 [12800/60000 (21%)]	Loss: 2.713544
Train Epoch: 17 [19200/60000 (32%)]	Loss: 2.622154
Train Epoch: 17 [25600/60000 (43%)]	Loss: 2.521063
Train Epoch: 17 [32000/60000 (53%)]	Loss: 2.836081
Train Epoch: 17 [38400/60000 (64%)]	Loss: 2.718681
Train Epoch: 17 [44800/60000 (75%)]	Loss: 2.740986
Train Epoch: 17 [51200/60000 (85%)]	Loss: 2.606758
Train Epoch: 17 [57600/60000 (96%)]	Loss: 2.760070

Test set: Average loss: 0.0027, Accuracy: 1135/10000 (11.35%)

Confusion Matrix:
 [[   0  980    0    0    0    0    0    0    0    0]
 [   0 1135    0    0    0    0    0    0    0    0]
 [   0 1032    0    0    0    0    0    0    0    0]
 [   0 1010    0    0    0    0    0    0    0    0]
 [   0  982    0    0    0    0    0    0    0    0]
 [   0  892    0    0    0    0    0    0    0    0]
 [   0  958    0    0    0    0    0    0    0    0]
 [   0 1028    0    0    0    0    0    0    0    0]
 [   0  974    0    0    0    0    0    0    0    0]
 [   0 1009    0    0    0    0    0    0    0    0]]
Train Epoch: 18 [0/60000 (0%)]	Loss: 2.653734
Train Epoch: 18 [6400/60000 (11%)]	Loss: 2.812061
Train Epoch: 18 [12800/60000 (21%)]	Loss: 2.798530
Train Epoch: 18 [19200/60000 (32%)]	Loss: 2.723145
Train Epoch: 18 [25600/60000 (43%)]	Loss: 2.568495
Train Epoch: 18 [32000/60000 (53%)]	Loss: 2.764491
Train Epoch: 18 [38400/60000 (64%)]	Loss: 2.883005
Train Epoch: 18 [44800/60000 (75%)]	Loss: 2.583802
Train Epoch: 18 [51200/60000 (85%)]	Loss: 2.811559
Train Epoch: 18 [57600/60000 (96%)]	Loss: 2.687800

Test set: Average loss: 0.0027, Accuracy: 1135/10000 (11.35%)

Confusion Matrix:
 [[   0  980    0    0    0    0    0    0    0    0]
 [   0 1135    0    0    0    0    0    0    0    0]
 [   0 1032    0    0    0    0    0    0    0    0]
 [   0 1010    0    0    0    0    0    0    0    0]
 [   0  982    0    0    0    0    0    0    0    0]
 [   0  892    0    0    0    0    0    0    0    0]
 [   0  958    0    0    0    0    0    0    0    0]
 [   0 1028    0    0    0    0    0    0    0    0]
 [   0  974    0    0    0    0    0    0    0    0]
 [   0 1009    0    0    0    0    0    0    0    0]]
Train Epoch: 19 [0/60000 (0%)]	Loss: 2.532599
Train Epoch: 19 [6400/60000 (11%)]	Loss: 2.766211
Train Epoch: 19 [12800/60000 (21%)]	Loss: 2.708748
Train Epoch: 19 [19200/60000 (32%)]	Loss: 2.689942
Train Epoch: 19 [25600/60000 (43%)]	Loss: 2.497900
Train Epoch: 19 [32000/60000 (53%)]	Loss: 2.663513
Train Epoch: 19 [38400/60000 (64%)]	Loss: 2.593355
Train Epoch: 19 [44800/60000 (75%)]	Loss: 2.351871
Train Epoch: 19 [51200/60000 (85%)]	Loss: 2.581177
Train Epoch: 19 [57600/60000 (96%)]	Loss: 2.482705

Test set: Average loss: 0.0026, Accuracy: 1135/10000 (11.35%)

Confusion Matrix:
 [[   0  980    0    0    0    0    0    0    0    0]
 [   0 1135    0    0    0    0    0    0    0    0]
 [   0 1032    0    0    0    0    0    0    0    0]
 [   0 1010    0    0    0    0    0    0    0    0]
 [   0  982    0    0    0    0    0    0    0    0]
 [   0  892    0    0    0    0    0    0    0    0]
 [   0  958    0    0    0    0    0    0    0    0]
 [   0 1028    0    0    0    0    0    0    0    0]
 [   0  974    0    0    0    0    0    0    0    0]
 [   0 1009    0    0    0    0    0    0    0    0]]
Train Epoch: 20 [0/60000 (0%)]	Loss: 2.708719
Train Epoch: 20 [6400/60000 (11%)]	Loss: 2.445501
Train Epoch: 20 [12800/60000 (21%)]	Loss: 2.650054
Train Epoch: 20 [19200/60000 (32%)]	Loss: 2.500084
Train Epoch: 20 [25600/60000 (43%)]	Loss: 2.705237
Train Epoch: 20 [32000/60000 (53%)]	Loss: 2.519948
Train Epoch: 20 [38400/60000 (64%)]	Loss: 2.771274
Train Epoch: 20 [44800/60000 (75%)]	Loss: 2.581732
Train Epoch: 20 [51200/60000 (85%)]	Loss: 2.619549
Train Epoch: 20 [57600/60000 (96%)]	Loss: 2.751654

Test set: Average loss: 0.0026, Accuracy: 1135/10000 (11.35%)

Confusion Matrix:
 [[   0  980    0    0    0    0    0    0    0    0]
 [   0 1135    0    0    0    0    0    0    0    0]
 [   0 1032    0    0    0    0    0    0    0    0]
 [   0 1010    0    0    0    0    0    0    0    0]
 [   0  982    0    0    0    0    0    0    0    0]
 [   0  892    0    0    0    0    0    0    0    0]
 [   0  958    0    0    0    0    0    0    0    0]
 [   0 1028    0    0    0    0    0    0    0    0]
 [   0  974    0    0    0    0    0    0    0    0]
 [   0 1009    0    0    0    0    0    0    0    0]]
Train Epoch: 21 [0/60000 (0%)]	Loss: 2.379114
Train Epoch: 21 [6400/60000 (11%)]	Loss: 2.625564
Train Epoch: 21 [12800/60000 (21%)]	Loss: 2.550023
Train Epoch: 21 [19200/60000 (32%)]	Loss: 2.475130
Train Epoch: 21 [25600/60000 (43%)]	Loss: 2.803248
Train Epoch: 21 [32000/60000 (53%)]	Loss: 2.417965
Train Epoch: 21 [38400/60000 (64%)]	Loss: 2.587503
Train Epoch: 21 [44800/60000 (75%)]	Loss: 2.500705
Train Epoch: 21 [51200/60000 (85%)]	Loss: 2.498551
Train Epoch: 21 [57600/60000 (96%)]	Loss: 2.437046

Test set: Average loss: 0.0026, Accuracy: 1135/10000 (11.35%)

Confusion Matrix:
 [[   0  980    0    0    0    0    0    0    0    0]
 [   0 1135    0    0    0    0    0    0    0    0]
 [   0 1032    0    0    0    0    0    0    0    0]
 [   0 1010    0    0    0    0    0    0    0    0]
 [   0  982    0    0    0    0    0    0    0    0]
 [   0  892    0    0    0    0    0    0    0    0]
 [   0  958    0    0    0    0    0    0    0    0]
 [   0 1028    0    0    0    0    0    0    0    0]
 [   0  974    0    0    0    0    0    0    0    0]
 [   0 1009    0    0    0    0    0    0    0    0]]
Train Epoch: 22 [0/60000 (0%)]	Loss: 2.656597
Train Epoch: 22 [6400/60000 (11%)]	Loss: 2.500978
Train Epoch: 22 [12800/60000 (21%)]	Loss: 2.579503
Train Epoch: 22 [19200/60000 (32%)]	Loss: 2.630325
Train Epoch: 22 [25600/60000 (43%)]	Loss: 2.562831
Train Epoch: 22 [32000/60000 (53%)]	Loss: 2.499929
Train Epoch: 22 [38400/60000 (64%)]	Loss: 2.420310
Train Epoch: 22 [44800/60000 (75%)]	Loss: 2.548024
Train Epoch: 22 [51200/60000 (85%)]	Loss: 2.622683
Train Epoch: 22 [57600/60000 (96%)]	Loss: 2.527155

Test set: Average loss: 0.0026, Accuracy: 1135/10000 (11.35%)

Confusion Matrix:
 [[   0  980    0    0    0    0    0    0    0    0]
 [   0 1135    0    0    0    0    0    0    0    0]
 [   0 1032    0    0    0    0    0    0    0    0]
 [   0 1010    0    0    0    0    0    0    0    0]
 [   0  982    0    0    0    0    0    0    0    0]
 [   0  892    0    0    0    0    0    0    0    0]
 [   0  958    0    0    0    0    0    0    0    0]
 [   0 1028    0    0    0    0    0    0    0    0]
 [   0  974    0    0    0    0    0    0    0    0]
 [   0 1009    0    0    0    0    0    0    0    0]]
Train Epoch: 23 [0/60000 (0%)]	Loss: 2.422631
Train Epoch: 23 [6400/60000 (11%)]	Loss: 2.678226
Train Epoch: 23 [12800/60000 (21%)]	Loss: 2.466157
Train Epoch: 23 [19200/60000 (32%)]	Loss: 2.492558
Train Epoch: 23 [25600/60000 (43%)]	Loss: 2.596654
Train Epoch: 23 [32000/60000 (53%)]	Loss: 2.460287
Train Epoch: 23 [38400/60000 (64%)]	Loss: 2.537143
Train Epoch: 23 [44800/60000 (75%)]	Loss: 2.376640
Train Epoch: 23 [51200/60000 (85%)]	Loss: 2.423794
Train Epoch: 23 [57600/60000 (96%)]	Loss: 2.605526

Test set: Average loss: 0.0026, Accuracy: 1135/10000 (11.35%)

Confusion Matrix:
 [[   0  980    0    0    0    0    0    0    0    0]
 [   0 1135    0    0    0    0    0    0    0    0]
 [   0 1032    0    0    0    0    0    0    0    0]
 [   0 1010    0    0    0    0    0    0    0    0]
 [   0  982    0    0    0    0    0    0    0    0]
 [   0  892    0    0    0    0    0    0    0    0]
 [   0  958    0    0    0    0    0    0    0    0]
 [   0 1028    0    0    0    0    0    0    0    0]
 [   0  974    0    0    0    0    0    0    0    0]
 [   0 1009    0    0    0    0    0    0    0    0]]
Train Epoch: 24 [0/60000 (0%)]	Loss: 2.590147
Train Epoch: 24 [6400/60000 (11%)]	Loss: 2.380776
Train Epoch: 24 [12800/60000 (21%)]	Loss: 2.672268
Train Epoch: 24 [19200/60000 (32%)]	Loss: 2.535421
Train Epoch: 24 [25600/60000 (43%)]	Loss: 2.616386
Train Epoch: 24 [32000/60000 (53%)]	Loss: 2.516300
Train Epoch: 24 [38400/60000 (64%)]	Loss: 2.617284
Train Epoch: 24 [44800/60000 (75%)]	Loss: 2.647594
Train Epoch: 24 [51200/60000 (85%)]	Loss: 2.599064
Train Epoch: 24 [57600/60000 (96%)]	Loss: 2.398559

Test set: Average loss: 0.0026, Accuracy: 1135/10000 (11.35%)

Confusion Matrix:
 [[   0  980    0    0    0    0    0    0    0    0]
 [   0 1135    0    0    0    0    0    0    0    0]
 [   0 1032    0    0    0    0    0    0    0    0]
 [   0 1010    0    0    0    0    0    0    0    0]
 [   0  982    0    0    0    0    0    0    0    0]
 [   0  892    0    0    0    0    0    0    0    0]
 [   0  958    0    0    0    0    0    0    0    0]
 [   0 1028    0    0    0    0    0    0    0    0]
 [   0  974    0    0    0    0    0    0    0    0]
 [   0 1009    0    0    0    0    0    0    0    0]]
Train Epoch: 25 [0/60000 (0%)]	Loss: 2.581720
Train Epoch: 25 [6400/60000 (11%)]	Loss: 2.604777
Train Epoch: 25 [12800/60000 (21%)]	Loss: 2.644972
Train Epoch: 25 [19200/60000 (32%)]	Loss: 2.655183
Train Epoch: 25 [25600/60000 (43%)]	Loss: 2.554203
Train Epoch: 25 [32000/60000 (53%)]	Loss: 2.388836
Train Epoch: 25 [38400/60000 (64%)]	Loss: 2.495761
Train Epoch: 25 [44800/60000 (75%)]	Loss: 2.523522
Train Epoch: 25 [51200/60000 (85%)]	Loss: 2.661646
Train Epoch: 25 [57600/60000 (96%)]	Loss: 2.630713

Test set: Average loss: 0.0026, Accuracy: 1135/10000 (11.35%)

Confusion Matrix:
 [[   0  980    0    0    0    0    0    0    0    0]
 [   0 1135    0    0    0    0    0    0    0    0]
 [   0 1032    0    0    0    0    0    0    0    0]
 [   0 1010    0    0    0    0    0    0    0    0]
 [   0  982    0    0    0    0    0    0    0    0]
 [   0  892    0    0    0    0    0    0    0    0]
 [   0  958    0    0    0    0    0    0    0    0]
 [   0 1028    0    0    0    0    0    0    0    0]
 [   0  974    0    0    0    0    0    0    0    0]
 [   0 1009    0    0    0    0    0    0    0    0]]
Train Epoch: 26 [0/60000 (0%)]	Loss: 2.549501
Train Epoch: 26 [6400/60000 (11%)]	Loss: 2.539499
Train Epoch: 26 [12800/60000 (21%)]	Loss: 2.459666
Train Epoch: 26 [19200/60000 (32%)]	Loss: 2.624684
Train Epoch: 26 [25600/60000 (43%)]	Loss: 2.541699
Train Epoch: 26 [32000/60000 (53%)]	Loss: 2.708224
Train Epoch: 26 [38400/60000 (64%)]	Loss: 2.772689
Train Epoch: 26 [44800/60000 (75%)]	Loss: 2.561113
Train Epoch: 26 [51200/60000 (85%)]	Loss: 2.692096
Train Epoch: 26 [57600/60000 (96%)]	Loss: 2.434590

Test set: Average loss: 0.0025, Accuracy: 1135/10000 (11.35%)

Confusion Matrix:
 [[   0  980    0    0    0    0    0    0    0    0]
 [   0 1135    0    0    0    0    0    0    0    0]
 [   0 1032    0    0    0    0    0    0    0    0]
 [   0 1010    0    0    0    0    0    0    0    0]
 [   0  982    0    0    0    0    0    0    0    0]
 [   0  892    0    0    0    0    0    0    0    0]
 [   0  958    0    0    0    0    0    0    0    0]
 [   0 1028    0    0    0    0    0    0    0    0]
 [   0  974    0    0    0    0    0    0    0    0]
 [   0 1009    0    0    0    0    0    0    0    0]]
Train Epoch: 27 [0/60000 (0%)]	Loss: 2.478923
Train Epoch: 27 [6400/60000 (11%)]	Loss: 2.440551
Train Epoch: 27 [12800/60000 (21%)]	Loss: 2.456157
Train Epoch: 27 [19200/60000 (32%)]	Loss: 2.357277
Train Epoch: 27 [25600/60000 (43%)]	Loss: 2.341487
Train Epoch: 27 [32000/60000 (53%)]	Loss: 2.547236
Train Epoch: 27 [38400/60000 (64%)]	Loss: 2.470601
Train Epoch: 27 [44800/60000 (75%)]	Loss: 2.417763
Train Epoch: 27 [51200/60000 (85%)]	Loss: 2.577191
Train Epoch: 27 [57600/60000 (96%)]	Loss: 2.619656

Test set: Average loss: 0.0025, Accuracy: 1135/10000 (11.35%)

Confusion Matrix:
 [[   0  980    0    0    0    0    0    0    0    0]
 [   0 1135    0    0    0    0    0    0    0    0]
 [   0 1032    0    0    0    0    0    0    0    0]
 [   0 1010    0    0    0    0    0    0    0    0]
 [   0  982    0    0    0    0    0    0    0    0]
 [   0  892    0    0    0    0    0    0    0    0]
 [   0  958    0    0    0    0    0    0    0    0]
 [   0 1028    0    0    0    0    0    0    0    0]
 [   0  974    0    0    0    0    0    0    0    0]
 [   0 1009    0    0    0    0    0    0    0    0]]
Train Epoch: 28 [0/60000 (0%)]	Loss: 2.389435
Train Epoch: 28 [6400/60000 (11%)]	Loss: 2.487721
Train Epoch: 28 [12800/60000 (21%)]	Loss: 2.454894
Train Epoch: 28 [19200/60000 (32%)]	Loss: 2.602881
Train Epoch: 28 [25600/60000 (43%)]	Loss: 2.492521
Train Epoch: 28 [32000/60000 (53%)]	Loss: 2.420764
Train Epoch: 28 [38400/60000 (64%)]	Loss: 2.497057
Train Epoch: 28 [44800/60000 (75%)]	Loss: 2.550556
Train Epoch: 28 [51200/60000 (85%)]	Loss: 2.515351
Train Epoch: 28 [57600/60000 (96%)]	Loss: 2.570396

Test set: Average loss: 0.0025, Accuracy: 1135/10000 (11.35%)

Confusion Matrix:
 [[   0  980    0    0    0    0    0    0    0    0]
 [   0 1135    0    0    0    0    0    0    0    0]
 [   0 1032    0    0    0    0    0    0    0    0]
 [   0 1010    0    0    0    0    0    0    0    0]
 [   0  982    0    0    0    0    0    0    0    0]
 [   0  892    0    0    0    0    0    0    0    0]
 [   0  958    0    0    0    0    0    0    0    0]
 [   0 1028    0    0    0    0    0    0    0    0]
 [   0  974    0    0    0    0    0    0    0    0]
 [   0 1009    0    0    0    0    0    0    0    0]]
Train Epoch: 29 [0/60000 (0%)]	Loss: 2.391974
Train Epoch: 29 [6400/60000 (11%)]	Loss: 2.572669
Train Epoch: 29 [12800/60000 (21%)]	Loss: 2.471199
Train Epoch: 29 [19200/60000 (32%)]	Loss: 2.490282
Train Epoch: 29 [25600/60000 (43%)]	Loss: 2.489506
Train Epoch: 29 [32000/60000 (53%)]	Loss: 2.426925
Train Epoch: 29 [38400/60000 (64%)]	Loss: 2.579049
Train Epoch: 29 [44800/60000 (75%)]	Loss: 2.431083
Train Epoch: 29 [51200/60000 (85%)]	Loss: 2.426708
Train Epoch: 29 [57600/60000 (96%)]	Loss: 2.568044

Test set: Average loss: 0.0025, Accuracy: 1135/10000 (11.35%)

Confusion Matrix:
 [[   0  980    0    0    0    0    0    0    0    0]
 [   0 1135    0    0    0    0    0    0    0    0]
 [   0 1032    0    0    0    0    0    0    0    0]
 [   0 1010    0    0    0    0    0    0    0    0]
 [   0  982    0    0    0    0    0    0    0    0]
 [   0  892    0    0    0    0    0    0    0    0]
 [   0  958    0    0    0    0    0    0    0    0]
 [   0 1028    0    0    0    0    0    0    0    0]
 [   0  974    0    0    0    0    0    0    0    0]
 [   0 1009    0    0    0    0    0    0    0    0]]
Train Epoch: 30 [0/60000 (0%)]	Loss: 2.376105
Train Epoch: 30 [6400/60000 (11%)]	Loss: 2.394968
Train Epoch: 30 [12800/60000 (21%)]	Loss: 2.537000
Train Epoch: 30 [19200/60000 (32%)]	Loss: 2.468158
Train Epoch: 30 [25600/60000 (43%)]	Loss: 2.648682
Train Epoch: 30 [32000/60000 (53%)]	Loss: 2.499257
Train Epoch: 30 [38400/60000 (64%)]	Loss: 2.260549
Train Epoch: 30 [44800/60000 (75%)]	Loss: 2.460855
Train Epoch: 30 [51200/60000 (85%)]	Loss: 2.381465
Train Epoch: 30 [57600/60000 (96%)]	Loss: 2.409002

Test set: Average loss: 0.0025, Accuracy: 1135/10000 (11.35%)

Confusion Matrix:
 [[   0  980    0    0    0    0    0    0    0    0]
 [   0 1135    0    0    0    0    0    0    0    0]
 [   0 1032    0    0    0    0    0    0    0    0]
 [   0 1010    0    0    0    0    0    0    0    0]
 [   0  982    0    0    0    0    0    0    0    0]
 [   0  892    0    0    0    0    0    0    0    0]
 [   0  958    0    0    0    0    0    0    0    0]
 [   0 1028    0    0    0    0    0    0    0    0]
 [   0  974    0    0    0    0    0    0    0    0]
 [   0 1009    0    0    0    0    0    0    0    0]]
Train Epoch: 31 [0/60000 (0%)]	Loss: 2.459275
Train Epoch: 31 [6400/60000 (11%)]	Loss: 2.535221
Train Epoch: 31 [12800/60000 (21%)]	Loss: 2.440952
Train Epoch: 31 [19200/60000 (32%)]	Loss: 2.490213
Train Epoch: 31 [25600/60000 (43%)]	Loss: 2.573395
Train Epoch: 31 [32000/60000 (53%)]	Loss: 2.393023
Train Epoch: 31 [38400/60000 (64%)]	Loss: 2.530602
Train Epoch: 31 [44800/60000 (75%)]	Loss: 2.406227
Train Epoch: 31 [51200/60000 (85%)]	Loss: 2.607584
Train Epoch: 31 [57600/60000 (96%)]	Loss: 2.370569

Test set: Average loss: 0.0025, Accuracy: 1135/10000 (11.35%)

Confusion Matrix:
 [[   0  980    0    0    0    0    0    0    0    0]
 [   0 1135    0    0    0    0    0    0    0    0]
 [   0 1032    0    0    0    0    0    0    0    0]
 [   0 1010    0    0    0    0    0    0    0    0]
 [   0  982    0    0    0    0    0    0    0    0]
 [   0  892    0    0    0    0    0    0    0    0]
 [   0  958    0    0    0    0    0    0    0    0]
 [   0 1028    0    0    0    0    0    0    0    0]
 [   0  974    0    0    0    0    0    0    0    0]
 [   0 1009    0    0    0    0    0    0    0    0]]
Train Epoch: 32 [0/60000 (0%)]	Loss: 2.482009
Train Epoch: 32 [6400/60000 (11%)]	Loss: 2.511042
Train Epoch: 32 [12800/60000 (21%)]	Loss: 2.397815
Train Epoch: 32 [19200/60000 (32%)]	Loss: 2.560697
Train Epoch: 32 [25600/60000 (43%)]	Loss: 2.638612
Train Epoch: 32 [32000/60000 (53%)]	Loss: 2.574667
Train Epoch: 32 [38400/60000 (64%)]	Loss: 2.551407
Train Epoch: 32 [44800/60000 (75%)]	Loss: 2.392603
Train Epoch: 32 [51200/60000 (85%)]	Loss: 2.518184
Train Epoch: 32 [57600/60000 (96%)]	Loss: 2.564687

Test set: Average loss: 0.0025, Accuracy: 1135/10000 (11.35%)

Confusion Matrix:
 [[   0  980    0    0    0    0    0    0    0    0]
 [   0 1135    0    0    0    0    0    0    0    0]
 [   0 1032    0    0    0    0    0    0    0    0]
 [   0 1010    0    0    0    0    0    0    0    0]
 [   0  982    0    0    0    0    0    0    0    0]
 [   0  892    0    0    0    0    0    0    0    0]
 [   0  958    0    0    0    0    0    0    0    0]
 [   0 1028    0    0    0    0    0    0    0    0]
 [   0  974    0    0    0    0    0    0    0    0]
 [   0 1009    0    0    0    0    0    0    0    0]]
Train Epoch: 33 [0/60000 (0%)]	Loss: 2.545376
Train Epoch: 33 [6400/60000 (11%)]	Loss: 2.688684
Train Epoch: 33 [12800/60000 (21%)]	Loss: 2.522714
Train Epoch: 33 [19200/60000 (32%)]	Loss: 2.683772
Train Epoch: 33 [25600/60000 (43%)]	Loss: 2.513548
Train Epoch: 33 [32000/60000 (53%)]	Loss: 2.431945
Train Epoch: 33 [38400/60000 (64%)]	Loss: 2.532050
Train Epoch: 33 [44800/60000 (75%)]	Loss: 2.832022
Train Epoch: 33 [51200/60000 (85%)]	Loss: 2.654952
Train Epoch: 33 [57600/60000 (96%)]	Loss: 2.697469

Test set: Average loss: 0.0025, Accuracy: 1135/10000 (11.35%)

Confusion Matrix:
 [[   0  980    0    0    0    0    0    0    0    0]
 [   0 1135    0    0    0    0    0    0    0    0]
 [   0 1032    0    0    0    0    0    0    0    0]
 [   0 1010    0    0    0    0    0    0    0    0]
 [   0  982    0    0    0    0    0    0    0    0]
 [   0  892    0    0    0    0    0    0    0    0]
 [   0  958    0    0    0    0    0    0    0    0]
 [   0 1028    0    0    0    0    0    0    0    0]
 [   0  974    0    0    0    0    0    0    0    0]
 [   0 1009    0    0    0    0    0    0    0    0]]
Train Epoch: 34 [0/60000 (0%)]	Loss: 2.454828
Train Epoch: 34 [6400/60000 (11%)]	Loss: 2.511974
Train Epoch: 34 [12800/60000 (21%)]	Loss: 2.532960
Train Epoch: 34 [19200/60000 (32%)]	Loss: 2.605809
Train Epoch: 34 [25600/60000 (43%)]	Loss: 2.526949
Train Epoch: 34 [32000/60000 (53%)]	Loss: 2.505549
Train Epoch: 34 [38400/60000 (64%)]	Loss: 2.698364
Train Epoch: 34 [44800/60000 (75%)]	Loss: 2.589782
Train Epoch: 34 [51200/60000 (85%)]	Loss: 2.624720
Train Epoch: 34 [57600/60000 (96%)]	Loss: 2.452706

Test set: Average loss: 0.0025, Accuracy: 1135/10000 (11.35%)

Confusion Matrix:
 [[   0  980    0    0    0    0    0    0    0    0]
 [   0 1135    0    0    0    0    0    0    0    0]
 [   0 1032    0    0    0    0    0    0    0    0]
 [   0 1010    0    0    0    0    0    0    0    0]
 [   0  982    0    0    0    0    0    0    0    0]
 [   0  892    0    0    0    0    0    0    0    0]
 [   0  958    0    0    0    0    0    0    0    0]
 [   0 1028    0    0    0    0    0    0    0    0]
 [   0  974    0    0    0    0    0    0    0    0]
 [   0 1009    0    0    0    0    0    0    0    0]]
Train Epoch: 35 [0/60000 (0%)]	Loss: 2.470744
Train Epoch: 35 [6400/60000 (11%)]	Loss: 2.633205
Train Epoch: 35 [12800/60000 (21%)]	Loss: 2.632656
Train Epoch: 35 [19200/60000 (32%)]	Loss: 2.501378
Train Epoch: 35 [25600/60000 (43%)]	Loss: 2.433442
Train Epoch: 35 [32000/60000 (53%)]	Loss: 2.606517
Train Epoch: 35 [38400/60000 (64%)]	Loss: 2.576664
Train Epoch: 35 [44800/60000 (75%)]	Loss: 2.336415
Train Epoch: 35 [51200/60000 (85%)]	Loss: 2.615766
Train Epoch: 35 [57600/60000 (96%)]	Loss: 2.481270

Test set: Average loss: 0.0025, Accuracy: 1135/10000 (11.35%)

Confusion Matrix:
 [[   0  980    0    0    0    0    0    0    0    0]
 [   0 1135    0    0    0    0    0    0    0    0]
 [   0 1032    0    0    0    0    0    0    0    0]
 [   0 1010    0    0    0    0    0    0    0    0]
 [   0  982    0    0    0    0    0    0    0    0]
 [   0  892    0    0    0    0    0    0    0    0]
 [   0  958    0    0    0    0    0    0    0    0]
 [   0 1028    0    0    0    0    0    0    0    0]
 [   0  974    0    0    0    0    0    0    0    0]
 [   0 1009    0    0    0    0    0    0    0    0]]
Train Epoch: 36 [0/60000 (0%)]	Loss: 2.424238
Train Epoch: 36 [6400/60000 (11%)]	Loss: 2.535299
Train Epoch: 36 [12800/60000 (21%)]	Loss: 2.437581
Train Epoch: 36 [19200/60000 (32%)]	Loss: 2.576923
Train Epoch: 36 [25600/60000 (43%)]	Loss: 2.536251
Train Epoch: 36 [32000/60000 (53%)]	Loss: 2.368517
Train Epoch: 36 [38400/60000 (64%)]	Loss: 2.506193
Train Epoch: 36 [44800/60000 (75%)]	Loss: 2.616502
Train Epoch: 36 [51200/60000 (85%)]	Loss: 2.584024
Train Epoch: 36 [57600/60000 (96%)]	Loss: 2.590680

Test set: Average loss: 0.0025, Accuracy: 1135/10000 (11.35%)

Confusion Matrix:
 [[   0  980    0    0    0    0    0    0    0    0]
 [   0 1135    0    0    0    0    0    0    0    0]
 [   0 1032    0    0    0    0    0    0    0    0]
 [   0 1010    0    0    0    0    0    0    0    0]
 [   0  982    0    0    0    0    0    0    0    0]
 [   0  892    0    0    0    0    0    0    0    0]
 [   0  958    0    0    0    0    0    0    0    0]
 [   0 1028    0    0    0    0    0    0    0    0]
 [   0  974    0    0    0    0    0    0    0    0]
 [   0 1009    0    0    0    0    0    0    0    0]]
Train Epoch: 37 [0/60000 (0%)]	Loss: 2.400327
Train Epoch: 37 [6400/60000 (11%)]	Loss: 2.615896
Train Epoch: 37 [12800/60000 (21%)]	Loss: 2.572838
Train Epoch: 37 [19200/60000 (32%)]	Loss: 2.544198
Train Epoch: 37 [25600/60000 (43%)]	Loss: 2.489420
Train Epoch: 37 [32000/60000 (53%)]	Loss: 2.503430
Train Epoch: 37 [38400/60000 (64%)]	Loss: 2.555597
Train Epoch: 37 [44800/60000 (75%)]	Loss: 2.612505
Train Epoch: 37 [51200/60000 (85%)]	Loss: 2.567257
Train Epoch: 37 [57600/60000 (96%)]	Loss: 2.436250

Test set: Average loss: 0.0025, Accuracy: 1135/10000 (11.35%)

Confusion Matrix:
 [[   0  980    0    0    0    0    0    0    0    0]
 [   0 1135    0    0    0    0    0    0    0    0]
 [   0 1032    0    0    0    0    0    0    0    0]
 [   0 1010    0    0    0    0    0    0    0    0]
 [   0  982    0    0    0    0    0    0    0    0]
 [   0  892    0    0    0    0    0    0    0    0]
 [   0  958    0    0    0    0    0    0    0    0]
 [   0 1028    0    0    0    0    0    0    0    0]
 [   0  974    0    0    0    0    0    0    0    0]
 [   0 1009    0    0    0    0    0    0    0    0]]
Train Epoch: 38 [0/60000 (0%)]	Loss: 2.749263
Train Epoch: 38 [6400/60000 (11%)]	Loss: 2.513013
Train Epoch: 38 [12800/60000 (21%)]	Loss: 2.612101
Train Epoch: 38 [19200/60000 (32%)]	Loss: 2.551775
Train Epoch: 38 [25600/60000 (43%)]	Loss: 2.508710
Train Epoch: 38 [32000/60000 (53%)]	Loss: 2.558941
Train Epoch: 38 [38400/60000 (64%)]	Loss: 2.598789
Train Epoch: 38 [44800/60000 (75%)]	Loss: 2.576063
Train Epoch: 38 [51200/60000 (85%)]	Loss: 2.393939
Train Epoch: 38 [57600/60000 (96%)]	Loss: 2.567881

Test set: Average loss: 0.0025, Accuracy: 1135/10000 (11.35%)

Confusion Matrix:
 [[   0  980    0    0    0    0    0    0    0    0]
 [   0 1135    0    0    0    0    0    0    0    0]
 [   0 1032    0    0    0    0    0    0    0    0]
 [   0 1010    0    0    0    0    0    0    0    0]
 [   0  982    0    0    0    0    0    0    0    0]
 [   0  892    0    0    0    0    0    0    0    0]
 [   0  958    0    0    0    0    0    0    0    0]
 [   0 1028    0    0    0    0    0    0    0    0]
 [   0  974    0    0    0    0    0    0    0    0]
 [   0 1009    0    0    0    0    0    0    0    0]]
Train Epoch: 39 [0/60000 (0%)]	Loss: 2.431657
Train Epoch: 39 [6400/60000 (11%)]	Loss: 2.503579
Train Epoch: 39 [12800/60000 (21%)]	Loss: 2.444607
Train Epoch: 39 [19200/60000 (32%)]	Loss: 2.744817
Train Epoch: 39 [25600/60000 (43%)]	Loss: 2.627575
Train Epoch: 39 [32000/60000 (53%)]	Loss: 2.430195
Train Epoch: 39 [38400/60000 (64%)]	Loss: 2.470803
Train Epoch: 39 [44800/60000 (75%)]	Loss: 2.556029
Train Epoch: 39 [51200/60000 (85%)]	Loss: 2.605488
Train Epoch: 39 [57600/60000 (96%)]	Loss: 2.627979

Test set: Average loss: 0.0025, Accuracy: 1135/10000 (11.35%)

Confusion Matrix:
 [[   0  980    0    0    0    0    0    0    0    0]
 [   0 1135    0    0    0    0    0    0    0    0]
 [   0 1032    0    0    0    0    0    0    0    0]
 [   0 1010    0    0    0    0    0    0    0    0]
 [   0  982    0    0    0    0    0    0    0    0]
 [   0  892    0    0    0    0    0    0    0    0]
 [   0  958    0    0    0    0    0    0    0    0]
 [   0 1028    0    0    0    0    0    0    0    0]
 [   0  974    0    0    0    0    0    0    0    0]
 [   0 1009    0    0    0    0    0    0    0    0]]
Train Epoch: 40 [0/60000 (0%)]	Loss: 2.459829
Train Epoch: 40 [6400/60000 (11%)]	Loss: 2.506438
Train Epoch: 40 [12800/60000 (21%)]	Loss: 2.752110
Train Epoch: 40 [19200/60000 (32%)]	Loss: 2.525972
Train Epoch: 40 [25600/60000 (43%)]	Loss: 2.521501
Train Epoch: 40 [32000/60000 (53%)]	Loss: 2.629910
Train Epoch: 40 [38400/60000 (64%)]	Loss: 2.442663
Train Epoch: 40 [44800/60000 (75%)]	Loss: 2.625853
Train Epoch: 40 [51200/60000 (85%)]	Loss: 2.513834
Train Epoch: 40 [57600/60000 (96%)]	Loss: 2.400743

Test set: Average loss: 0.0025, Accuracy: 1135/10000 (11.35%)

Confusion Matrix:
 [[   0  980    0    0    0    0    0    0    0    0]
 [   0 1135    0    0    0    0    0    0    0    0]
 [   0 1032    0    0    0    0    0    0    0    0]
 [   0 1010    0    0    0    0    0    0    0    0]
 [   0  982    0    0    0    0    0    0    0    0]
 [   0  892    0    0    0    0    0    0    0    0]
 [   0  958    0    0    0    0    0    0    0    0]
 [   0 1028    0    0    0    0    0    0    0    0]
 [   0  974    0    0    0    0    0    0    0    0]
 [   0 1009    0    0    0    0    0    0    0    0]]
Train Epoch: 41 [0/60000 (0%)]	Loss: 2.484679
Train Epoch: 41 [6400/60000 (11%)]	Loss: 2.443925
Train Epoch: 41 [12800/60000 (21%)]	Loss: 2.410317
Train Epoch: 41 [19200/60000 (32%)]	Loss: 2.496070
Train Epoch: 41 [25600/60000 (43%)]	Loss: 2.559147
Train Epoch: 41 [32000/60000 (53%)]	Loss: 2.526533
Train Epoch: 41 [38400/60000 (64%)]	Loss: 2.633305
Train Epoch: 41 [44800/60000 (75%)]	Loss: 2.500021
Train Epoch: 41 [51200/60000 (85%)]	Loss: 2.656655
Train Epoch: 41 [57600/60000 (96%)]	Loss: 2.539314

Test set: Average loss: 0.0025, Accuracy: 1135/10000 (11.35%)

Confusion Matrix:
 [[   0  980    0    0    0    0    0    0    0    0]
 [   0 1135    0    0    0    0    0    0    0    0]
 [   0 1032    0    0    0    0    0    0    0    0]
 [   0 1010    0    0    0    0    0    0    0    0]
 [   0  982    0    0    0    0    0    0    0    0]
 [   0  892    0    0    0    0    0    0    0    0]
 [   0  958    0    0    0    0    0    0    0    0]
 [   0 1028    0    0    0    0    0    0    0    0]
 [   0  974    0    0    0    0    0    0    0    0]
 [   0 1009    0    0    0    0    0    0    0    0]]
Train Epoch: 42 [0/60000 (0%)]	Loss: 2.419361
Train Epoch: 42 [6400/60000 (11%)]	Loss: 2.546940
Train Epoch: 42 [12800/60000 (21%)]	Loss: 2.408169
Train Epoch: 42 [19200/60000 (32%)]	Loss: 2.391564
Train Epoch: 42 [25600/60000 (43%)]	Loss: 2.564743
Train Epoch: 42 [32000/60000 (53%)]	Loss: 2.469070
Train Epoch: 42 [38400/60000 (64%)]	Loss: 2.520375
Train Epoch: 42 [44800/60000 (75%)]	Loss: 2.577122
Train Epoch: 42 [51200/60000 (85%)]	Loss: 2.489000
Train Epoch: 42 [57600/60000 (96%)]	Loss: 2.392829

Test set: Average loss: 0.0025, Accuracy: 1135/10000 (11.35%)

Confusion Matrix:
 [[   0  980    0    0    0    0    0    0    0    0]
 [   0 1135    0    0    0    0    0    0    0    0]
 [   0 1032    0    0    0    0    0    0    0    0]
 [   0 1010    0    0    0    0    0    0    0    0]
 [   0  982    0    0    0    0    0    0    0    0]
 [   0  892    0    0    0    0    0    0    0    0]
 [   0  958    0    0    0    0    0    0    0    0]
 [   0 1028    0    0    0    0    0    0    0    0]
 [   0  974    0    0    0    0    0    0    0    0]
 [   0 1009    0    0    0    0    0    0    0    0]]
Train Epoch: 43 [0/60000 (0%)]	Loss: 2.507130
Train Epoch: 43 [6400/60000 (11%)]	Loss: 2.637309
Train Epoch: 43 [12800/60000 (21%)]	Loss: 2.455986
Train Epoch: 43 [19200/60000 (32%)]	Loss: 2.568312
Train Epoch: 43 [25600/60000 (43%)]	Loss: 2.509203
Train Epoch: 43 [32000/60000 (53%)]	Loss: 2.501120
Train Epoch: 43 [38400/60000 (64%)]	Loss: 2.601117
Train Epoch: 43 [44800/60000 (75%)]	Loss: 2.689203
Train Epoch: 43 [51200/60000 (85%)]	Loss: 2.498212
Train Epoch: 43 [57600/60000 (96%)]	Loss: 2.410727

Test set: Average loss: 0.0025, Accuracy: 1135/10000 (11.35%)

Confusion Matrix:
 [[   0  980    0    0    0    0    0    0    0    0]
 [   0 1135    0    0    0    0    0    0    0    0]
 [   0 1032    0    0    0    0    0    0    0    0]
 [   0 1010    0    0    0    0    0    0    0    0]
 [   0  982    0    0    0    0    0    0    0    0]
 [   0  892    0    0    0    0    0    0    0    0]
 [   0  958    0    0    0    0    0    0    0    0]
 [   0 1028    0    0    0    0    0    0    0    0]
 [   0  974    0    0    0    0    0    0    0    0]
 [   0 1009    0    0    0    0    0    0    0    0]]
Train Epoch: 44 [0/60000 (0%)]	Loss: 2.337030
Train Epoch: 44 [6400/60000 (11%)]	Loss: 2.435851
Train Epoch: 44 [12800/60000 (21%)]	Loss: 2.530670
Train Epoch: 44 [19200/60000 (32%)]	Loss: 2.449454
Train Epoch: 44 [25600/60000 (43%)]	Loss: 2.511968
Train Epoch: 44 [32000/60000 (53%)]	Loss: 2.648659
Train Epoch: 44 [38400/60000 (64%)]	Loss: 2.563266
Train Epoch: 44 [44800/60000 (75%)]	Loss: 2.425599
Train Epoch: 44 [51200/60000 (85%)]	Loss: 2.433768
Train Epoch: 44 [57600/60000 (96%)]	Loss: 2.476149

Test set: Average loss: 0.0025, Accuracy: 1135/10000 (11.35%)

Confusion Matrix:
 [[   0  980    0    0    0    0    0    0    0    0]
 [   0 1135    0    0    0    0    0    0    0    0]
 [   0 1032    0    0    0    0    0    0    0    0]
 [   0 1010    0    0    0    0    0    0    0    0]
 [   0  982    0    0    0    0    0    0    0    0]
 [   0  892    0    0    0    0    0    0    0    0]
 [   0  958    0    0    0    0    0    0    0    0]
 [   0 1028    0    0    0    0    0    0    0    0]
 [   0  974    0    0    0    0    0    0    0    0]
 [   0 1009    0    0    0    0    0    0    0    0]]
Train Epoch: 45 [0/60000 (0%)]	Loss: 2.582502
Train Epoch: 45 [6400/60000 (11%)]	Loss: 2.524592
Train Epoch: 45 [12800/60000 (21%)]	Loss: 2.591108
Train Epoch: 45 [19200/60000 (32%)]	Loss: 2.504239
Train Epoch: 45 [25600/60000 (43%)]	Loss: 2.708450
Train Epoch: 45 [32000/60000 (53%)]	Loss: 2.400947
Train Epoch: 45 [38400/60000 (64%)]	Loss: 2.657532
Train Epoch: 45 [44800/60000 (75%)]	Loss: 2.627019
Train Epoch: 45 [51200/60000 (85%)]	Loss: 2.576337
Train Epoch: 45 [57600/60000 (96%)]	Loss: 2.655392

Test set: Average loss: 0.0025, Accuracy: 1135/10000 (11.35%)

Confusion Matrix:
 [[   0  980    0    0    0    0    0    0    0    0]
 [   0 1135    0    0    0    0    0    0    0    0]
 [   0 1032    0    0    0    0    0    0    0    0]
 [   0 1010    0    0    0    0    0    0    0    0]
 [   0  982    0    0    0    0    0    0    0    0]
 [   0  892    0    0    0    0    0    0    0    0]
 [   0  958    0    0    0    0    0    0    0    0]
 [   0 1028    0    0    0    0    0    0    0    0]
 [   0  974    0    0    0    0    0    0    0    0]
 [   0 1009    0    0    0    0    0    0    0    0]]
Train Epoch: 46 [0/60000 (0%)]	Loss: 2.473679
Train Epoch: 46 [6400/60000 (11%)]	Loss: 2.581105
Train Epoch: 46 [12800/60000 (21%)]	Loss: 2.578713
Train Epoch: 46 [19200/60000 (32%)]	Loss: 2.435622
Train Epoch: 46 [25600/60000 (43%)]	Loss: 2.463252
Train Epoch: 46 [32000/60000 (53%)]	Loss: 2.568559
Train Epoch: 46 [38400/60000 (64%)]	Loss: 2.522875
Train Epoch: 46 [44800/60000 (75%)]	Loss: 2.586421
Train Epoch: 46 [51200/60000 (85%)]	Loss: 2.533738
Train Epoch: 46 [57600/60000 (96%)]	Loss: 2.521224

Test set: Average loss: 0.0025, Accuracy: 1135/10000 (11.35%)

Confusion Matrix:
 [[   0  980    0    0    0    0    0    0    0    0]
 [   0 1135    0    0    0    0    0    0    0    0]
 [   0 1032    0    0    0    0    0    0    0    0]
 [   0 1010    0    0    0    0    0    0    0    0]
 [   0  982    0    0    0    0    0    0    0    0]
 [   0  892    0    0    0    0    0    0    0    0]
 [   0  958    0    0    0    0    0    0    0    0]
 [   0 1028    0    0    0    0    0    0    0    0]
 [   0  974    0    0    0    0    0    0    0    0]
 [   0 1009    0    0    0    0    0    0    0    0]]
Train Epoch: 47 [0/60000 (0%)]	Loss: 2.519389
Train Epoch: 47 [6400/60000 (11%)]	Loss: 2.371985
Train Epoch: 47 [12800/60000 (21%)]	Loss: 2.613020
Train Epoch: 47 [19200/60000 (32%)]	Loss: 2.630608
Train Epoch: 47 [25600/60000 (43%)]	Loss: 2.452737
Train Epoch: 47 [32000/60000 (53%)]	Loss: 2.603562
Train Epoch: 47 [38400/60000 (64%)]	Loss: 2.385692
Train Epoch: 47 [44800/60000 (75%)]	Loss: 2.499804
Train Epoch: 47 [51200/60000 (85%)]	Loss: 2.544540
Train Epoch: 47 [57600/60000 (96%)]	Loss: 2.354204

Test set: Average loss: 0.0025, Accuracy: 1135/10000 (11.35%)

Confusion Matrix:
 [[   0  980    0    0    0    0    0    0    0    0]
 [   0 1135    0    0    0    0    0    0    0    0]
 [   0 1032    0    0    0    0    0    0    0    0]
 [   0 1010    0    0    0    0    0    0    0    0]
 [   0  982    0    0    0    0    0    0    0    0]
 [   0  892    0    0    0    0    0    0    0    0]
 [   0  958    0    0    0    0    0    0    0    0]
 [   0 1028    0    0    0    0    0    0    0    0]
 [   0  974    0    0    0    0    0    0    0    0]
 [   0 1009    0    0    0    0    0    0    0    0]]
Train Epoch: 48 [0/60000 (0%)]	Loss: 2.579400
Train Epoch: 48 [6400/60000 (11%)]	Loss: 2.516773
Train Epoch: 48 [12800/60000 (21%)]	Loss: 2.576866
Train Epoch: 48 [19200/60000 (32%)]	Loss: 2.644409
Train Epoch: 48 [25600/60000 (43%)]	Loss: 2.572785
Train Epoch: 48 [32000/60000 (53%)]	Loss: 2.318778
Train Epoch: 48 [38400/60000 (64%)]	Loss: 2.384238
Train Epoch: 48 [44800/60000 (75%)]	Loss: 2.516577
Train Epoch: 48 [51200/60000 (85%)]	Loss: 2.557245
Train Epoch: 48 [57600/60000 (96%)]	Loss: 2.477956

Test set: Average loss: 0.0025, Accuracy: 1135/10000 (11.35%)

Confusion Matrix:
 [[   0  980    0    0    0    0    0    0    0    0]
 [   0 1135    0    0    0    0    0    0    0    0]
 [   0 1032    0    0    0    0    0    0    0    0]
 [   0 1010    0    0    0    0    0    0    0    0]
 [   0  982    0    0    0    0    0    0    0    0]
 [   0  892    0    0    0    0    0    0    0    0]
 [   0  958    0    0    0    0    0    0    0    0]
 [   0 1028    0    0    0    0    0    0    0    0]
 [   0  974    0    0    0    0    0    0    0    0]
 [   0 1009    0    0    0    0    0    0    0    0]]
Train Epoch: 49 [0/60000 (0%)]	Loss: 2.511122
Train Epoch: 49 [6400/60000 (11%)]	Loss: 2.660250
Train Epoch: 49 [12800/60000 (21%)]	Loss: 2.350791
Train Epoch: 49 [19200/60000 (32%)]	Loss: 2.647693
Train Epoch: 49 [25600/60000 (43%)]	Loss: 2.522139
Train Epoch: 49 [32000/60000 (53%)]	Loss: 2.692767
Train Epoch: 49 [38400/60000 (64%)]	Loss: 2.585501
Train Epoch: 49 [44800/60000 (75%)]	Loss: 2.592211
Train Epoch: 49 [51200/60000 (85%)]	Loss: 2.593088
Train Epoch: 49 [57600/60000 (96%)]	Loss: 2.712531

Test set: Average loss: 0.0025, Accuracy: 1135/10000 (11.35%)

Confusion Matrix:
 [[   0  980    0    0    0    0    0    0    0    0]
 [   0 1135    0    0    0    0    0    0    0    0]
 [   0 1032    0    0    0    0    0    0    0    0]
 [   0 1010    0    0    0    0    0    0    0    0]
 [   0  982    0    0    0    0    0    0    0    0]
 [   0  892    0    0    0    0    0    0    0    0]
 [   0  958    0    0    0    0    0    0    0    0]
 [   0 1028    0    0    0    0    0    0    0    0]
 [   0  974    0    0    0    0    0    0    0    0]
 [   0 1009    0    0    0    0    0    0    0    0]]
Train Epoch: 50 [0/60000 (0%)]	Loss: 2.474755
Train Epoch: 50 [6400/60000 (11%)]	Loss: 2.581979
Train Epoch: 50 [12800/60000 (21%)]	Loss: 2.620947
Train Epoch: 50 [19200/60000 (32%)]	Loss: 2.650778
Train Epoch: 50 [25600/60000 (43%)]	Loss: 2.428703
Train Epoch: 50 [32000/60000 (53%)]	Loss: 2.545205
Train Epoch: 50 [38400/60000 (64%)]	Loss: 2.515738
Train Epoch: 50 [44800/60000 (75%)]	Loss: 2.548923
Train Epoch: 50 [51200/60000 (85%)]	Loss: 2.347561
Train Epoch: 50 [57600/60000 (96%)]	Loss: 2.492877

Test set: Average loss: 0.0025, Accuracy: 1135/10000 (11.35%)

Confusion Matrix:
 [[   0  980    0    0    0    0    0    0    0    0]
 [   0 1135    0    0    0    0    0    0    0    0]
 [   0 1032    0    0    0    0    0    0    0    0]
 [   0 1010    0    0    0    0    0    0    0    0]
 [   0  982    0    0    0    0    0    0    0    0]
 [   0  892    0    0    0    0    0    0    0    0]
 [   0  958    0    0    0    0    0    0    0    0]
 [   0 1028    0    0    0    0    0    0    0    0]
 [   0  974    0    0    0    0    0    0    0    0]
 [   0 1009    0    0    0    0    0    0    0    0]]
Train Epoch: 51 [0/60000 (0%)]	Loss: 2.360547
Train Epoch: 51 [6400/60000 (11%)]	Loss: 2.531576
Train Epoch: 51 [12800/60000 (21%)]	Loss: 2.569728
Train Epoch: 51 [19200/60000 (32%)]	Loss: 2.478677
Train Epoch: 51 [25600/60000 (43%)]	Loss: 2.578324
Train Epoch: 51 [32000/60000 (53%)]	Loss: 2.491328
Train Epoch: 51 [38400/60000 (64%)]	Loss: 2.558351
Train Epoch: 51 [44800/60000 (75%)]	Loss: 2.517475
Train Epoch: 51 [51200/60000 (85%)]	Loss: 2.577306
Train Epoch: 51 [57600/60000 (96%)]	Loss: 2.417733

Test set: Average loss: 0.0025, Accuracy: 1135/10000 (11.35%)

Confusion Matrix:
 [[   0  980    0    0    0    0    0    0    0    0]
 [   0 1135    0    0    0    0    0    0    0    0]
 [   0 1032    0    0    0    0    0    0    0    0]
 [   0 1010    0    0    0    0    0    0    0    0]
 [   0  982    0    0    0    0    0    0    0    0]
 [   0  892    0    0    0    0    0    0    0    0]
 [   0  958    0    0    0    0    0    0    0    0]
 [   0 1028    0    0    0    0    0    0    0    0]
 [   0  974    0    0    0    0    0    0    0    0]
 [   0 1009    0    0    0    0    0    0    0    0]]
Train Epoch: 52 [0/60000 (0%)]	Loss: 2.487067
Train Epoch: 52 [6400/60000 (11%)]	Loss: 2.683295
Train Epoch: 52 [12800/60000 (21%)]	Loss: 2.327541
Train Epoch: 52 [19200/60000 (32%)]	Loss: 2.472660
Train Epoch: 52 [25600/60000 (43%)]	Loss: 2.458366
Train Epoch: 52 [32000/60000 (53%)]	Loss: 2.406755
Train Epoch: 52 [38400/60000 (64%)]	Loss: 2.493899
Train Epoch: 52 [44800/60000 (75%)]	Loss: 2.345861
Train Epoch: 52 [51200/60000 (85%)]	Loss: 2.638367
Train Epoch: 52 [57600/60000 (96%)]	Loss: 2.486164

Test set: Average loss: 0.0025, Accuracy: 1135/10000 (11.35%)

Confusion Matrix:
 [[   0  980    0    0    0    0    0    0    0    0]
 [   0 1135    0    0    0    0    0    0    0    0]
 [   0 1032    0    0    0    0    0    0    0    0]
 [   0 1010    0    0    0    0    0    0    0    0]
 [   0  982    0    0    0    0    0    0    0    0]
 [   0  892    0    0    0    0    0    0    0    0]
 [   0  958    0    0    0    0    0    0    0    0]
 [   0 1028    0    0    0    0    0    0    0    0]
 [   0  974    0    0    0    0    0    0    0    0]
 [   0 1009    0    0    0    0    0    0    0    0]]
Train Epoch: 53 [0/60000 (0%)]	Loss: 2.702335
Train Epoch: 53 [6400/60000 (11%)]	Loss: 2.503061
Train Epoch: 53 [12800/60000 (21%)]	Loss: 2.549848
Train Epoch: 53 [19200/60000 (32%)]	Loss: 2.648549
Train Epoch: 53 [25600/60000 (43%)]	Loss: 2.643688
Train Epoch: 53 [32000/60000 (53%)]	Loss: 2.747011
Train Epoch: 53 [38400/60000 (64%)]	Loss: 2.665137
Train Epoch: 53 [44800/60000 (75%)]	Loss: 2.398962
Train Epoch: 53 [51200/60000 (85%)]	Loss: 2.542230
Train Epoch: 53 [57600/60000 (96%)]	Loss: 2.740284

Test set: Average loss: 0.0025, Accuracy: 1135/10000 (11.35%)

Confusion Matrix:
 [[   0  980    0    0    0    0    0    0    0    0]
 [   0 1135    0    0    0    0    0    0    0    0]
 [   0 1032    0    0    0    0    0    0    0    0]
 [   0 1010    0    0    0    0    0    0    0    0]
 [   0  982    0    0    0    0    0    0    0    0]
 [   0  892    0    0    0    0    0    0    0    0]
 [   0  958    0    0    0    0    0    0    0    0]
 [   0 1028    0    0    0    0    0    0    0    0]
 [   0  974    0    0    0    0    0    0    0    0]
 [   0 1009    0    0    0    0    0    0    0    0]]
Train Epoch: 54 [0/60000 (0%)]	Loss: 2.647800
Train Epoch: 54 [6400/60000 (11%)]	Loss: 2.610245
Train Epoch: 54 [12800/60000 (21%)]	Loss: 2.477952
Train Epoch: 54 [19200/60000 (32%)]	Loss: 2.421305
Train Epoch: 54 [25600/60000 (43%)]	Loss: 2.693166
Train Epoch: 54 [32000/60000 (53%)]	Loss: 2.606772
Train Epoch: 54 [38400/60000 (64%)]	Loss: 2.402817
Train Epoch: 54 [44800/60000 (75%)]	Loss: 2.428059
Train Epoch: 54 [51200/60000 (85%)]	Loss: 2.467768
Train Epoch: 54 [57600/60000 (96%)]	Loss: 2.604259

Test set: Average loss: 0.0025, Accuracy: 1135/10000 (11.35%)

Confusion Matrix:
 [[   0  980    0    0    0    0    0    0    0    0]
 [   0 1135    0    0    0    0    0    0    0    0]
 [   0 1032    0    0    0    0    0    0    0    0]
 [   0 1010    0    0    0    0    0    0    0    0]
 [   0  982    0    0    0    0    0    0    0    0]
 [   0  892    0    0    0    0    0    0    0    0]
 [   0  958    0    0    0    0    0    0    0    0]
 [   0 1028    0    0    0    0    0    0    0    0]
 [   0  974    0    0    0    0    0    0    0    0]
 [   0 1009    0    0    0    0    0    0    0    0]]
Train Epoch: 55 [0/60000 (0%)]	Loss: 2.488608
Train Epoch: 55 [6400/60000 (11%)]	Loss: 2.524471
Train Epoch: 55 [12800/60000 (21%)]	Loss: 2.589649
Train Epoch: 55 [19200/60000 (32%)]	Loss: 2.651300
Train Epoch: 55 [25600/60000 (43%)]	Loss: 2.518363
Train Epoch: 55 [32000/60000 (53%)]	Loss: 2.486668
Train Epoch: 55 [38400/60000 (64%)]	Loss: 2.313981
Train Epoch: 55 [44800/60000 (75%)]	Loss: 2.547387
Train Epoch: 55 [51200/60000 (85%)]	Loss: 2.466303
Train Epoch: 55 [57600/60000 (96%)]	Loss: 2.542920

Test set: Average loss: 0.0025, Accuracy: 1135/10000 (11.35%)

Confusion Matrix:
 [[   0  980    0    0    0    0    0    0    0    0]
 [   0 1135    0    0    0    0    0    0    0    0]
 [   0 1032    0    0    0    0    0    0    0    0]
 [   0 1010    0    0    0    0    0    0    0    0]
 [   0  982    0    0    0    0    0    0    0    0]
 [   0  892    0    0    0    0    0    0    0    0]
 [   0  958    0    0    0    0    0    0    0    0]
 [   0 1028    0    0    0    0    0    0    0    0]
 [   0  974    0    0    0    0    0    0    0    0]
 [   0 1009    0    0    0    0    0    0    0    0]]
Train Epoch: 56 [0/60000 (0%)]	Loss: 2.364208
Train Epoch: 56 [6400/60000 (11%)]	Loss: 2.468974
Train Epoch: 56 [12800/60000 (21%)]	Loss: 2.548286
Train Epoch: 56 [19200/60000 (32%)]	Loss: 2.526157
Train Epoch: 56 [25600/60000 (43%)]	Loss: 2.559347
Train Epoch: 56 [32000/60000 (53%)]	Loss: 2.400874
Train Epoch: 56 [38400/60000 (64%)]	Loss: 2.471130
Train Epoch: 56 [44800/60000 (75%)]	Loss: 2.442350
Train Epoch: 56 [51200/60000 (85%)]	Loss: 2.468434
Train Epoch: 56 [57600/60000 (96%)]	Loss: 2.269028

Test set: Average loss: 0.0025, Accuracy: 1135/10000 (11.35%)

Confusion Matrix:
 [[   0  980    0    0    0    0    0    0    0    0]
 [   0 1135    0    0    0    0    0    0    0    0]
 [   0 1032    0    0    0    0    0    0    0    0]
 [   0 1010    0    0    0    0    0    0    0    0]
 [   0  982    0    0    0    0    0    0    0    0]
 [   0  892    0    0    0    0    0    0    0    0]
 [   0  958    0    0    0    0    0    0    0    0]
 [   0 1028    0    0    0    0    0    0    0    0]
 [   0  974    0    0    0    0    0    0    0    0]
 [   0 1009    0    0    0    0    0    0    0    0]]
Train Epoch: 57 [0/60000 (0%)]	Loss: 2.661076
Train Epoch: 57 [6400/60000 (11%)]	Loss: 2.546393
Train Epoch: 57 [12800/60000 (21%)]	Loss: 2.477333
Train Epoch: 57 [19200/60000 (32%)]	Loss: 2.533339
Train Epoch: 57 [25600/60000 (43%)]	Loss: 2.332707
Train Epoch: 57 [32000/60000 (53%)]	Loss: 2.539987
Train Epoch: 57 [38400/60000 (64%)]	Loss: 2.507714
Train Epoch: 57 [44800/60000 (75%)]	Loss: 2.469663
Train Epoch: 57 [51200/60000 (85%)]	Loss: 2.585210
Train Epoch: 57 [57600/60000 (96%)]	Loss: 2.432632

Test set: Average loss: 0.0025, Accuracy: 1135/10000 (11.35%)

Confusion Matrix:
 [[   0  980    0    0    0    0    0    0    0    0]
 [   0 1135    0    0    0    0    0    0    0    0]
 [   0 1032    0    0    0    0    0    0    0    0]
 [   0 1010    0    0    0    0    0    0    0    0]
 [   0  982    0    0    0    0    0    0    0    0]
 [   0  892    0    0    0    0    0    0    0    0]
 [   0  958    0    0    0    0    0    0    0    0]
 [   0 1028    0    0    0    0    0    0    0    0]
 [   0  974    0    0    0    0    0    0    0    0]
 [   0 1009    0    0    0    0    0    0    0    0]]
Train Epoch: 58 [0/60000 (0%)]	Loss: 2.477528
Train Epoch: 58 [6400/60000 (11%)]	Loss: 2.620928
Train Epoch: 58 [12800/60000 (21%)]	Loss: 2.412276
Train Epoch: 58 [19200/60000 (32%)]	Loss: 2.505359
Train Epoch: 58 [25600/60000 (43%)]	Loss: 2.605870
Train Epoch: 58 [32000/60000 (53%)]	Loss: 2.571756
Train Epoch: 58 [38400/60000 (64%)]	Loss: 2.634871
Train Epoch: 58 [44800/60000 (75%)]	Loss: 2.451922
Train Epoch: 58 [51200/60000 (85%)]	Loss: 2.368469
Train Epoch: 58 [57600/60000 (96%)]	Loss: 2.669272

Test set: Average loss: 0.0025, Accuracy: 1135/10000 (11.35%)

Confusion Matrix:
 [[   0  980    0    0    0    0    0    0    0    0]
 [   0 1135    0    0    0    0    0    0    0    0]
 [   0 1032    0    0    0    0    0    0    0    0]
 [   0 1010    0    0    0    0    0    0    0    0]
 [   0  982    0    0    0    0    0    0    0    0]
 [   0  892    0    0    0    0    0    0    0    0]
 [   0  958    0    0    0    0    0    0    0    0]
 [   0 1028    0    0    0    0    0    0    0    0]
 [   0  974    0    0    0    0    0    0    0    0]
 [   0 1009    0    0    0    0    0    0    0    0]]
Train Epoch: 59 [0/60000 (0%)]	Loss: 2.694418
Train Epoch: 59 [6400/60000 (11%)]	Loss: 2.449087
Train Epoch: 59 [12800/60000 (21%)]	Loss: 2.402072
Train Epoch: 59 [19200/60000 (32%)]	Loss: 2.598805
Train Epoch: 59 [25600/60000 (43%)]	Loss: 2.565734
Train Epoch: 59 [32000/60000 (53%)]	Loss: 2.611974
Train Epoch: 59 [38400/60000 (64%)]	Loss: 2.535058
Train Epoch: 59 [44800/60000 (75%)]	Loss: 2.564008
Train Epoch: 59 [51200/60000 (85%)]	Loss: 2.566373
Train Epoch: 59 [57600/60000 (96%)]	Loss: 2.676029

Test set: Average loss: 0.0025, Accuracy: 1135/10000 (11.35%)

Confusion Matrix:
 [[   0  980    0    0    0    0    0    0    0    0]
 [   0 1135    0    0    0    0    0    0    0    0]
 [   0 1032    0    0    0    0    0    0    0    0]
 [   0 1010    0    0    0    0    0    0    0    0]
 [   0  982    0    0    0    0    0    0    0    0]
 [   0  892    0    0    0    0    0    0    0    0]
 [   0  958    0    0    0    0    0    0    0    0]
 [   0 1028    0    0    0    0    0    0    0    0]
 [   0  974    0    0    0    0    0    0    0    0]
 [   0 1009    0    0    0    0    0    0    0    0]]
Train Epoch: 60 [0/60000 (0%)]	Loss: 2.496774
Train Epoch: 60 [6400/60000 (11%)]	Loss: 2.700867
Train Epoch: 60 [12800/60000 (21%)]	Loss: 2.544358
Train Epoch: 60 [19200/60000 (32%)]	Loss: 2.516237
Train Epoch: 60 [25600/60000 (43%)]	Loss: 2.652115
Train Epoch: 60 [32000/60000 (53%)]	Loss: 2.464677
Train Epoch: 60 [38400/60000 (64%)]	Loss: 2.629962
Train Epoch: 60 [44800/60000 (75%)]	Loss: 2.574847
Train Epoch: 60 [51200/60000 (85%)]	Loss: 2.536594
Train Epoch: 60 [57600/60000 (96%)]	Loss: 2.622626

Test set: Average loss: 0.0025, Accuracy: 1135/10000 (11.35%)

Confusion Matrix:
 [[   0  980    0    0    0    0    0    0    0    0]
 [   0 1135    0    0    0    0    0    0    0    0]
 [   0 1032    0    0    0    0    0    0    0    0]
 [   0 1010    0    0    0    0    0    0    0    0]
 [   0  982    0    0    0    0    0    0    0    0]
 [   0  892    0    0    0    0    0    0    0    0]
 [   0  958    0    0    0    0    0    0    0    0]
 [   0 1028    0    0    0    0    0    0    0    0]
 [   0  974    0    0    0    0    0    0    0    0]
 [   0 1009    0    0    0    0    0    0    0    0]]
Train Epoch: 61 [0/60000 (0%)]	Loss: 2.516702
Train Epoch: 61 [6400/60000 (11%)]	Loss: 2.565429
Train Epoch: 61 [12800/60000 (21%)]	Loss: 2.512913
Train Epoch: 61 [19200/60000 (32%)]	Loss: 2.600580
Train Epoch: 61 [25600/60000 (43%)]	Loss: 2.576394
Train Epoch: 61 [32000/60000 (53%)]	Loss: 2.559500
Train Epoch: 61 [38400/60000 (64%)]	Loss: 2.514828
Train Epoch: 61 [44800/60000 (75%)]	Loss: 2.561657
Train Epoch: 61 [51200/60000 (85%)]	Loss: 2.549335
Train Epoch: 61 [57600/60000 (96%)]	Loss: 2.368120

Test set: Average loss: 0.0025, Accuracy: 1135/10000 (11.35%)

Confusion Matrix:
 [[   0  980    0    0    0    0    0    0    0    0]
 [   0 1135    0    0    0    0    0    0    0    0]
 [   0 1032    0    0    0    0    0    0    0    0]
 [   0 1010    0    0    0    0    0    0    0    0]
 [   0  982    0    0    0    0    0    0    0    0]
 [   0  892    0    0    0    0    0    0    0    0]
 [   0  958    0    0    0    0    0    0    0    0]
 [   0 1028    0    0    0    0    0    0    0    0]
 [   0  974    0    0    0    0    0    0    0    0]
 [   0 1009    0    0    0    0    0    0    0    0]]
Train Epoch: 62 [0/60000 (0%)]	Loss: 2.521788
Train Epoch: 62 [6400/60000 (11%)]	Loss: 2.511462
Train Epoch: 62 [12800/60000 (21%)]	Loss: 2.568414
Train Epoch: 62 [19200/60000 (32%)]	Loss: 2.479997
Train Epoch: 62 [25600/60000 (43%)]	Loss: 2.431658
Train Epoch: 62 [32000/60000 (53%)]	Loss: 2.686295
Train Epoch: 62 [38400/60000 (64%)]	Loss: 2.443469
Train Epoch: 62 [44800/60000 (75%)]	Loss: 2.541209
Train Epoch: 62 [51200/60000 (85%)]	Loss: 2.412061
Train Epoch: 62 [57600/60000 (96%)]	Loss: 2.405181

Test set: Average loss: 0.0025, Accuracy: 1135/10000 (11.35%)

Confusion Matrix:
 [[   0  980    0    0    0    0    0    0    0    0]
 [   0 1135    0    0    0    0    0    0    0    0]
 [   0 1032    0    0    0    0    0    0    0    0]
 [   0 1010    0    0    0    0    0    0    0    0]
 [   0  982    0    0    0    0    0    0    0    0]
 [   0  892    0    0    0    0    0    0    0    0]
 [   0  958    0    0    0    0    0    0    0    0]
 [   0 1028    0    0    0    0    0    0    0    0]
 [   0  974    0    0    0    0    0    0    0    0]
 [   0 1009    0    0    0    0    0    0    0    0]]
Train Epoch: 63 [0/60000 (0%)]	Loss: 2.630585
Train Epoch: 63 [6400/60000 (11%)]	Loss: 2.409238
Train Epoch: 63 [12800/60000 (21%)]	Loss: 2.486167
Train Epoch: 63 [19200/60000 (32%)]	Loss: 2.594922
Train Epoch: 63 [25600/60000 (43%)]	Loss: 2.593058
Train Epoch: 63 [32000/60000 (53%)]	Loss: 2.445865
Train Epoch: 63 [38400/60000 (64%)]	Loss: 2.502846
Train Epoch: 63 [44800/60000 (75%)]	Loss: 2.630340
Train Epoch: 63 [51200/60000 (85%)]	Loss: 2.506732
Train Epoch: 63 [57600/60000 (96%)]	Loss: 2.413170

Test set: Average loss: 0.0025, Accuracy: 1135/10000 (11.35%)

Confusion Matrix:
 [[   0  980    0    0    0    0    0    0    0    0]
 [   0 1135    0    0    0    0    0    0    0    0]
 [   0 1032    0    0    0    0    0    0    0    0]
 [   0 1010    0    0    0    0    0    0    0    0]
 [   0  982    0    0    0    0    0    0    0    0]
 [   0  892    0    0    0    0    0    0    0    0]
 [   0  958    0    0    0    0    0    0    0    0]
 [   0 1028    0    0    0    0    0    0    0    0]
 [   0  974    0    0    0    0    0    0    0    0]
 [   0 1009    0    0    0    0    0    0    0    0]]
Train Epoch: 64 [0/60000 (0%)]	Loss: 2.627696
Train Epoch: 64 [6400/60000 (11%)]	Loss: 2.436231
Train Epoch: 64 [12800/60000 (21%)]	Loss: 2.406416
Train Epoch: 64 [19200/60000 (32%)]	Loss: 2.423932
Train Epoch: 64 [25600/60000 (43%)]	Loss: 2.360154
Train Epoch: 64 [32000/60000 (53%)]	Loss: 2.478993
Train Epoch: 64 [38400/60000 (64%)]	Loss: 2.578200
Train Epoch: 64 [44800/60000 (75%)]	Loss: 2.562058
Train Epoch: 64 [51200/60000 (85%)]	Loss: 2.553261
Train Epoch: 64 [57600/60000 (96%)]	Loss: 2.567554

Test set: Average loss: 0.0025, Accuracy: 1135/10000 (11.35%)

Confusion Matrix:
 [[   0  980    0    0    0    0    0    0    0    0]
 [   0 1135    0    0    0    0    0    0    0    0]
 [   0 1032    0    0    0    0    0    0    0    0]
 [   0 1010    0    0    0    0    0    0    0    0]
 [   0  982    0    0    0    0    0    0    0    0]
 [   0  892    0    0    0    0    0    0    0    0]
 [   0  958    0    0    0    0    0    0    0    0]
 [   0 1028    0    0    0    0    0    0    0    0]
 [   0  974    0    0    0    0    0    0    0    0]
 [   0 1009    0    0    0    0    0    0    0    0]]
Train Epoch: 65 [0/60000 (0%)]	Loss: 2.661777
Train Epoch: 65 [6400/60000 (11%)]	Loss: 2.437382
Train Epoch: 65 [12800/60000 (21%)]	Loss: 2.490535
Train Epoch: 65 [19200/60000 (32%)]	Loss: 2.622028
Train Epoch: 65 [25600/60000 (43%)]	Loss: 2.469395
Train Epoch: 65 [32000/60000 (53%)]	Loss: 2.596205
Train Epoch: 65 [38400/60000 (64%)]	Loss: 2.404311
Train Epoch: 65 [44800/60000 (75%)]	Loss: 2.361709
Train Epoch: 65 [51200/60000 (85%)]	Loss: 2.461437
Train Epoch: 65 [57600/60000 (96%)]	Loss: 2.512384

Test set: Average loss: 0.0025, Accuracy: 1135/10000 (11.35%)

Confusion Matrix:
 [[   0  980    0    0    0    0    0    0    0    0]
 [   0 1135    0    0    0    0    0    0    0    0]
 [   0 1032    0    0    0    0    0    0    0    0]
 [   0 1010    0    0    0    0    0    0    0    0]
 [   0  982    0    0    0    0    0    0    0    0]
 [   0  892    0    0    0    0    0    0    0    0]
 [   0  958    0    0    0    0    0    0    0    0]
 [   0 1028    0    0    0    0    0    0    0    0]
 [   0  974    0    0    0    0    0    0    0    0]
 [   0 1009    0    0    0    0    0    0    0    0]]
Train Epoch: 66 [0/60000 (0%)]	Loss: 2.409488
Train Epoch: 66 [6400/60000 (11%)]	Loss: 2.680758
Train Epoch: 66 [12800/60000 (21%)]	Loss: 2.509080
Train Epoch: 66 [19200/60000 (32%)]	Loss: 2.462434
Train Epoch: 66 [25600/60000 (43%)]	Loss: 2.654158
Train Epoch: 66 [32000/60000 (53%)]	Loss: 2.330739
Train Epoch: 66 [38400/60000 (64%)]	Loss: 2.535934
Train Epoch: 66 [44800/60000 (75%)]	Loss: 2.452764
Train Epoch: 66 [51200/60000 (85%)]	Loss: 2.652612
Train Epoch: 66 [57600/60000 (96%)]	Loss: 2.472354

Test set: Average loss: 0.0025, Accuracy: 1135/10000 (11.35%)

Confusion Matrix:
 [[   0  980    0    0    0    0    0    0    0    0]
 [   0 1135    0    0    0    0    0    0    0    0]
 [   0 1032    0    0    0    0    0    0    0    0]
 [   0 1010    0    0    0    0    0    0    0    0]
 [   0  982    0    0    0    0    0    0    0    0]
 [   0  892    0    0    0    0    0    0    0    0]
 [   0  958    0    0    0    0    0    0    0    0]
 [   0 1028    0    0    0    0    0    0    0    0]
 [   0  974    0    0    0    0    0    0    0    0]
 [   0 1009    0    0    0    0    0    0    0    0]]
Train Epoch: 67 [0/60000 (0%)]	Loss: 2.435498
Train Epoch: 67 [6400/60000 (11%)]	Loss: 2.461293
Train Epoch: 67 [12800/60000 (21%)]	Loss: 2.389792
Train Epoch: 67 [19200/60000 (32%)]	Loss: 2.585481
Train Epoch: 67 [25600/60000 (43%)]	Loss: 2.592499
Train Epoch: 67 [32000/60000 (53%)]	Loss: 2.512099
Train Epoch: 67 [38400/60000 (64%)]	Loss: 2.510753
Train Epoch: 67 [44800/60000 (75%)]	Loss: 2.432813
Train Epoch: 67 [51200/60000 (85%)]	Loss: 2.424107
Train Epoch: 67 [57600/60000 (96%)]	Loss: 2.383801

Test set: Average loss: 0.0025, Accuracy: 1135/10000 (11.35%)

Confusion Matrix:
 [[   0  980    0    0    0    0    0    0    0    0]
 [   0 1135    0    0    0    0    0    0    0    0]
 [   0 1032    0    0    0    0    0    0    0    0]
 [   0 1010    0    0    0    0    0    0    0    0]
 [   0  982    0    0    0    0    0    0    0    0]
 [   0  892    0    0    0    0    0    0    0    0]
 [   0  958    0    0    0    0    0    0    0    0]
 [   0 1028    0    0    0    0    0    0    0    0]
 [   0  974    0    0    0    0    0    0    0    0]
 [   0 1009    0    0    0    0    0    0    0    0]]
Train Epoch: 68 [0/60000 (0%)]	Loss: 2.576596
Train Epoch: 68 [6400/60000 (11%)]	Loss: 2.325971
Train Epoch: 68 [12800/60000 (21%)]	Loss: 2.422730
Train Epoch: 68 [19200/60000 (32%)]	Loss: 2.558545
Train Epoch: 68 [25600/60000 (43%)]	Loss: 2.425600
Train Epoch: 68 [32000/60000 (53%)]	Loss: 2.253264
Train Epoch: 68 [38400/60000 (64%)]	Loss: 2.523495
Train Epoch: 68 [44800/60000 (75%)]	Loss: 2.555862
Train Epoch: 68 [51200/60000 (85%)]	Loss: 2.522270
Train Epoch: 68 [57600/60000 (96%)]	Loss: 2.487329

Test set: Average loss: 0.0025, Accuracy: 1135/10000 (11.35%)

Confusion Matrix:
 [[   0  980    0    0    0    0    0    0    0    0]
 [   0 1135    0    0    0    0    0    0    0    0]
 [   0 1032    0    0    0    0    0    0    0    0]
 [   0 1010    0    0    0    0    0    0    0    0]
 [   0  981    1    0    0    0    0    0    0    0]
 [   0  892    0    0    0    0    0    0    0    0]
 [   0  958    0    0    0    0    0    0    0    0]
 [   0 1028    0    0    0    0    0    0    0    0]
 [   0  974    0    0    0    0    0    0    0    0]
 [   0 1009    0    0    0    0    0    0    0    0]]
Train Epoch: 69 [0/60000 (0%)]	Loss: 2.561565
Train Epoch: 69 [6400/60000 (11%)]	Loss: 2.566118
Train Epoch: 69 [12800/60000 (21%)]	Loss: 2.566545
Train Epoch: 69 [19200/60000 (32%)]	Loss: 2.459847
Train Epoch: 69 [25600/60000 (43%)]	Loss: 2.435983
Train Epoch: 69 [32000/60000 (53%)]	Loss: 2.479641
Train Epoch: 69 [38400/60000 (64%)]	Loss: 2.429976
Train Epoch: 69 [44800/60000 (75%)]	Loss: 2.532057
Train Epoch: 69 [51200/60000 (85%)]	Loss: 2.578908
Train Epoch: 69 [57600/60000 (96%)]	Loss: 2.541996

Test set: Average loss: 0.0025, Accuracy: 1135/10000 (11.35%)

Confusion Matrix:
 [[   0  980    0    0    0    0    0    0    0    0]
 [   0 1135    0    0    0    0    0    0    0    0]
 [   0 1032    0    0    0    0    0    0    0    0]
 [   0 1010    0    0    0    0    0    0    0    0]
 [   0  982    0    0    0    0    0    0    0    0]
 [   0  892    0    0    0    0    0    0    0    0]
 [   0  958    0    0    0    0    0    0    0    0]
 [   0 1028    0    0    0    0    0    0    0    0]
 [   0  974    0    0    0    0    0    0    0    0]
 [   0 1009    0    0    0    0    0    0    0    0]]
Train Epoch: 70 [0/60000 (0%)]	Loss: 2.427721
Train Epoch: 70 [6400/60000 (11%)]	Loss: 2.488932
Train Epoch: 70 [12800/60000 (21%)]	Loss: 2.453611
Train Epoch: 70 [19200/60000 (32%)]	Loss: 2.488258
Train Epoch: 70 [25600/60000 (43%)]	Loss: 2.312722
Train Epoch: 70 [32000/60000 (53%)]	Loss: 2.603425
Train Epoch: 70 [38400/60000 (64%)]	Loss: 2.463166
Train Epoch: 70 [44800/60000 (75%)]	Loss: 2.418090
Train Epoch: 70 [51200/60000 (85%)]	Loss: 2.499713
Train Epoch: 70 [57600/60000 (96%)]	Loss: 2.513846

Test set: Average loss: 0.0025, Accuracy: 1135/10000 (11.35%)

Confusion Matrix:
 [[   0  980    0    0    0    0    0    0    0    0]
 [   0 1135    0    0    0    0    0    0    0    0]
 [   0 1032    0    0    0    0    0    0    0    0]
 [   0 1010    0    0    0    0    0    0    0    0]
 [   0  982    0    0    0    0    0    0    0    0]
 [   0  892    0    0    0    0    0    0    0    0]
 [   0  958    0    0    0    0    0    0    0    0]
 [   0 1028    0    0    0    0    0    0    0    0]
 [   0  974    0    0    0    0    0    0    0    0]
 [   0 1009    0    0    0    0    0    0    0    0]]
Train Epoch: 71 [0/60000 (0%)]	Loss: 2.441776
Train Epoch: 71 [6400/60000 (11%)]	Loss: 2.609491
Train Epoch: 71 [12800/60000 (21%)]	Loss: 2.621011
Train Epoch: 71 [19200/60000 (32%)]	Loss: 2.568996
Train Epoch: 71 [25600/60000 (43%)]	Loss: 2.484646
Train Epoch: 71 [32000/60000 (53%)]	Loss: 2.480826
Train Epoch: 71 [38400/60000 (64%)]	Loss: 2.580718
Train Epoch: 71 [44800/60000 (75%)]	Loss: 2.413644
Train Epoch: 71 [51200/60000 (85%)]	Loss: 2.488218
Train Epoch: 71 [57600/60000 (96%)]	Loss: 2.395175

Test set: Average loss: 0.0025, Accuracy: 1135/10000 (11.35%)

Confusion Matrix:
 [[   0  980    0    0    0    0    0    0    0    0]
 [   0 1135    0    0    0    0    0    0    0    0]
 [   0 1032    0    0    0    0    0    0    0    0]
 [   0 1010    0    0    0    0    0    0    0    0]
 [   0  982    0    0    0    0    0    0    0    0]
 [   0  892    0    0    0    0    0    0    0    0]
 [   0  958    0    0    0    0    0    0    0    0]
 [   0 1028    0    0    0    0    0    0    0    0]
 [   0  974    0    0    0    0    0    0    0    0]
 [   0 1009    0    0    0    0    0    0    0    0]]
Train Epoch: 72 [0/60000 (0%)]	Loss: 2.384790
Train Epoch: 72 [6400/60000 (11%)]	Loss: 2.562556
Train Epoch: 72 [12800/60000 (21%)]	Loss: 2.626585
Train Epoch: 72 [19200/60000 (32%)]	Loss: 2.531596
Train Epoch: 72 [25600/60000 (43%)]	Loss: 2.507439
Train Epoch: 72 [32000/60000 (53%)]	Loss: 2.214844
Train Epoch: 72 [38400/60000 (64%)]	Loss: 2.562102
Train Epoch: 72 [44800/60000 (75%)]	Loss: 2.397666
Train Epoch: 72 [51200/60000 (85%)]	Loss: 2.549067
Train Epoch: 72 [57600/60000 (96%)]	Loss: 2.406400

Test set: Average loss: 0.0025, Accuracy: 1135/10000 (11.35%)

Confusion Matrix:
 [[   0  980    0    0    0    0    0    0    0    0]
 [   0 1135    0    0    0    0    0    0    0    0]
 [   0 1032    0    0    0    0    0    0    0    0]
 [   0 1010    0    0    0    0    0    0    0    0]
 [   0  982    0    0    0    0    0    0    0    0]
 [   0  892    0    0    0    0    0    0    0    0]
 [   0  958    0    0    0    0    0    0    0    0]
 [   0 1028    0    0    0    0    0    0    0    0]
 [   0  974    0    0    0    0    0    0    0    0]
 [   0 1009    0    0    0    0    0    0    0    0]]
Train Epoch: 73 [0/60000 (0%)]	Loss: 2.407997
Train Epoch: 73 [6400/60000 (11%)]	Loss: 2.543778
Train Epoch: 73 [12800/60000 (21%)]	Loss: 2.560459
Train Epoch: 73 [19200/60000 (32%)]	Loss: 2.507713
Train Epoch: 73 [25600/60000 (43%)]	Loss: 2.580951
Train Epoch: 73 [32000/60000 (53%)]	Loss: 2.528661
Train Epoch: 73 [38400/60000 (64%)]	Loss: 2.383780
Train Epoch: 73 [44800/60000 (75%)]	Loss: 2.489286
Train Epoch: 73 [51200/60000 (85%)]	Loss: 2.446957
Train Epoch: 73 [57600/60000 (96%)]	Loss: 2.429314

Test set: Average loss: 0.0025, Accuracy: 1135/10000 (11.35%)

Confusion Matrix:
 [[   0  980    0    0    0    0    0    0    0    0]
 [   0 1135    0    0    0    0    0    0    0    0]
 [   0 1032    0    0    0    0    0    0    0    0]
 [   0 1010    0    0    0    0    0    0    0    0]
 [   0  982    0    0    0    0    0    0    0    0]
 [   0  892    0    0    0    0    0    0    0    0]
 [   0  958    0    0    0    0    0    0    0    0]
 [   0 1028    0    0    0    0    0    0    0    0]
 [   0  974    0    0    0    0    0    0    0    0]
 [   0 1009    0    0    0    0    0    0    0    0]]
Train Epoch: 74 [0/60000 (0%)]	Loss: 2.569972
Train Epoch: 74 [6400/60000 (11%)]	Loss: 2.432259
Train Epoch: 74 [12800/60000 (21%)]	Loss: 2.479540
Train Epoch: 74 [19200/60000 (32%)]	Loss: 2.425364
Train Epoch: 74 [25600/60000 (43%)]	Loss: 2.415211
Train Epoch: 74 [32000/60000 (53%)]	Loss: 2.526241
Train Epoch: 74 [38400/60000 (64%)]	Loss: 2.569918
Train Epoch: 74 [44800/60000 (75%)]	Loss: 2.521515
Train Epoch: 74 [51200/60000 (85%)]	Loss: 2.464761
Train Epoch: 74 [57600/60000 (96%)]	Loss: 2.421848

Test set: Average loss: 0.0025, Accuracy: 1135/10000 (11.35%)

Confusion Matrix:
 [[   0  980    0    0    0    0    0    0    0    0]
 [   0 1135    0    0    0    0    0    0    0    0]
 [   0 1032    0    0    0    0    0    0    0    0]
 [   0 1010    0    0    0    0    0    0    0    0]
 [   0  982    0    0    0    0    0    0    0    0]
 [   0  892    0    0    0    0    0    0    0    0]
 [   0  958    0    0    0    0    0    0    0    0]
 [   0 1028    0    0    0    0    0    0    0    0]
 [   0  974    0    0    0    0    0    0    0    0]
 [   0 1009    0    0    0    0    0    0    0    0]]
Train Epoch: 75 [0/60000 (0%)]	Loss: 2.576898
Train Epoch: 75 [6400/60000 (11%)]	Loss: 2.584780
Train Epoch: 75 [12800/60000 (21%)]	Loss: 2.535725
Train Epoch: 75 [19200/60000 (32%)]	Loss: 2.505270
Train Epoch: 75 [25600/60000 (43%)]	Loss: 2.412993
Train Epoch: 75 [32000/60000 (53%)]	Loss: 2.507562
Train Epoch: 75 [38400/60000 (64%)]	Loss: 2.584931
Train Epoch: 75 [44800/60000 (75%)]	Loss: 2.692640
Train Epoch: 75 [51200/60000 (85%)]	Loss: 2.358171
Train Epoch: 75 [57600/60000 (96%)]	Loss: 2.419129
